[2017-04-25 14:49:52.823] [INFO] guilin - [32m[e:\zipai\zipai_server\game-server\app\dao\mysql\dao-pool.js] [39m
	 *** New connection established with the database. ***
[2017-04-25 14:49:52.825] [INFO] guilin - [32m[e:\zipai\zipai_server\game-server\app\dao\mysql\dao-pool.js] [39m
	 *** New connection established with the database. ***
[2017-04-25 14:53:45.560] [INFO] guilin - [32m[e:\zipai\zipai_server\game-server\app\dao\mysql\dao-pool.js] [39m
	 *** New connection established with the database. ***
[2017-04-25 14:53:45.587] [INFO] guilin - [32m[e:\zipai\zipai_server\game-server\app\dao\mysql\dao-pool.js] [39m
	 *** New connection established with the database. ***
[2017-04-25 14:54:29.201] [INFO] guilin - [32m[e:\zipai\zipai_server\game-server\app\dao\mysql\dao-pool.js] [39m
	 *** New connection established with the database. ***
[2017-04-25 14:54:29.202] [INFO] guilin - [32m[e:\zipai\zipai_server\game-server\app\dao\mysql\dao-pool.js] [39m
	 *** New connection established with the database. ***
[2017-04-25 15:01:22.733] [INFO] guilin - [32m[e:\zipai\zipai_server\game-server\app\dao\mysql\dao-pool.js] [39m
	 *** New connection established with the database. ***
[2017-04-25 15:01:22.779] [INFO] guilin - [32m[e:\zipai\zipai_server\game-server\app\dao\mysql\dao-pool.js] [39m
	 *** New connection established with the database. ***
[2017-04-25 15:01:54.351] [INFO] guilin - [32m[e:\zipai\zipai_server\game-server\app\dao\mysql\dao-pool.js] [39m
	 *** New connection established with the database. ***
[2017-04-25 15:01:54.358] [INFO] guilin - [32m[e:\zipai\zipai_server\game-server\app\dao\mysql\dao-pool.js] [39m
	 *** New connection established with the database. ***
[2017-04-25 15:03:26.117] [INFO] guilin - [32m[e:\zipai\zipai_server\game-server\app\dao\mysql\dao-pool.js] [39m
	 *** New connection established with the database. ***
[2017-04-25 15:03:26.137] [INFO] guilin - [32m[e:\zipai\zipai_server\game-server\app\dao\mysql\dao-pool.js] [39m
	 *** New connection established with the database. ***
[2017-04-25 15:42:45.651] [INFO] guilin - [32m[e:\zipai\zipai_server\game-server\app\dao\mysql\dao-pool.js] [39m
	 *** New connection established with the database. ***
[2017-04-25 15:42:45.653] [INFO] guilin - [32m[e:\zipai\zipai_server\game-server\app\dao\mysql\dao-pool.js] [39m
	 *** New connection established with the database. ***
[2017-04-25 15:48:22.495] [INFO] guilin - [32m[e:\zipai\zipai_server\game-server\app\dao\mysql\dao-pool.js] [39m
	 *** New connection established with the database. ***
[2017-04-25 15:48:22.496] [INFO] guilin - [32m[e:\zipai\zipai_server\game-server\app\dao\mysql\dao-pool.js] [39m
	 *** New connection established with the database. ***
[2017-04-25 16:49:48.555] [INFO] guilin - [32m[e:\zipai\zipai_server\game-server\app\dao\mysql\dao-pool.js] [39m
	 *** New connection established with the database. ***
[2017-04-25 16:49:48.556] [INFO] guilin - [32m[e:\zipai\zipai_server\game-server\app\dao\mysql\dao-pool.js] [39m
	 *** New connection established with the database. ***
[2017-04-25 17:06:02.346] [INFO] guilin - [32m[e:\zipai\zipai_server\game-server\app\dao\mysql\dao-pool.js] [39m
	 *** New connection established with the database. ***
[2017-04-25 17:06:02.348] [INFO] guilin - [32m[e:\zipai\zipai_server\game-server\app\dao\mysql\dao-pool.js] [39m
	 *** New connection established with the database. ***
[2017-04-25 17:40:41.823] [INFO] guilin - [32m[e:\zipai\zipai_server\game-server\app\dao\mysql\dao-pool.js] [39m
	 *** New connection established with the database. ***
[2017-04-25 17:40:41.824] [INFO] guilin - [32m[e:\zipai\zipai_server\game-server\app\dao\mysql\dao-pool.js] [39m
	 *** New connection established with the database. ***
[2017-04-25 19:02:23.191] [INFO] guilin - [32m[e:\zipai\zipai_server\game-server\app\dao\mysql\dao-pool.js] [39m
	 *** New connection established with the database. ***
[2017-04-25 19:02:23.211] [INFO] guilin - [32m[e:\zipai\zipai_server\game-server\app\dao\mysql\dao-pool.js] [39m
	 *** New connection established with the database. ***
[2017-04-25 19:11:41.041] [INFO] guilin - [32m[e:\zipai\zipai_server\game-server\app\dao\mysql\dao-pool.js] [39m
	 *** New connection established with the database. ***
[2017-04-25 19:11:41.045] [INFO] guilin - [32m[e:\zipai\zipai_server\game-server\app\dao\mysql\dao-pool.js] [39m
	 *** New connection established with the database. ***
[2017-04-25 19:16:34.433] [INFO] guilin - [32m[e:\zipai\zipai_server\game-server\app\dao\mysql\dao-pool.js] [39m
	 *** New connection established with the database. ***
[2017-04-25 19:16:34.483] [INFO] guilin - [32m[e:\zipai\zipai_server\game-server\app\dao\mysql\dao-pool.js] [39m
	 *** New connection established with the database. ***
[2017-04-25 19:18:25.189] [INFO] guilin - [32m[e:\zipai\zipai_server\game-server\app\dao\mysql\dao-pool.js] [39m
	 *** New connection established with the database. ***
[2017-04-25 19:18:25.217] [INFO] guilin - [32m[e:\zipai\zipai_server\game-server\app\dao\mysql\dao-pool.js] [39m
	 *** New connection established with the database. ***
[2017-04-25 19:20:56.978] [INFO] guilin - [32m[e:\zipai\zipai_server\game-server\app\dao\mysql\dao-pool.js] [39m
	 *** New connection established with the database. ***
[2017-04-25 19:20:57.007] [INFO] guilin - [32m[e:\zipai\zipai_server\game-server\app\dao\mysql\dao-pool.js] [39m
	 *** New connection established with the database. ***
[2017-04-25 19:39:27.924] [INFO] guilin - [32m[e:\zipai\zipai_server\game-server\app\dao\mysql\dao-pool.js] [39m
	 *** New connection established with the database. ***
[2017-04-25 19:39:27.930] [INFO] guilin - [32m[e:\zipai\zipai_server\game-server\app\dao\mysql\dao-pool.js] [39m
	 *** New connection established with the database. ***
[2017-04-25 19:46:46.132] [INFO] guilin - [32m[e:\zipai\zipai_server\game-server\app\dao\mysql\dao-pool.js] [39m
	 *** New connection established with the database. ***
[2017-04-25 19:46:46.133] [INFO] guilin - [32m[e:\zipai\zipai_server\game-server\app\dao\mysql\dao-pool.js] [39m
	 *** New connection established with the database. ***
[2017-04-25 19:47:39.661] [INFO] guilin - [32m[e:\zipai\zipai_server\game-server\app\dao\mysql\dao-pool.js] [39m
	 *** New connection established with the database. ***
[2017-04-25 19:47:39.695] [INFO] guilin - [32m[e:\zipai\zipai_server\game-server\app\dao\mysql\dao-pool.js] [39m
	 *** New connection established with the database. ***
[2017-04-25 19:52:11.177] [INFO] guilin - [32m[e:\zipai\zipai_server\game-server\app\dao\mysql\dao-pool.js] [39m
	 *** New connection established with the database. ***
[2017-04-25 19:52:11.213] [INFO] guilin - [32m[e:\zipai\zipai_server\game-server\app\dao\mysql\dao-pool.js] [39m
	 *** New connection established with the database. ***
[2017-04-25 20:02:02.935] [INFO] guilin - [32m[e:\zipai\zipai_server\game-server\app\dao\mysql\dao-pool.js] [39m
	 *** New connection established with the database. ***
[2017-04-25 20:02:02.955] [INFO] guilin - [32m[e:\zipai\zipai_server\game-server\app\dao\mysql\dao-pool.js] [39m
	 *** New connection established with the database. ***
[2017-04-25 20:02:33.082] [INFO] guilin - [32m[e:\zipai\zipai_server\game-server\app\dao\mysql\dao-pool.js] [39m
	 *** New connection established with the database. ***
[2017-04-25 20:02:33.107] [INFO] guilin - [32m[e:\zipai\zipai_server\game-server\app\dao\mysql\dao-pool.js] [39m
	 *** New connection established with the database. ***
[2017-04-25 20:06:48.755] [INFO] guilin - [32m[e:\zipai\zipai_server\game-server\app\dao\mysql\dao-pool.js] [39m
	 *** New connection established with the database. ***
[2017-04-25 20:06:48.757] [INFO] guilin - [32m[e:\zipai\zipai_server\game-server\app\dao\mysql\dao-pool.js] [39m
	 *** New connection established with the database. ***
[2017-04-25 20:10:07.295] [INFO] guilin - [32m[e:\zipai\zipai_server\game-server\app\dao\mysql\dao-pool.js] [39m
	 *** New connection established with the database. ***
[2017-04-25 20:10:07.320] [INFO] guilin - [32m[e:\zipai\zipai_server\game-server\app\dao\mysql\dao-pool.js] [39m
	 *** New connection established with the database. ***
[2017-04-25 20:12:40.346] [INFO] guilin - [32m[e:\zipai\zipai_server\game-server\app\dao\mysql\dao-pool.js] [39m
	 *** New connection established with the database. ***
[2017-04-25 20:12:40.386] [INFO] guilin - [32m[e:\zipai\zipai_server\game-server\app\dao\mysql\dao-pool.js] [39m
	 *** New connection established with the database. ***
[2017-04-25 20:19:07.375] [INFO] guilin - [32m[e:\zipai\zipai_server\game-server\app\dao\mysql\dao-pool.js] [39m
	 *** New connection established with the database. ***
[2017-04-25 20:19:07.396] [INFO] guilin - [32m[e:\zipai\zipai_server\game-server\app\dao\mysql\dao-pool.js] [39m
	 *** New connection established with the database. ***
[2017-04-25 20:34:36.334] [INFO] guilin - [32m[e:\zipai\zipai_server\game-server\app\dao\mysql\dao-pool.js] [39m
	 *** New connection established with the database. ***
[2017-04-25 20:34:36.363] [INFO] guilin - [32m[e:\zipai\zipai_server\game-server\app\dao\mysql\dao-pool.js] [39m
	 *** New connection established with the database. ***
[2017-04-25 20:36:20.530] [INFO] guilin - [32m[e:\zipai\zipai_server\game-server\app\dao\mysql\dao-pool.js] [39m
	 *** New connection established with the database. ***
[2017-04-25 20:36:20.559] [INFO] guilin - [32m[e:\zipai\zipai_server\game-server\app\dao\mysql\dao-pool.js] [39m
	 *** New connection established with the database. ***
[2017-04-25 20:37:57.901] [INFO] guilin - [32m[e:\zipai\zipai_server\game-server\app\dao\mysql\dao-pool.js] [39m
	 *** New connection established with the database. ***
[2017-04-25 20:37:57.948] [INFO] guilin - [32m[e:\zipai\zipai_server\game-server\app\dao\mysql\dao-pool.js] [39m
	 *** New connection established with the database. ***
[2017-04-25 20:47:25.747] [INFO] guilin - [32m[e:\zipai\zipai_server\game-server\app\dao\mysql\dao-pool.js] [39m
	 *** New connection established with the database. ***
[2017-04-25 20:47:25.787] [INFO] guilin - [32m[e:\zipai\zipai_server\game-server\app\dao\mysql\dao-pool.js] [39m
	 *** New connection established with the database. ***
[2017-04-25 20:49:11.798] [INFO] guilin - [32m[e:\zipai\zipai_server\game-server\app\dao\mysql\dao-pool.js] [39m
	 *** New connection established with the database. ***
[2017-04-25 20:49:11.799] [INFO] guilin - [32m[e:\zipai\zipai_server\game-server\app\dao\mysql\dao-pool.js] [39m
	 *** New connection established with the database. ***
[2017-04-25 20:52:30.792] [INFO] guilin - [32m[e:\zipai\zipai_server\game-server\app\dao\mysql\dao-pool.js] [39m
	 *** New connection established with the database. ***
[2017-04-25 20:52:30.825] [INFO] guilin - [32m[e:\zipai\zipai_server\game-server\app\dao\mysql\dao-pool.js] [39m
	 *** New connection established with the database. ***
[2017-04-25 20:55:41.100] [INFO] guilin - [32m[e:\zipai\zipai_server\game-server\app\dao\mysql\dao-pool.js] [39m
	 *** New connection established with the database. ***
[2017-04-25 20:55:41.105] [INFO] guilin - [32m[e:\zipai\zipai_server\game-server\app\dao\mysql\dao-pool.js] [39m
	 *** New connection established with the database. ***
[2017-04-25 20:59:27.680] [INFO] guilin - [32m[e:\zipai\zipai_server\game-server\app\dao\mysql\dao-pool.js] [39m
	 *** New connection established with the database. ***
[2017-04-25 20:59:27.726] [INFO] guilin - [32m[e:\zipai\zipai_server\game-server\app\dao\mysql\dao-pool.js] [39m
	 *** New connection established with the database. ***
[2017-04-25 21:02:20.156] [INFO] guilin - [32m[e:\zipai\zipai_server\game-server\app\dao\mysql\dao-pool.js] [39m
	 *** New connection established with the database. ***
[2017-04-25 21:02:20.157] [INFO] guilin - [32m[e:\zipai\zipai_server\game-server\app\dao\mysql\dao-pool.js] [39m
	 *** New connection established with the database. ***
[2017-04-25 21:05:47.237] [INFO] guilin - [32m[e:\zipai\zipai_server\game-server\app\dao\mysql\dao-pool.js] [39m
	 *** New connection established with the database. ***
[2017-04-25 21:05:47.239] [INFO] guilin - [32m[e:\zipai\zipai_server\game-server\app\dao\mysql\dao-pool.js] [39m
	 *** New connection established with the database. ***
[2017-04-25 21:06:41.454] [INFO] guilin - [32m[e:\zipai\zipai_server\game-server\app\dao\mysql\dao-pool.js] [39m
	 *** New connection established with the database. ***
[2017-04-25 21:06:41.463] [INFO] guilin - [32m[e:\zipai\zipai_server\game-server\app\dao\mysql\dao-pool.js] [39m
	 *** New connection established with the database. ***
[2017-04-25 21:07:37.876] [INFO] guilin - [32m[e:\zipai\zipai_server\game-server\app\dao\mysql\dao-pool.js] [39m
	 *** New connection established with the database. ***
[2017-04-25 21:07:37.921] [INFO] guilin - [32m[e:\zipai\zipai_server\game-server\app\dao\mysql\dao-pool.js] [39m
	 *** New connection established with the database. ***
[2017-04-25 21:27:24.957] [INFO] guilin - [32m[e:\zipai\zipai_server\game-server\app\dao\mysql\dao-pool.js] [39m
	 *** New connection established with the database. ***
[2017-04-25 21:27:24.958] [INFO] guilin - [32m[e:\zipai\zipai_server\game-server\app\dao\mysql\dao-pool.js] [39m
	 *** New connection established with the database. ***
[2017-04-25 21:28:30.803] [INFO] guilin - [32m[e:\zipai\zipai_server\game-server\app\dao\mysql\dao-pool.js] [39m
	 *** New connection established with the database. ***
[2017-04-25 21:28:30.805] [INFO] guilin - [32m[e:\zipai\zipai_server\game-server\app\dao\mysql\dao-pool.js] [39m
	 *** New connection established with the database. ***
[2017-04-25 21:39:10.952] [INFO] guilin - [32m[e:\zipai\zipai_server\game-server\app\dao\mysql\dao-pool.js] [39m
	 *** New connection established with the database. ***
[2017-04-25 21:39:10.954] [INFO] guilin - [32m[e:\zipai\zipai_server\game-server\app\dao\mysql\dao-pool.js] [39m
	 *** New connection established with the database. ***
[2017-04-25 21:40:43.424] [INFO] guilin - [32m[e:\zipai\zipai_server\game-server\app\dao\mysql\dao-pool.js] [39m
	 *** New connection established with the database. ***
[2017-04-25 21:40:43.465] [INFO] guilin - [32m[e:\zipai\zipai_server\game-server\app\dao\mysql\dao-pool.js] [39m
	 *** New connection established with the database. ***
[2017-04-26 09:19:24.027] [ERROR] guilin - [31m[e:\zipai\zipai_server\game-server\app\dao\mysql\dao-pool.js] [39m
	 *** Cannot establish a connection with the database. ***
[2017-04-26 09:19:24.032] [ERROR] guilin - [31m[e:\zipai\zipai_server\game-server\app\dao\mysql\dao-pool.js] [39m
	 *** Cannot establish a connection with the database. ***
[2017-04-26 09:19:50.354] [ERROR] guilin - [31m[e:\zipai\zipai_server\game-server\app\dao\mysql\dao-pool.js] [39m
	 *** Cannot establish a connection with the database. ***
[2017-04-26 09:19:50.357] [ERROR] guilin - [31m[e:\zipai\zipai_server\game-server\app\dao\mysql\dao-pool.js] [39m
	 *** Cannot establish a connection with the database. ***
[2017-04-26 09:20:12.971] [INFO] guilin - [32m[e:\zipai\zipai_server\game-server\app\dao\mysql\dao-pool.js] [39m
	 *** New connection established with the database. ***
[2017-04-26 09:20:12.972] [INFO] guilin - [32m[e:\zipai\zipai_server\game-server\app\dao\mysql\dao-pool.js] [39m
	 *** New connection established with the database. ***
[2017-04-26 09:20:30.419] [INFO] guilin - [32m[e:\zipai\zipai_server\game-server\app\dao\mysql\dao-pool.js] [39m
	 *** New connection established with the database. ***
[2017-04-26 09:20:30.421] [INFO] guilin - [32m[e:\zipai\zipai_server\game-server\app\dao\mysql\dao-pool.js] [39m
	 *** New connection established with the database. ***
[2017-04-26 09:52:35.816] [INFO] guilin - [32m[e:\zipai\zipai_server\game-server\app\dao\mysql\dao-pool.js] [39m
	 *** New connection established with the database. ***
[2017-04-26 09:52:35.860] [INFO] guilin - [32m[e:\zipai\zipai_server\game-server\app\dao\mysql\dao-pool.js] [39m
	 *** New connection established with the database. ***
[2017-04-26 11:11:19.669] [INFO] guilin - [32m[e:\zipai\zipai_server\game-server\app\dao\mysql\dao-pool.js] [39m
	 *** New connection established with the database. ***
[2017-04-26 11:11:19.701] [INFO] guilin - [32m[e:\zipai\zipai_server\game-server\app\dao\mysql\dao-pool.js] [39m
	 *** New connection established with the database. ***
[2017-04-26 11:22:16.927] [INFO] guilin - [32m[e:\zipai\zipai_server\game-server\app\dao\mysql\dao-pool.js] [39m
	 *** New connection established with the database. ***
[2017-04-26 11:22:16.953] [INFO] guilin - [32m[e:\zipai\zipai_server\game-server\app\dao\mysql\dao-pool.js] [39m
	 *** New connection established with the database. ***
[2017-04-26 11:29:52.859] [INFO] guilin - [32m[e:\zipai\zipai_server\game-server\app\dao\mysql\dao-pool.js] [39m
	 *** New connection established with the database. ***
[2017-04-26 11:29:52.890] [INFO] guilin - [32m[e:\zipai\zipai_server\game-server\app\dao\mysql\dao-pool.js] [39m
	 *** New connection established with the database. ***
[2017-04-26 11:31:19.892] [INFO] guilin - [32m[e:\zipai\zipai_server\game-server\app\dao\mysql\dao-pool.js] [39m
	 *** New connection established with the database. ***
[2017-04-26 11:31:19.911] [INFO] guilin - [32m[e:\zipai\zipai_server\game-server\app\dao\mysql\dao-pool.js] [39m
	 *** New connection established with the database. ***
[2017-06-16 12:18:28.071] [ERROR] guilin - [31m[e:\zipai\zipai_server\game-server\app\dao\onLineDao.js] [39monLineDao err : ER_NO_DEFAULT_FOR_FIELD: Field 'id' doesn't have a default value
[2017-06-16 12:18:58.066] [ERROR] guilin - [31m[e:\zipai\zipai_server\game-server\app\dao\onLineDao.js] [39monLineDao err : ER_NO_DEFAULT_FOR_FIELD: Field 'id' doesn't have a default value
[2017-06-16 12:19:28.123] [ERROR] guilin - [31m[e:\zipai\zipai_server\game-server\app\dao\onLineDao.js] [39monLineDao err : ER_NO_DEFAULT_FOR_FIELD: Field 'id' doesn't have a default value
[2017-06-16 12:20:48.531] [ERROR] guilin - [31m[e:\zipai\zipai_server\game-server\app\dao\onLineDao.js] [39monLineDao err : ER_NO_DEFAULT_FOR_FIELD: Field 'id' doesn't have a default value
[2017-06-16 12:21:48.557] [INFO] guilin - [32m[e:\zipai\zipai_server\game-server\app\dao\onLineDao.js] [39monLineDao insertOnLineDate && success:
{"fieldCount":0,"affectedRows":1,"insertId":6,"serverStatus":2,"warningCount":0,"message":"","protocol41":true,"changedRows":0}
[2017-06-16 12:23:46.805] [ERROR] guilin - [31m[e:\zipai\zipai_server\game-server\app\dao\onLineDao.js] [39monLineDao err : ER_WRONG_VALUE_COUNT_ON_ROW: Column count doesn't match value count at row 1
[2017-06-16 12:35:20.567] [ERROR] guilin - [31m[e:\zipai\zipai_server\game-server\app\dao\onLineDao.js] [39monLineDao err : ER_WRONG_VALUE_COUNT_ON_ROW: Column count doesn't match value count at row 1
[2017-06-16 12:38:06.466] [ERROR] guilin - [31m[e:\zipai\zipai_server\game-server\app\dao\onLineDao.js] [39monLineDao err : ER_WRONG_VALUE_COUNT_ON_ROW: Column count doesn't match value count at row 1
[2017-06-16 12:39:59.703] [INFO] guilin - [32m[e:\zipai\zipai_server\game-server\app\dao\onLineDao.js] [39monLineDao insertOnLineDate && success:
{"fieldCount":0,"affectedRows":2,"insertId":0,"serverStatus":2,"warningCount":0,"message":"","protocol41":true,"changedRows":0}
[2017-06-16 12:40:59.701] [INFO] guilin - [32m[e:\zipai\zipai_server\game-server\app\dao\onLineDao.js] [39monLineDao insertOnLineDate && success:
{"fieldCount":0,"affectedRows":2,"insertId":0,"serverStatus":2,"warningCount":0,"message":"","protocol41":true,"changedRows":0}
