[2017-04-25 14:49:51.504] [INFO] guilin - [32m[e:\zipai\zipai_server\game-server\app\dao\mysql\dao-pool.js] [39m
	 *** New connection established with the database. ***
[2017-04-25 14:49:51.507] [INFO] guilin - [32m[e:\zipai\zipai_server\game-server\app\dao\mysql\dao-pool.js] [39m
	 *** New connection established with the database. ***
[2017-04-25 14:53:44.353] [INFO] guilin - [32m[e:\zipai\zipai_server\game-server\app\dao\mysql\dao-pool.js] [39m
	 *** New connection established with the database. ***
[2017-04-25 14:53:44.457] [INFO] guilin - [32m[e:\zipai\zipai_server\game-server\app\dao\mysql\dao-pool.js] [39m
	 *** New connection established with the database. ***
[2017-04-25 14:54:27.698] [INFO] guilin - [32m[e:\zipai\zipai_server\game-server\app\dao\mysql\dao-pool.js] [39m
	 *** New connection established with the database. ***
[2017-04-25 14:54:27.798] [INFO] guilin - [32m[e:\zipai\zipai_server\game-server\app\dao\mysql\dao-pool.js] [39m
	 *** New connection established with the database. ***
[2017-04-25 15:01:21.469] [INFO] guilin - [32m[e:\zipai\zipai_server\game-server\app\dao\mysql\dao-pool.js] [39m
	 *** New connection established with the database. ***
[2017-04-25 15:01:21.575] [INFO] guilin - [32m[e:\zipai\zipai_server\game-server\app\dao\mysql\dao-pool.js] [39m
	 *** New connection established with the database. ***
[2017-04-25 15:01:53.131] [INFO] guilin - [32m[e:\zipai\zipai_server\game-server\app\dao\mysql\dao-pool.js] [39m
	 *** New connection established with the database. ***
[2017-04-25 15:01:53.236] [INFO] guilin - [32m[e:\zipai\zipai_server\game-server\app\dao\mysql\dao-pool.js] [39m
	 *** New connection established with the database. ***
[2017-04-25 15:03:24.831] [INFO] guilin - [32m[e:\zipai\zipai_server\game-server\app\dao\mysql\dao-pool.js] [39m
	 *** New connection established with the database. ***
[2017-04-25 15:03:24.945] [INFO] guilin - [32m[e:\zipai\zipai_server\game-server\app\dao\mysql\dao-pool.js] [39m
	 *** New connection established with the database. ***
[2017-04-25 15:42:44.410] [INFO] guilin - [32m[e:\zipai\zipai_server\game-server\app\dao\mysql\dao-pool.js] [39m
	 *** New connection established with the database. ***
[2017-04-25 15:42:44.515] [INFO] guilin - [32m[e:\zipai\zipai_server\game-server\app\dao\mysql\dao-pool.js] [39m
	 *** New connection established with the database. ***
[2017-04-25 15:48:21.243] [INFO] guilin - [32m[e:\zipai\zipai_server\game-server\app\dao\mysql\dao-pool.js] [39m
	 *** New connection established with the database. ***
[2017-04-25 15:48:21.348] [INFO] guilin - [32m[e:\zipai\zipai_server\game-server\app\dao\mysql\dao-pool.js] [39m
	 *** New connection established with the database. ***
[2017-04-25 16:49:47.358] [INFO] guilin - [32m[e:\zipai\zipai_server\game-server\app\dao\mysql\dao-pool.js] [39m
	 *** New connection established with the database. ***
[2017-04-25 16:49:47.461] [INFO] guilin - [32m[e:\zipai\zipai_server\game-server\app\dao\mysql\dao-pool.js] [39m
	 *** New connection established with the database. ***
[2017-04-25 17:06:01.125] [INFO] guilin - [32m[e:\zipai\zipai_server\game-server\app\dao\mysql\dao-pool.js] [39m
	 *** New connection established with the database. ***
[2017-04-25 17:06:01.126] [INFO] guilin - [32m[e:\zipai\zipai_server\game-server\app\dao\mysql\dao-pool.js] [39m
	 *** New connection established with the database. ***
[2017-04-25 17:40:40.569] [INFO] guilin - [32m[e:\zipai\zipai_server\game-server\app\dao\mysql\dao-pool.js] [39m
	 *** New connection established with the database. ***
[2017-04-25 17:40:40.571] [INFO] guilin - [32m[e:\zipai\zipai_server\game-server\app\dao\mysql\dao-pool.js] [39m
	 *** New connection established with the database. ***
[2017-04-25 19:02:21.998] [INFO] guilin - [32m[e:\zipai\zipai_server\game-server\app\dao\mysql\dao-pool.js] [39m
	 *** New connection established with the database. ***
[2017-04-25 19:02:21.999] [INFO] guilin - [32m[e:\zipai\zipai_server\game-server\app\dao\mysql\dao-pool.js] [39m
	 *** New connection established with the database. ***
[2017-04-25 19:11:39.655] [INFO] guilin - [32m[e:\zipai\zipai_server\game-server\app\dao\mysql\dao-pool.js] [39m
	 *** New connection established with the database. ***
[2017-04-25 19:11:39.656] [INFO] guilin - [32m[e:\zipai\zipai_server\game-server\app\dao\mysql\dao-pool.js] [39m
	 *** New connection established with the database. ***
[2017-04-25 19:16:33.162] [INFO] guilin - [32m[e:\zipai\zipai_server\game-server\app\dao\mysql\dao-pool.js] [39m
	 *** New connection established with the database. ***
[2017-04-25 19:16:33.280] [INFO] guilin - [32m[e:\zipai\zipai_server\game-server\app\dao\mysql\dao-pool.js] [39m
	 *** New connection established with the database. ***
[2017-04-25 19:18:23.612] [INFO] guilin - [32m[e:\zipai\zipai_server\game-server\app\dao\mysql\dao-pool.js] [39m
	 *** New connection established with the database. ***
[2017-04-25 19:18:23.735] [INFO] guilin - [32m[e:\zipai\zipai_server\game-server\app\dao\mysql\dao-pool.js] [39m
	 *** New connection established with the database. ***
[2017-04-25 19:20:55.375] [INFO] guilin - [32m[e:\zipai\zipai_server\game-server\app\dao\mysql\dao-pool.js] [39m
	 *** New connection established with the database. ***
[2017-04-25 19:20:55.519] [INFO] guilin - [32m[e:\zipai\zipai_server\game-server\app\dao\mysql\dao-pool.js] [39m
	 *** New connection established with the database. ***
[2017-04-25 19:39:26.524] [INFO] guilin - [32m[e:\zipai\zipai_server\game-server\app\dao\mysql\dao-pool.js] [39m
	 *** New connection established with the database. ***
[2017-04-25 19:39:26.528] [INFO] guilin - [32m[e:\zipai\zipai_server\game-server\app\dao\mysql\dao-pool.js] [39m
	 *** New connection established with the database. ***
[2017-04-25 19:46:44.837] [INFO] guilin - [32m[e:\zipai\zipai_server\game-server\app\dao\mysql\dao-pool.js] [39m
	 *** New connection established with the database. ***
[2017-04-25 19:46:44.951] [INFO] guilin - [32m[e:\zipai\zipai_server\game-server\app\dao\mysql\dao-pool.js] [39m
	 *** New connection established with the database. ***
[2017-04-25 19:47:38.358] [INFO] guilin - [32m[e:\zipai\zipai_server\game-server\app\dao\mysql\dao-pool.js] [39m
	 *** New connection established with the database. ***
[2017-04-25 19:47:38.472] [INFO] guilin - [32m[e:\zipai\zipai_server\game-server\app\dao\mysql\dao-pool.js] [39m
	 *** New connection established with the database. ***
[2017-04-25 19:52:09.776] [INFO] guilin - [32m[e:\zipai\zipai_server\game-server\app\dao\mysql\dao-pool.js] [39m
	 *** New connection established with the database. ***
[2017-04-25 19:52:09.910] [INFO] guilin - [32m[e:\zipai\zipai_server\game-server\app\dao\mysql\dao-pool.js] [39m
	 *** New connection established with the database. ***
[2017-04-25 20:02:01.429] [INFO] guilin - [32m[e:\zipai\zipai_server\game-server\app\dao\mysql\dao-pool.js] [39m
	 *** New connection established with the database. ***
[2017-04-25 20:02:01.545] [INFO] guilin - [32m[e:\zipai\zipai_server\game-server\app\dao\mysql\dao-pool.js] [39m
	 *** New connection established with the database. ***
[2017-04-25 20:02:31.777] [INFO] guilin - [32m[e:\zipai\zipai_server\game-server\app\dao\mysql\dao-pool.js] [39m
	 *** New connection established with the database. ***
[2017-04-25 20:02:31.900] [INFO] guilin - [32m[e:\zipai\zipai_server\game-server\app\dao\mysql\dao-pool.js] [39m
	 *** New connection established with the database. ***
[2017-04-25 20:06:47.489] [INFO] guilin - [32m[e:\zipai\zipai_server\game-server\app\dao\mysql\dao-pool.js] [39m
	 *** New connection established with the database. ***
[2017-04-25 20:06:47.490] [INFO] guilin - [32m[e:\zipai\zipai_server\game-server\app\dao\mysql\dao-pool.js] [39m
	 *** New connection established with the database. ***
[2017-04-25 20:10:05.843] [INFO] guilin - [32m[e:\zipai\zipai_server\game-server\app\dao\mysql\dao-pool.js] [39m
	 *** New connection established with the database. ***
[2017-04-25 20:10:05.972] [INFO] guilin - [32m[e:\zipai\zipai_server\game-server\app\dao\mysql\dao-pool.js] [39m
	 *** New connection established with the database. ***
[2017-04-25 20:12:38.696] [INFO] guilin - [32m[e:\zipai\zipai_server\game-server\app\dao\mysql\dao-pool.js] [39m
	 *** New connection established with the database. ***
[2017-04-25 20:12:38.812] [INFO] guilin - [32m[e:\zipai\zipai_server\game-server\app\dao\mysql\dao-pool.js] [39m
	 *** New connection established with the database. ***
[2017-04-25 20:19:05.882] [INFO] guilin - [32m[e:\zipai\zipai_server\game-server\app\dao\mysql\dao-pool.js] [39m
	 *** New connection established with the database. ***
[2017-04-25 20:19:06.000] [INFO] guilin - [32m[e:\zipai\zipai_server\game-server\app\dao\mysql\dao-pool.js] [39m
	 *** New connection established with the database. ***
[2017-04-25 20:34:35.069] [INFO] guilin - [32m[e:\zipai\zipai_server\game-server\app\dao\mysql\dao-pool.js] [39m
	 *** New connection established with the database. ***
[2017-04-25 20:34:35.195] [INFO] guilin - [32m[e:\zipai\zipai_server\game-server\app\dao\mysql\dao-pool.js] [39m
	 *** New connection established with the database. ***
[2017-04-25 20:36:19.220] [INFO] guilin - [32m[e:\zipai\zipai_server\game-server\app\dao\mysql\dao-pool.js] [39m
	 *** New connection established with the database. ***
[2017-04-25 20:36:19.333] [INFO] guilin - [32m[e:\zipai\zipai_server\game-server\app\dao\mysql\dao-pool.js] [39m
	 *** New connection established with the database. ***
[2017-04-25 20:37:56.683] [INFO] guilin - [32m[e:\zipai\zipai_server\game-server\app\dao\mysql\dao-pool.js] [39m
	 *** New connection established with the database. ***
[2017-04-25 20:37:56.683] [INFO] guilin - [32m[e:\zipai\zipai_server\game-server\app\dao\mysql\dao-pool.js] [39m
	 *** New connection established with the database. ***
[2017-04-25 20:47:24.432] [INFO] guilin - [32m[e:\zipai\zipai_server\game-server\app\dao\mysql\dao-pool.js] [39m
	 *** New connection established with the database. ***
[2017-04-25 20:47:24.566] [INFO] guilin - [32m[e:\zipai\zipai_server\game-server\app\dao\mysql\dao-pool.js] [39m
	 *** New connection established with the database. ***
[2017-04-25 20:49:10.058] [INFO] guilin - [32m[e:\zipai\zipai_server\game-server\app\dao\mysql\dao-pool.js] [39m
	 *** New connection established with the database. ***
[2017-04-25 20:49:10.059] [INFO] guilin - [32m[e:\zipai\zipai_server\game-server\app\dao\mysql\dao-pool.js] [39m
	 *** New connection established with the database. ***
[2017-04-25 20:52:29.416] [INFO] guilin - [32m[e:\zipai\zipai_server\game-server\app\dao\mysql\dao-pool.js] [39m
	 *** New connection established with the database. ***
[2017-04-25 20:52:29.417] [INFO] guilin - [32m[e:\zipai\zipai_server\game-server\app\dao\mysql\dao-pool.js] [39m
	 *** New connection established with the database. ***
[2017-04-25 20:55:39.706] [INFO] guilin - [32m[e:\zipai\zipai_server\game-server\app\dao\mysql\dao-pool.js] [39m
	 *** New connection established with the database. ***
[2017-04-25 20:55:39.820] [INFO] guilin - [32m[e:\zipai\zipai_server\game-server\app\dao\mysql\dao-pool.js] [39m
	 *** New connection established with the database. ***
[2017-04-25 20:59:26.317] [INFO] guilin - [32m[e:\zipai\zipai_server\game-server\app\dao\mysql\dao-pool.js] [39m
	 *** New connection established with the database. ***
[2017-04-25 20:59:26.317] [INFO] guilin - [32m[e:\zipai\zipai_server\game-server\app\dao\mysql\dao-pool.js] [39m
	 *** New connection established with the database. ***
[2017-04-25 21:02:18.853] [INFO] guilin - [32m[e:\zipai\zipai_server\game-server\app\dao\mysql\dao-pool.js] [39m
	 *** New connection established with the database. ***
[2017-04-25 21:02:18.968] [INFO] guilin - [32m[e:\zipai\zipai_server\game-server\app\dao\mysql\dao-pool.js] [39m
	 *** New connection established with the database. ***
[2017-04-25 21:05:45.964] [INFO] guilin - [32m[e:\zipai\zipai_server\game-server\app\dao\mysql\dao-pool.js] [39m
	 *** New connection established with the database. ***
[2017-04-25 21:05:46.073] [INFO] guilin - [32m[e:\zipai\zipai_server\game-server\app\dao\mysql\dao-pool.js] [39m
	 *** New connection established with the database. ***
[2017-04-25 21:06:40.112] [INFO] guilin - [32m[e:\zipai\zipai_server\game-server\app\dao\mysql\dao-pool.js] [39m
	 *** New connection established with the database. ***
[2017-04-25 21:06:40.236] [INFO] guilin - [32m[e:\zipai\zipai_server\game-server\app\dao\mysql\dao-pool.js] [39m
	 *** New connection established with the database. ***
[2017-04-25 21:07:36.455] [INFO] guilin - [32m[e:\zipai\zipai_server\game-server\app\dao\mysql\dao-pool.js] [39m
	 *** New connection established with the database. ***
[2017-04-25 21:07:36.572] [INFO] guilin - [32m[e:\zipai\zipai_server\game-server\app\dao\mysql\dao-pool.js] [39m
	 *** New connection established with the database. ***
[2017-04-25 21:27:23.572] [INFO] guilin - [32m[e:\zipai\zipai_server\game-server\app\dao\mysql\dao-pool.js] [39m
	 *** New connection established with the database. ***
[2017-04-25 21:27:23.573] [INFO] guilin - [32m[e:\zipai\zipai_server\game-server\app\dao\mysql\dao-pool.js] [39m
	 *** New connection established with the database. ***
[2017-04-25 21:28:29.566] [INFO] guilin - [32m[e:\zipai\zipai_server\game-server\app\dao\mysql\dao-pool.js] [39m
	 *** New connection established with the database. ***
[2017-04-25 21:28:29.676] [INFO] guilin - [32m[e:\zipai\zipai_server\game-server\app\dao\mysql\dao-pool.js] [39m
	 *** New connection established with the database. ***
[2017-04-25 21:39:09.719] [INFO] guilin - [32m[e:\zipai\zipai_server\game-server\app\dao\mysql\dao-pool.js] [39m
	 *** New connection established with the database. ***
[2017-04-25 21:39:09.826] [INFO] guilin - [32m[e:\zipai\zipai_server\game-server\app\dao\mysql\dao-pool.js] [39m
	 *** New connection established with the database. ***
[2017-04-25 21:40:42.023] [INFO] guilin - [32m[e:\zipai\zipai_server\game-server\app\dao\mysql\dao-pool.js] [39m
	 *** New connection established with the database. ***
[2017-04-25 21:40:42.135] [INFO] guilin - [32m[e:\zipai\zipai_server\game-server\app\dao\mysql\dao-pool.js] [39m
	 *** New connection established with the database. ***
[2017-04-26 09:19:22.222] [ERROR] guilin - [31m[e:\zipai\zipai_server\game-server\app\dao\mysql\dao-pool.js] [39m
	 *** Cannot establish a connection with the database. ***
[2017-04-26 09:19:22.223] [ERROR] guilin - [31m[e:\zipai\zipai_server\game-server\app\dao\mysql\dao-pool.js] [39m
	 *** Cannot establish a connection with the database. ***
[2017-04-26 09:19:49.046] [ERROR] guilin - [31m[e:\zipai\zipai_server\game-server\app\dao\mysql\dao-pool.js] [39m
	 *** Cannot establish a connection with the database. ***
[2017-04-26 09:19:49.049] [ERROR] guilin - [31m[e:\zipai\zipai_server\game-server\app\dao\mysql\dao-pool.js] [39m
	 *** Cannot establish a connection with the database. ***
[2017-04-26 09:20:13.082] [INFO] guilin - [32m[e:\zipai\zipai_server\game-server\app\dao\mysql\dao-pool.js] [39m
	 *** New connection established with the database. ***
[2017-04-26 09:20:13.084] [INFO] guilin - [32m[e:\zipai\zipai_server\game-server\app\dao\mysql\dao-pool.js] [39m
	 *** New connection established with the database. ***
[2017-04-26 09:20:29.181] [INFO] guilin - [32m[e:\zipai\zipai_server\game-server\app\dao\mysql\dao-pool.js] [39m
	 *** New connection established with the database. ***
[2017-04-26 09:20:29.182] [INFO] guilin - [32m[e:\zipai\zipai_server\game-server\app\dao\mysql\dao-pool.js] [39m
	 *** New connection established with the database. ***
[2017-04-26 09:52:34.522] [INFO] guilin - [32m[e:\zipai\zipai_server\game-server\app\dao\mysql\dao-pool.js] [39m
	 *** New connection established with the database. ***
[2017-04-26 09:52:34.523] [INFO] guilin - [32m[e:\zipai\zipai_server\game-server\app\dao\mysql\dao-pool.js] [39m
	 *** New connection established with the database. ***
[2017-04-26 11:11:18.393] [INFO] guilin - [32m[e:\zipai\zipai_server\game-server\app\dao\mysql\dao-pool.js] [39m
	 *** New connection established with the database. ***
[2017-04-26 11:11:18.393] [INFO] guilin - [32m[e:\zipai\zipai_server\game-server\app\dao\mysql\dao-pool.js] [39m
	 *** New connection established with the database. ***
[2017-04-26 11:22:15.606] [INFO] guilin - [32m[e:\zipai\zipai_server\game-server\app\dao\mysql\dao-pool.js] [39m
	 *** New connection established with the database. ***
[2017-04-26 11:22:15.720] [INFO] guilin - [32m[e:\zipai\zipai_server\game-server\app\dao\mysql\dao-pool.js] [39m
	 *** New connection established with the database. ***
[2017-04-26 11:29:51.634] [INFO] guilin - [32m[e:\zipai\zipai_server\game-server\app\dao\mysql\dao-pool.js] [39m
	 *** New connection established with the database. ***
[2017-04-26 11:29:51.739] [INFO] guilin - [32m[e:\zipai\zipai_server\game-server\app\dao\mysql\dao-pool.js] [39m
	 *** New connection established with the database. ***
[2017-04-26 11:31:18.555] [INFO] guilin - [32m[e:\zipai\zipai_server\game-server\app\dao\mysql\dao-pool.js] [39m
	 *** New connection established with the database. ***
[2017-04-26 11:31:18.671] [INFO] guilin - [32m[e:\zipai\zipai_server\game-server\app\dao\mysql\dao-pool.js] [39m
	 *** New connection established with the database. ***
[2017-06-16 12:18:26.126] [ERROR] guilin - [31m[e:\zipai\zipai_server\game-server\app\dao\onLineDao.js] [39monLineDao err : ER_NO_DEFAULT_FOR_FIELD: Field 'id' doesn't have a default value
[2017-06-16 12:18:56.115] [ERROR] guilin - [31m[e:\zipai\zipai_server\game-server\app\dao\onLineDao.js] [39monLineDao err : ER_NO_DEFAULT_FOR_FIELD: Field 'id' doesn't have a default value
[2017-06-16 12:19:26.166] [ERROR] guilin - [31m[e:\zipai\zipai_server\game-server\app\dao\onLineDao.js] [39monLineDao err : ER_NO_DEFAULT_FOR_FIELD: Field 'id' doesn't have a default value
[2017-06-16 12:20:46.494] [ERROR] guilin - [31m[e:\zipai\zipai_server\game-server\app\dao\onLineDao.js] [39monLineDao err : ER_NO_DEFAULT_FOR_FIELD: Field 'id' doesn't have a default value
[2017-06-16 12:21:46.556] [INFO] guilin - [32m[e:\zipai\zipai_server\game-server\app\dao\onLineDao.js] [39monLineDao insertOnLineDate && success:
{"fieldCount":0,"affectedRows":1,"insertId":1,"serverStatus":2,"warningCount":0,"message":"","protocol41":true,"changedRows":0}
[2017-06-16 12:23:44.557] [ERROR] guilin - [31m[e:\zipai\zipai_server\game-server\app\dao\onLineDao.js] [39monLineDao err : ER_WRONG_VALUE_COUNT_ON_ROW: Column count doesn't match value count at row 1
[2017-06-16 12:35:18.017] [ERROR] guilin - [31m[e:\zipai\zipai_server\game-server\app\dao\onLineDao.js] [39monLineDao err : ER_WRONG_VALUE_COUNT_ON_ROW: Column count doesn't match value count at row 1
[2017-06-16 12:38:03.822] [ERROR] guilin - [31m[e:\zipai\zipai_server\game-server\app\dao\onLineDao.js] [39monLineDao err : ER_WRONG_VALUE_COUNT_ON_ROW: Column count doesn't match value count at row 1
[2017-06-16 12:39:57.543] [INFO] guilin - [32m[e:\zipai\zipai_server\game-server\app\dao\onLineDao.js] [39monLineDao insertOnLineDate && success:
{"fieldCount":0,"affectedRows":2,"insertId":0,"serverStatus":2,"warningCount":0,"message":"","protocol41":true,"changedRows":0}
[2017-06-16 12:40:57.533] [INFO] guilin - [32m[e:\zipai\zipai_server\game-server\app\dao\onLineDao.js] [39monLineDao insertOnLineDate && success:
{"fieldCount":0,"affectedRows":2,"insertId":0,"serverStatus":2,"warningCount":0,"message":"","protocol41":true,"changedRows":0}
