[2017-04-21 18:16:40.414] [INFO] crash-log - [32m[e:\zipai\zipai_server\game-server\node_modules\pomelo\lib\master\master.js] [39m[gate],[gate-server-1],[1492769800414],[disconnect]
[2017-04-21 18:16:40.418] [INFO] crash-log - [32m[e:\zipai\zipai_server\game-server\node_modules\pomelo\lib\master\master.js] [39m[connector],[connector-server-1],[1492769800418],[disconnect]
[2017-04-21 18:16:40.420] [INFO] crash-log - [32m[e:\zipai\zipai_server\game-server\node_modules\pomelo\lib\master\master.js] [39m[game],[game-server-1],[1492769800420],[disconnect]
[2017-04-21 18:16:40.423] [INFO] crash-log - [32m[e:\zipai\zipai_server\game-server\node_modules\pomelo\lib\master\master.js] [39m[master],[master-server-1],[1492769800423],[disconnect]
[2017-04-21 18:16:40.424] [INFO] crash-log - [32m[e:\zipai\zipai_server\game-server\node_modules\pomelo\lib\master\master.js] [39m[fight],[fight-server-1],[1492769800424],[disconnect]
[2017-04-22 21:45:40.410] [INFO] crash-log - [32m[e:\zipai\zipai_server\game-server\node_modules\pomelo\lib\master\master.js] [39m[gate],[gate-server-1],[1492868740410],[disconnect]
[2017-04-22 21:45:40.428] [INFO] crash-log - [32m[e:\zipai\zipai_server\game-server\node_modules\pomelo\lib\master\master.js] [39m[game],[game-server-1],[1492868740428],[disconnect]
[2017-04-22 21:45:40.434] [INFO] crash-log - [32m[e:\zipai\zipai_server\game-server\node_modules\pomelo\lib\master\master.js] [39m[fight],[fight-server-1],[1492868740434],[disconnect]
[2017-04-22 21:45:40.443] [INFO] crash-log - [32m[e:\zipai\zipai_server\game-server\node_modules\pomelo\lib\master\master.js] [39m[connector],[connector-server-1],[1492868740443],[disconnect]
[2017-04-24 14:26:45.425] [INFO] crash-log - [32m[e:\zipai\zipai_server\game-server\node_modules\pomelo\lib\master\master.js] [39m[client],[pomelo_list_1493015205346],[1493015205425],[disconnect]
[2017-04-26 00:28:46.082] [INFO] crash-log - [32m[e:\zipai\zipai_server\game-server\node_modules\pomelo\lib\master\master.js] [39m[gate],[gate-server-1],[1493137726082],[disconnect]
[2017-04-26 00:28:46.098] [INFO] crash-log - [32m[e:\zipai\zipai_server\game-server\node_modules\pomelo\lib\master\master.js] [39m[game],[game-server-1],[1493137726098],[disconnect]
[2017-04-26 00:28:46.115] [INFO] crash-log - [32m[e:\zipai\zipai_server\game-server\node_modules\pomelo\lib\master\master.js] [39m[fight],[fight-server-1],[1493137726114],[disconnect]
[2017-04-26 00:28:46.123] [INFO] crash-log - [32m[e:\zipai\zipai_server\game-server\node_modules\pomelo\lib\master\master.js] [39m[connector],[connector-server-1],[1493137726123],[disconnect]
[2017-04-26 23:39:52.446] [INFO] crash-log - [32m[e:\zipai\zipai_server\game-server\node_modules\pomelo\lib\master\master.js] [39m[gate],[gate-server-1],[1493221192446],[disconnect]
[2017-04-26 23:39:52.459] [INFO] crash-log - [32m[e:\zipai\zipai_server\game-server\node_modules\pomelo\lib\master\master.js] [39m[game],[game-server-1],[1493221192459],[disconnect]
[2017-04-26 23:39:52.469] [INFO] crash-log - [32m[e:\zipai\zipai_server\game-server\node_modules\pomelo\lib\master\master.js] [39m[fight],[fight-server-1],[1493221192469],[disconnect]
[2017-04-26 23:39:52.477] [INFO] crash-log - [32m[e:\zipai\zipai_server\game-server\node_modules\pomelo\lib\master\master.js] [39m[connector],[connector-server-1],[1493221192477],[disconnect]
[2017-04-28 16:37:42.880] [INFO] crash-log - [32m[e:\zipai\zipai_server\game-server\node_modules\pomelo\lib\master\master.js] [39m[game],[game-server-3],[1493368662880],[disconnect]
[2017-04-28 21:10:18.577] [INFO] crash-log - [32m[e:\zipai\zipai_server\game-server\node_modules\pomelo\lib\master\master.js] [39m[game],[game-server-3],[1493385018577],[disconnect]
[2017-04-28 21:10:18.582] [INFO] crash-log - [32m[e:\zipai\zipai_server\game-server\node_modules\pomelo\lib\master\master.js] [39m[connector],[connector-server-3],[1493385018582],[disconnect]
[2017-04-28 21:10:18.584] [INFO] crash-log - [32m[e:\zipai\zipai_server\game-server\node_modules\pomelo\lib\master\master.js] [39m[connector],[connector-server-2],[1493385018583],[disconnect]
[2017-04-28 21:10:18.588] [INFO] crash-log - [32m[e:\zipai\zipai_server\game-server\node_modules\pomelo\lib\master\master.js] [39m[game],[game-server-1],[1493385018588],[disconnect]
[2017-04-28 21:10:18.590] [INFO] crash-log - [32m[e:\zipai\zipai_server\game-server\node_modules\pomelo\lib\master\master.js] [39m[fight],[fight-server-3],[1493385018590],[disconnect]
[2017-04-28 21:10:18.591] [INFO] crash-log - [32m[e:\zipai\zipai_server\game-server\node_modules\pomelo\lib\master\master.js] [39m[master],[master-server-1],[1493385018591],[disconnect]
[2017-04-28 21:10:18.593] [INFO] crash-log - [32m[e:\zipai\zipai_server\game-server\node_modules\pomelo\lib\master\master.js] [39m[gate],[gate-server-1],[1493385018593],[disconnect]
[2017-04-28 21:10:18.595] [INFO] crash-log - [32m[e:\zipai\zipai_server\game-server\node_modules\pomelo\lib\master\master.js] [39m[game],[game-server-2],[1493385018594],[disconnect]
[2017-04-28 21:10:18.599] [INFO] crash-log - [32m[e:\zipai\zipai_server\game-server\node_modules\pomelo\lib\master\master.js] [39m[fight],[fight-server-1],[1493385018599],[disconnect]
[2017-04-28 21:10:18.599] [INFO] crash-log - [32m[e:\zipai\zipai_server\game-server\node_modules\pomelo\lib\master\master.js] [39m[fight],[fight-server-2],[1493385018599],[disconnect]
[2017-04-28 21:10:18.600] [INFO] crash-log - [32m[e:\zipai\zipai_server\game-server\node_modules\pomelo\lib\master\master.js] [39m[connector],[connector-server-1],[1493385018600],[disconnect]
[2017-05-02 17:04:09.706] [INFO] crash-log - [32m[e:\zipai\zipai_server\game-server\node_modules\pomelo\lib\master\master.js] [39m[connector],[connector-server-1],[1493715849706],[disconnect]
[2017-05-02 17:04:12.211] [INFO] crash-log - [32m[e:\zipai\zipai_server\game-server\node_modules\pomelo\lib\master\master.js] [39m[gate],[gate-server-1],[1493715852211],[disconnect]
[2017-05-02 17:04:15.138] [INFO] crash-log - [32m[e:\zipai\zipai_server\game-server\node_modules\pomelo\lib\master\master.js] [39m[connector],[connector-server-2],[1493715855138],[disconnect]
[2017-05-05 11:28:07.729] [INFO] crash-log - [32m[e:\zipai\zipai_server\game-server\node_modules\pomelo\lib\master\master.js] [39m[gate],[gate-server-1],[1493954887729],[disconnect]
[2017-05-05 11:28:07.752] [INFO] crash-log - [32m[e:\zipai\zipai_server\game-server\node_modules\pomelo\lib\master\master.js] [39m[gamehttp],[gamehttp],[1493954887752],[disconnect]
[2017-05-05 11:28:07.771] [INFO] crash-log - [32m[e:\zipai\zipai_server\game-server\node_modules\pomelo\lib\master\master.js] [39m[game],[game-server-1],[1493954887771],[disconnect]
[2017-05-05 11:28:07.775] [INFO] crash-log - [32m[e:\zipai\zipai_server\game-server\node_modules\pomelo\lib\master\master.js] [39m[connector],[connector-server-3],[1493954887775],[disconnect]
[2017-05-05 11:28:07.777] [INFO] crash-log - [32m[e:\zipai\zipai_server\game-server\node_modules\pomelo\lib\master\master.js] [39m[fight],[fight-server-1],[1493954887777],[disconnect]
[2017-05-05 11:28:07.780] [INFO] crash-log - [32m[e:\zipai\zipai_server\game-server\node_modules\pomelo\lib\master\master.js] [39m[connector],[connector-server-2],[1493954887780],[disconnect]
[2017-05-05 11:28:07.784] [INFO] crash-log - [32m[e:\zipai\zipai_server\game-server\node_modules\pomelo\lib\master\master.js] [39m[master],[master-server-1],[1493954887784],[disconnect]
[2017-05-05 11:28:07.785] [INFO] crash-log - [32m[e:\zipai\zipai_server\game-server\node_modules\pomelo\lib\master\master.js] [39m[auth],[auth-server-1],[1493954887785],[disconnect]
[2017-05-05 11:28:07.790] [INFO] crash-log - [32m[e:\zipai\zipai_server\game-server\node_modules\pomelo\lib\master\master.js] [39m[connector],[connector-server-1],[1493954887790],[disconnect]
[2017-05-05 13:06:36.255] [INFO] crash-log - [32m[e:\zipai\zipai_server\game-server\node_modules\pomelo\lib\master\master.js] [39m[game],[game-server-1],[1493960796255],[disconnect]
[2017-05-05 13:06:36.325] [INFO] crash-log - [32m[e:\zipai\zipai_server\game-server\node_modules\pomelo\lib\master\master.js] [39m[gate],[gate-server-1],[1493960796324],[disconnect]
[2017-05-05 13:06:36.326] [INFO] crash-log - [32m[e:\zipai\zipai_server\game-server\node_modules\pomelo\lib\master\master.js] [39m[fight],[fight-server-1],[1493960796326],[disconnect]
[2017-05-05 13:06:36.337] [INFO] crash-log - [32m[e:\zipai\zipai_server\game-server\node_modules\pomelo\lib\master\master.js] [39m[gamehttp],[gamehttp],[1493960796337],[disconnect]
[2017-05-05 13:06:36.339] [INFO] crash-log - [32m[e:\zipai\zipai_server\game-server\node_modules\pomelo\lib\master\master.js] [39m[auth],[auth-server-1],[1493960796339],[disconnect]
[2017-05-05 13:06:36.340] [INFO] crash-log - [32m[e:\zipai\zipai_server\game-server\node_modules\pomelo\lib\master\master.js] [39m[connector],[connector-server-3],[1493960796340],[disconnect]
[2017-05-05 13:06:36.343] [INFO] crash-log - [32m[e:\zipai\zipai_server\game-server\node_modules\pomelo\lib\master\master.js] [39m[connector],[connector-server-2],[1493960796343],[disconnect]
[2017-05-05 13:06:36.343] [INFO] crash-log - [32m[e:\zipai\zipai_server\game-server\node_modules\pomelo\lib\master\master.js] [39m[connector],[connector-server-1],[1493960796343],[disconnect]
[2017-05-05 13:06:36.350] [INFO] crash-log - [32m[e:\zipai\zipai_server\game-server\node_modules\pomelo\lib\master\master.js] [39m[master],[master-server-1],[1493960796350],[disconnect]
[2017-05-05 20:23:13.682] [INFO] crash-log - [32m[e:\zipai\zipai_server\game-server\node_modules\pomelo\lib\master\master.js] [39m[fight],[fight-server-1],[1493986993681],[disconnect]
[2017-05-05 20:23:13.712] [INFO] crash-log - [32m[e:\zipai\zipai_server\game-server\node_modules\pomelo\lib\master\master.js] [39m[gate],[gate-server-1],[1493986993712],[disconnect]
[2017-05-05 20:23:13.718] [INFO] crash-log - [32m[e:\zipai\zipai_server\game-server\node_modules\pomelo\lib\master\master.js] [39m[gamehttp],[gamehttp],[1493986993718],[disconnect]
[2017-05-05 20:23:13.728] [INFO] crash-log - [32m[e:\zipai\zipai_server\game-server\node_modules\pomelo\lib\master\master.js] [39m[game],[game-server-1],[1493986993728],[disconnect]
[2017-05-05 20:23:13.737] [INFO] crash-log - [32m[e:\zipai\zipai_server\game-server\node_modules\pomelo\lib\master\master.js] [39m[connector],[connector-server-3],[1493986993737],[disconnect]
[2017-05-05 20:23:13.744] [INFO] crash-log - [32m[e:\zipai\zipai_server\game-server\node_modules\pomelo\lib\master\master.js] [39m[auth],[auth-server-1],[1493986993744],[disconnect]
[2017-05-05 20:23:13.747] [INFO] crash-log - [32m[e:\zipai\zipai_server\game-server\node_modules\pomelo\lib\master\master.js] [39m[connector],[connector-server-2],[1493986993747],[disconnect]
[2017-05-05 20:23:13.754] [INFO] crash-log - [32m[e:\zipai\zipai_server\game-server\node_modules\pomelo\lib\master\master.js] [39m[connector],[connector-server-1],[1493986993754],[disconnect]
[2017-05-05 20:23:13.761] [INFO] crash-log - [32m[e:\zipai\zipai_server\game-server\node_modules\pomelo\lib\master\master.js] [39m[master],[master-server-1],[1493986993761],[disconnect]
[2017-05-05 20:23:37.058] [INFO] crash-log - [32m[e:\zipai\zipai_server\game-server\node_modules\pomelo\lib\master\master.js] [39m[gate],[gate-server-1],[1493987017058],[disconnect]
[2017-05-05 20:23:37.078] [INFO] crash-log - [32m[e:\zipai\zipai_server\game-server\node_modules\pomelo\lib\master\master.js] [39m[auth],[auth-server-1],[1493987017078],[disconnect]
[2017-05-05 20:23:37.086] [INFO] crash-log - [32m[e:\zipai\zipai_server\game-server\node_modules\pomelo\lib\master\master.js] [39m[fight],[fight-server-1],[1493987017086],[disconnect]
[2017-05-05 20:23:37.094] [INFO] crash-log - [32m[e:\zipai\zipai_server\game-server\node_modules\pomelo\lib\master\master.js] [39m[gamehttp],[gamehttp],[1493987017094],[disconnect]
[2017-05-05 20:23:37.105] [INFO] crash-log - [32m[e:\zipai\zipai_server\game-server\node_modules\pomelo\lib\master\master.js] [39m[game],[game-server-1],[1493987017105],[disconnect]
[2017-05-05 20:23:37.142] [INFO] crash-log - [32m[e:\zipai\zipai_server\game-server\node_modules\pomelo\lib\master\master.js] [39m[master],[master-server-1],[1493987017142],[disconnect]
[2017-05-05 20:24:05.250] [INFO] crash-log - [32m[e:\zipai\zipai_server\game-server\node_modules\pomelo\lib\master\master.js] [39m[game],[game-server-1],[1493987045250],[disconnect]
[2017-05-05 20:24:05.272] [INFO] crash-log - [32m[e:\zipai\zipai_server\game-server\node_modules\pomelo\lib\master\master.js] [39m[gate],[gate-server-1],[1493987045272],[disconnect]
[2017-05-05 20:24:05.276] [INFO] crash-log - [32m[e:\zipai\zipai_server\game-server\node_modules\pomelo\lib\master\master.js] [39m[auth],[auth-server-1],[1493987045276],[disconnect]
[2017-05-05 20:24:05.286] [INFO] crash-log - [32m[e:\zipai\zipai_server\game-server\node_modules\pomelo\lib\master\master.js] [39m[fight],[fight-server-1],[1493987045286],[disconnect]
[2017-05-05 20:24:05.290] [INFO] crash-log - [32m[e:\zipai\zipai_server\game-server\node_modules\pomelo\lib\master\master.js] [39m[gamehttp],[gamehttp],[1493987045290],[disconnect]
[2017-05-05 20:24:05.312] [INFO] crash-log - [32m[e:\zipai\zipai_server\game-server\node_modules\pomelo\lib\master\master.js] [39m[master],[master-server-1],[1493987045312],[disconnect]
[2017-05-05 20:25:01.534] [INFO] crash-log - [32m[e:\zipai\zipai_server\game-server\node_modules\pomelo\lib\master\master.js] [39m[gate],[gate-server-1],[1493987101533],[disconnect]
[2017-05-05 20:25:01.539] [INFO] crash-log - [32m[e:\zipai\zipai_server\game-server\node_modules\pomelo\lib\master\master.js] [39m[game],[game-server-1],[1493987101539],[disconnect]
[2017-05-05 20:25:01.565] [INFO] crash-log - [32m[e:\zipai\zipai_server\game-server\node_modules\pomelo\lib\master\master.js] [39m[connector],[connector-server-3],[1493987101565],[disconnect]
[2017-05-05 20:25:01.568] [INFO] crash-log - [32m[e:\zipai\zipai_server\game-server\node_modules\pomelo\lib\master\master.js] [39m[fight],[fight-server-1],[1493987101568],[disconnect]
[2017-05-05 20:25:01.571] [INFO] crash-log - [32m[e:\zipai\zipai_server\game-server\node_modules\pomelo\lib\master\master.js] [39m[gamehttp],[gamehttp],[1493987101571],[disconnect]
[2017-05-05 20:25:01.579] [INFO] crash-log - [32m[e:\zipai\zipai_server\game-server\node_modules\pomelo\lib\master\master.js] [39m[auth],[auth-server-1],[1493987101579],[disconnect]
[2017-05-05 20:25:01.584] [INFO] crash-log - [32m[e:\zipai\zipai_server\game-server\node_modules\pomelo\lib\master\master.js] [39m[connector],[connector-server-1],[1493987101584],[disconnect]
[2017-05-05 20:25:01.585] [INFO] crash-log - [32m[e:\zipai\zipai_server\game-server\node_modules\pomelo\lib\master\master.js] [39m[master],[master-server-1],[1493987101585],[disconnect]
[2017-05-05 20:25:01.589] [INFO] crash-log - [32m[e:\zipai\zipai_server\game-server\node_modules\pomelo\lib\master\master.js] [39m[connector],[connector-server-2],[1493987101589],[disconnect]
[2017-05-05 20:29:06.618] [INFO] crash-log - [32m[e:\zipai\zipai_server\game-server\node_modules\pomelo\lib\master\master.js] [39m[gate],[gate-server-1],[1493987346618],[disconnect]
[2017-05-05 20:29:06.648] [INFO] crash-log - [32m[e:\zipai\zipai_server\game-server\node_modules\pomelo\lib\master\master.js] [39m[gamehttp],[gamehttp],[1493987346648],[disconnect]
[2017-05-05 20:29:06.652] [INFO] crash-log - [32m[e:\zipai\zipai_server\game-server\node_modules\pomelo\lib\master\master.js] [39m[fight],[fight-server-1],[1493987346651],[disconnect]
[2017-05-05 20:29:06.655] [INFO] crash-log - [32m[e:\zipai\zipai_server\game-server\node_modules\pomelo\lib\master\master.js] [39m[connector],[connector-server-3],[1493987346655],[disconnect]
[2017-05-05 20:29:06.660] [INFO] crash-log - [32m[e:\zipai\zipai_server\game-server\node_modules\pomelo\lib\master\master.js] [39m[game],[game-server-1],[1493987346660],[disconnect]
[2017-05-05 20:29:06.662] [INFO] crash-log - [32m[e:\zipai\zipai_server\game-server\node_modules\pomelo\lib\master\master.js] [39m[connector],[connector-server-2],[1493987346662],[disconnect]
[2017-05-05 20:29:06.664] [INFO] crash-log - [32m[e:\zipai\zipai_server\game-server\node_modules\pomelo\lib\master\master.js] [39m[auth],[auth-server-1],[1493987346664],[disconnect]
[2017-05-05 20:29:06.666] [INFO] crash-log - [32m[e:\zipai\zipai_server\game-server\node_modules\pomelo\lib\master\master.js] [39m[connector],[connector-server-1],[1493987346665],[disconnect]
[2017-05-05 20:29:06.683] [INFO] crash-log - [32m[e:\zipai\zipai_server\game-server\node_modules\pomelo\lib\master\master.js] [39m[master],[master-server-1],[1493987346683],[disconnect]
[2017-05-05 20:31:12.102] [INFO] crash-log - [32m[e:\zipai\zipai_server\game-server\node_modules\pomelo\lib\master\master.js] [39m[gate],[gate-server-1],[1493987472102],[disconnect]
[2017-05-05 20:31:12.109] [INFO] crash-log - [32m[e:\zipai\zipai_server\game-server\node_modules\pomelo\lib\master\master.js] [39m[gamehttp],[gamehttp],[1493987472109],[disconnect]
[2017-05-05 20:31:12.120] [INFO] crash-log - [32m[e:\zipai\zipai_server\game-server\node_modules\pomelo\lib\master\master.js] [39m[fight],[fight-server-1],[1493987472120],[disconnect]
[2017-05-05 20:31:12.127] [INFO] crash-log - [32m[e:\zipai\zipai_server\game-server\node_modules\pomelo\lib\master\master.js] [39m[game],[game-server-1],[1493987472127],[disconnect]
[2017-05-05 20:31:12.130] [INFO] crash-log - [32m[e:\zipai\zipai_server\game-server\node_modules\pomelo\lib\master\master.js] [39m[connector],[connector-server-3],[1493987472130],[disconnect]
[2017-05-05 20:31:12.138] [INFO] crash-log - [32m[e:\zipai\zipai_server\game-server\node_modules\pomelo\lib\master\master.js] [39m[auth],[auth-server-1],[1493987472138],[disconnect]
[2017-05-05 20:31:12.142] [INFO] crash-log - [32m[e:\zipai\zipai_server\game-server\node_modules\pomelo\lib\master\master.js] [39m[connector],[connector-server-2],[1493987472142],[disconnect]
[2017-05-05 20:31:12.144] [INFO] crash-log - [32m[e:\zipai\zipai_server\game-server\node_modules\pomelo\lib\master\master.js] [39m[connector],[connector-server-1],[1493987472144],[disconnect]
[2017-05-05 20:31:12.147] [INFO] crash-log - [32m[e:\zipai\zipai_server\game-server\node_modules\pomelo\lib\master\master.js] [39m[master],[master-server-1],[1493987472147],[disconnect]
[2017-05-05 20:39:58.964] [INFO] crash-log - [32m[e:\zipai\zipai_server\game-server\node_modules\pomelo\lib\master\master.js] [39m[gate],[gate-server-1],[1493987998964],[disconnect]
[2017-05-05 20:39:59.042] [INFO] crash-log - [32m[e:\zipai\zipai_server\game-server\node_modules\pomelo\lib\master\master.js] [39m[auth],[auth-server-1],[1493987999041],[disconnect]
[2017-05-05 20:39:59.045] [INFO] crash-log - [32m[e:\zipai\zipai_server\game-server\node_modules\pomelo\lib\master\master.js] [39m[fight],[fight-server-1],[1493987999045],[disconnect]
[2017-05-05 20:39:59.069] [INFO] crash-log - [32m[e:\zipai\zipai_server\game-server\node_modules\pomelo\lib\master\master.js] [39m[gamehttp],[gamehttp],[1493987999069],[disconnect]
[2017-05-05 20:39:59.079] [INFO] crash-log - [32m[e:\zipai\zipai_server\game-server\node_modules\pomelo\lib\master\master.js] [39m[game],[game-server-1],[1493987999079],[disconnect]
[2017-05-05 20:39:59.088] [INFO] crash-log - [32m[e:\zipai\zipai_server\game-server\node_modules\pomelo\lib\master\master.js] [39m[connector],[connector-server-3],[1493987999088],[disconnect]
[2017-05-05 20:39:59.090] [INFO] crash-log - [32m[e:\zipai\zipai_server\game-server\node_modules\pomelo\lib\master\master.js] [39m[connector],[connector-server-2],[1493987999090],[disconnect]
[2017-05-05 20:39:59.099] [INFO] crash-log - [32m[e:\zipai\zipai_server\game-server\node_modules\pomelo\lib\master\master.js] [39m[connector],[connector-server-1],[1493987999098],[disconnect]
[2017-05-05 20:39:59.111] [INFO] crash-log - [32m[e:\zipai\zipai_server\game-server\node_modules\pomelo\lib\master\master.js] [39m[master],[master-server-1],[1493987999111],[disconnect]
[2017-05-05 20:44:38.978] [INFO] crash-log - [32m[e:\zipai\zipai_server\game-server\node_modules\pomelo\lib\master\master.js] [39m[gate],[gate-server-1],[1493988278978],[disconnect]
[2017-05-05 20:44:39.039] [INFO] crash-log - [32m[e:\zipai\zipai_server\game-server\node_modules\pomelo\lib\master\master.js] [39m[gamehttp],[gamehttp],[1493988279039],[disconnect]
[2017-05-05 20:44:39.044] [INFO] crash-log - [32m[e:\zipai\zipai_server\game-server\node_modules\pomelo\lib\master\master.js] [39m[auth],[auth-server-1],[1493988279044],[disconnect]
[2017-05-05 20:44:39.045] [INFO] crash-log - [32m[e:\zipai\zipai_server\game-server\node_modules\pomelo\lib\master\master.js] [39m[fight],[fight-server-1],[1493988279045],[disconnect]
[2017-05-05 20:44:39.048] [INFO] crash-log - [32m[e:\zipai\zipai_server\game-server\node_modules\pomelo\lib\master\master.js] [39m[game],[game-server-1],[1493988279048],[disconnect]
[2017-05-05 20:44:39.052] [INFO] crash-log - [32m[e:\zipai\zipai_server\game-server\node_modules\pomelo\lib\master\master.js] [39m[connector],[connector-server-2],[1493988279052],[disconnect]
[2017-05-05 20:44:39.053] [INFO] crash-log - [32m[e:\zipai\zipai_server\game-server\node_modules\pomelo\lib\master\master.js] [39m[connector],[connector-server-3],[1493988279053],[disconnect]
[2017-05-05 20:44:39.056] [INFO] crash-log - [32m[e:\zipai\zipai_server\game-server\node_modules\pomelo\lib\master\master.js] [39m[connector],[connector-server-1],[1493988279056],[disconnect]
[2017-05-05 20:44:39.071] [INFO] crash-log - [32m[e:\zipai\zipai_server\game-server\node_modules\pomelo\lib\master\master.js] [39m[master],[master-server-1],[1493988279071],[disconnect]
[2017-05-05 20:47:01.743] [INFO] crash-log - [32m[e:\zipai\zipai_server\game-server\node_modules\pomelo\lib\master\master.js] [39m[gate],[gate-server-1],[1493988421743],[disconnect]
[2017-05-05 20:47:01.750] [INFO] crash-log - [32m[e:\zipai\zipai_server\game-server\node_modules\pomelo\lib\master\master.js] [39m[auth],[auth-server-1],[1493988421750],[disconnect]
[2017-05-05 20:47:01.753] [INFO] crash-log - [32m[e:\zipai\zipai_server\game-server\node_modules\pomelo\lib\master\master.js] [39m[fight],[fight-server-1],[1493988421753],[disconnect]
[2017-05-05 20:47:01.764] [INFO] crash-log - [32m[e:\zipai\zipai_server\game-server\node_modules\pomelo\lib\master\master.js] [39m[gamehttp],[gamehttp],[1493988421764],[disconnect]
[2017-05-05 20:47:01.776] [INFO] crash-log - [32m[e:\zipai\zipai_server\game-server\node_modules\pomelo\lib\master\master.js] [39m[connector],[connector-server-2],[1493988421776],[disconnect]
[2017-05-05 20:47:01.780] [INFO] crash-log - [32m[e:\zipai\zipai_server\game-server\node_modules\pomelo\lib\master\master.js] [39m[game],[game-server-1],[1493988421780],[disconnect]
[2017-05-05 20:47:01.782] [INFO] crash-log - [32m[e:\zipai\zipai_server\game-server\node_modules\pomelo\lib\master\master.js] [39m[connector],[connector-server-1],[1493988421782],[disconnect]
[2017-05-05 20:47:01.783] [INFO] crash-log - [32m[e:\zipai\zipai_server\game-server\node_modules\pomelo\lib\master\master.js] [39m[connector],[connector-server-3],[1493988421783],[disconnect]
[2017-05-05 20:47:01.792] [INFO] crash-log - [32m[e:\zipai\zipai_server\game-server\node_modules\pomelo\lib\master\master.js] [39m[master],[master-server-1],[1493988421792],[disconnect]
[2017-05-05 20:47:31.315] [INFO] crash-log - [32m[e:\zipai\zipai_server\game-server\node_modules\pomelo\lib\master\master.js] [39m[auth],[auth-server-1],[1493988451315],[disconnect]
[2017-05-05 20:47:31.320] [INFO] crash-log - [32m[e:\zipai\zipai_server\game-server\node_modules\pomelo\lib\master\master.js] [39m[gate],[gate-server-1],[1493988451320],[disconnect]
[2017-05-05 20:47:31.344] [INFO] crash-log - [32m[e:\zipai\zipai_server\game-server\node_modules\pomelo\lib\master\master.js] [39m[fight],[fight-server-1],[1493988451344],[disconnect]
[2017-05-05 20:47:31.352] [INFO] crash-log - [32m[e:\zipai\zipai_server\game-server\node_modules\pomelo\lib\master\master.js] [39m[gamehttp],[gamehttp],[1493988451352],[disconnect]
[2017-05-05 20:47:31.362] [INFO] crash-log - [32m[e:\zipai\zipai_server\game-server\node_modules\pomelo\lib\master\master.js] [39m[game],[game-server-1],[1493988451362],[disconnect]
[2017-05-05 20:47:31.372] [INFO] crash-log - [32m[e:\zipai\zipai_server\game-server\node_modules\pomelo\lib\master\master.js] [39m[connector],[connector-server-3],[1493988451372],[disconnect]
[2017-05-05 20:47:31.381] [INFO] crash-log - [32m[e:\zipai\zipai_server\game-server\node_modules\pomelo\lib\master\master.js] [39m[connector],[connector-server-2],[1493988451381],[disconnect]
[2017-05-05 20:47:31.385] [INFO] crash-log - [32m[e:\zipai\zipai_server\game-server\node_modules\pomelo\lib\master\master.js] [39m[connector],[connector-server-1],[1493988451385],[disconnect]
[2017-05-05 20:47:31.394] [INFO] crash-log - [32m[e:\zipai\zipai_server\game-server\node_modules\pomelo\lib\master\master.js] [39m[master],[master-server-1],[1493988451394],[disconnect]
[2017-05-05 21:04:25.791] [INFO] crash-log - [32m[e:\zipai\zipai_server\game-server\node_modules\pomelo\lib\master\master.js] [39m[gate],[gate-server-1],[1493989465791],[disconnect]
[2017-05-05 21:04:25.871] [INFO] crash-log - [32m[e:\zipai\zipai_server\game-server\node_modules\pomelo\lib\master\master.js] [39m[fight],[fight-server-1],[1493989465871],[disconnect]
[2017-05-05 21:04:25.874] [INFO] crash-log - [32m[e:\zipai\zipai_server\game-server\node_modules\pomelo\lib\master\master.js] [39m[auth],[auth-server-1],[1493989465874],[disconnect]
[2017-05-05 21:04:25.880] [INFO] crash-log - [32m[e:\zipai\zipai_server\game-server\node_modules\pomelo\lib\master\master.js] [39m[connector],[connector-server-3],[1493989465880],[disconnect]
[2017-05-05 21:04:25.882] [INFO] crash-log - [32m[e:\zipai\zipai_server\game-server\node_modules\pomelo\lib\master\master.js] [39m[connector],[connector-server-2],[1493989465882],[disconnect]
[2017-05-05 21:04:25.884] [INFO] crash-log - [32m[e:\zipai\zipai_server\game-server\node_modules\pomelo\lib\master\master.js] [39m[gamehttp],[gamehttp],[1493989465884],[disconnect]
[2017-05-05 21:04:25.887] [INFO] crash-log - [32m[e:\zipai\zipai_server\game-server\node_modules\pomelo\lib\master\master.js] [39m[game],[game-server-1],[1493989465887],[disconnect]
[2017-05-05 21:04:25.897] [INFO] crash-log - [32m[e:\zipai\zipai_server\game-server\node_modules\pomelo\lib\master\master.js] [39m[connector],[connector-server-1],[1493989465897],[disconnect]
[2017-05-05 21:04:25.909] [INFO] crash-log - [32m[e:\zipai\zipai_server\game-server\node_modules\pomelo\lib\master\master.js] [39m[master],[master-server-1],[1493989465909],[disconnect]
[2017-05-05 22:02:30.663] [INFO] crash-log - [32m[e:\zipai\zipai_server\game-server\node_modules\pomelo\lib\master\master.js] [39m[gate],[gate-server-1],[1493992950663],[disconnect]
[2017-05-05 22:02:30.679] [INFO] crash-log - [32m[e:\zipai\zipai_server\game-server\node_modules\pomelo\lib\master\master.js] [39m[gamehttp],[gamehttp],[1493992950679],[disconnect]
[2017-05-05 22:02:30.692] [INFO] crash-log - [32m[e:\zipai\zipai_server\game-server\node_modules\pomelo\lib\master\master.js] [39m[game],[game-server-1],[1493992950692],[disconnect]
[2017-05-05 22:02:30.700] [INFO] crash-log - [32m[e:\zipai\zipai_server\game-server\node_modules\pomelo\lib\master\master.js] [39m[fight],[fight-server-1],[1493992950700],[disconnect]
[2017-05-05 22:02:30.703] [INFO] crash-log - [32m[e:\zipai\zipai_server\game-server\node_modules\pomelo\lib\master\master.js] [39m[auth],[auth-server-1],[1493992950703],[disconnect]
[2017-05-05 22:02:30.705] [INFO] crash-log - [32m[e:\zipai\zipai_server\game-server\node_modules\pomelo\lib\master\master.js] [39m[connector],[connector-server-3],[1493992950705],[disconnect]
[2017-05-05 22:02:30.709] [INFO] crash-log - [32m[e:\zipai\zipai_server\game-server\node_modules\pomelo\lib\master\master.js] [39m[connector],[connector-server-2],[1493992950709],[disconnect]
[2017-05-05 22:02:30.712] [INFO] crash-log - [32m[e:\zipai\zipai_server\game-server\node_modules\pomelo\lib\master\master.js] [39m[connector],[connector-server-1],[1493992950712],[disconnect]
[2017-05-05 22:02:30.730] [INFO] crash-log - [32m[e:\zipai\zipai_server\game-server\node_modules\pomelo\lib\master\master.js] [39m[master],[master-server-1],[1493992950728],[disconnect]
[2017-05-05 22:17:48.104] [INFO] crash-log - [32m[e:\zipai\zipai_server\game-server\node_modules\pomelo\lib\master\master.js] [39m[gate],[gate-server-1],[1493993868104],[disconnect]
[2017-05-05 22:17:48.112] [INFO] crash-log - [32m[e:\zipai\zipai_server\game-server\node_modules\pomelo\lib\master\master.js] [39m[gamehttp],[gamehttp],[1493993868112],[disconnect]
[2017-05-05 22:17:48.121] [INFO] crash-log - [32m[e:\zipai\zipai_server\game-server\node_modules\pomelo\lib\master\master.js] [39m[game],[game-server-1],[1493993868121],[disconnect]
[2017-05-05 22:17:48.129] [INFO] crash-log - [32m[e:\zipai\zipai_server\game-server\node_modules\pomelo\lib\master\master.js] [39m[auth],[auth-server-1],[1493993868129],[disconnect]
[2017-05-05 22:17:48.135] [INFO] crash-log - [32m[e:\zipai\zipai_server\game-server\node_modules\pomelo\lib\master\master.js] [39m[fight],[fight-server-1],[1493993868134],[disconnect]
[2017-05-05 22:17:48.141] [INFO] crash-log - [32m[e:\zipai\zipai_server\game-server\node_modules\pomelo\lib\master\master.js] [39m[connector],[connector-server-1],[1493993868141],[disconnect]
[2017-05-05 22:17:48.147] [INFO] crash-log - [32m[e:\zipai\zipai_server\game-server\node_modules\pomelo\lib\master\master.js] [39m[master],[master-server-1],[1493993868147],[disconnect]
[2017-05-05 23:49:21.731] [INFO] crash-log - [32m[e:\zipai\zipai_server\game-server\node_modules\pomelo\lib\master\master.js] [39m[gate],[gate-server-1],[1493999361731],[disconnect]
[2017-05-05 23:49:21.738] [INFO] crash-log - [32m[e:\zipai\zipai_server\game-server\node_modules\pomelo\lib\master\master.js] [39m[gamehttp],[gamehttp],[1493999361738],[disconnect]
[2017-05-05 23:49:21.745] [INFO] crash-log - [32m[e:\zipai\zipai_server\game-server\node_modules\pomelo\lib\master\master.js] [39m[game],[game-server-1],[1493999361745],[disconnect]
[2017-05-05 23:49:21.753] [INFO] crash-log - [32m[e:\zipai\zipai_server\game-server\node_modules\pomelo\lib\master\master.js] [39m[auth],[auth-server-1],[1493999361753],[disconnect]
[2017-05-05 23:49:21.761] [INFO] crash-log - [32m[e:\zipai\zipai_server\game-server\node_modules\pomelo\lib\master\master.js] [39m[fight],[fight-server-1],[1493999361761],[disconnect]
[2017-05-05 23:49:21.768] [INFO] crash-log - [32m[e:\zipai\zipai_server\game-server\node_modules\pomelo\lib\master\master.js] [39m[connector],[connector-server-1],[1493999361768],[disconnect]
[2017-05-06 10:47:27.931] [INFO] crash-log - [32m[e:\zipai\zipai_server\game-server\node_modules\pomelo\lib\master\master.js] [39m[gate],[gate-server-1],[1494038847931],[disconnect]
[2017-05-06 11:39:30.869] [INFO] crash-log - [32m[e:\zipai\zipai_server\game-server\node_modules\pomelo\lib\master\master.js] [39m[game],[game-server-1],[1494041970869],[disconnect]
[2017-05-06 11:39:30.887] [INFO] crash-log - [32m[e:\zipai\zipai_server\game-server\node_modules\pomelo\lib\master\master.js] [39m[auth],[auth-server-1],[1494041970887],[disconnect]
[2017-05-06 11:39:30.899] [INFO] crash-log - [32m[e:\zipai\zipai_server\game-server\node_modules\pomelo\lib\master\master.js] [39m[gate],[gate-server-1],[1494041970899],[disconnect]
[2017-05-06 11:39:30.904] [INFO] crash-log - [32m[e:\zipai\zipai_server\game-server\node_modules\pomelo\lib\master\master.js] [39m[fight],[fight-server-1],[1494041970904],[disconnect]
[2017-05-06 11:39:30.906] [INFO] crash-log - [32m[e:\zipai\zipai_server\game-server\node_modules\pomelo\lib\master\master.js] [39m[master],[master-server-1],[1494041970906],[disconnect]
[2017-05-06 11:39:30.913] [INFO] crash-log - [32m[e:\zipai\zipai_server\game-server\node_modules\pomelo\lib\master\master.js] [39m[gamehttp],[gamehttp],[1494041970913],[disconnect]
[2017-05-06 11:39:30.925] [INFO] crash-log - [32m[e:\zipai\zipai_server\game-server\node_modules\pomelo\lib\master\master.js] [39m[connector],[connector-server-1],[1494041970925],[disconnect]
[2017-05-09 00:02:25.926] [INFO] crash-log - [32m[e:\zipai\zipai_server\game-server\node_modules\pomelo\lib\master\master.js] [39m[gate],[gate-server-1],[1494259345926],[disconnect]
[2017-05-09 00:02:25.947] [INFO] crash-log - [32m[e:\zipai\zipai_server\game-server\node_modules\pomelo\lib\master\master.js] [39m[gamehttp],[gamehttp],[1494259345947],[disconnect]
[2017-05-09 00:02:25.955] [INFO] crash-log - [32m[e:\zipai\zipai_server\game-server\node_modules\pomelo\lib\master\master.js] [39m[game],[game-server-1],[1494259345955],[disconnect]
[2017-05-09 00:02:25.962] [INFO] crash-log - [32m[e:\zipai\zipai_server\game-server\node_modules\pomelo\lib\master\master.js] [39m[auth],[auth-server-1],[1494259345962],[disconnect]
[2017-05-09 00:02:25.971] [INFO] crash-log - [32m[e:\zipai\zipai_server\game-server\node_modules\pomelo\lib\master\master.js] [39m[fight],[fight-server-1],[1494259345971],[disconnect]
[2017-05-09 00:02:25.981] [INFO] crash-log - [32m[e:\zipai\zipai_server\game-server\node_modules\pomelo\lib\master\master.js] [39m[connector],[connector-server-1],[1494259345981],[disconnect]
[2017-05-10 16:19:21.683] [INFO] crash-log - [32m[E:\zipai\zipai_server\game-server\node_modules\pomelo\lib\master\master.js] [39m[game],[game-server-1],[1494404361683],[disconnect]
[2017-05-10 16:19:21.686] [INFO] crash-log - [32m[E:\zipai\zipai_server\game-server\node_modules\pomelo\lib\master\master.js] [39m[fight],[fight-server-1],[1494404361686],[disconnect]
[2017-05-10 16:19:21.690] [INFO] crash-log - [32m[E:\zipai\zipai_server\game-server\node_modules\pomelo\lib\master\master.js] [39m[auth],[auth-server-1],[1494404361690],[disconnect]
[2017-05-10 16:19:21.706] [INFO] crash-log - [32m[E:\zipai\zipai_server\game-server\node_modules\pomelo\lib\master\master.js] [39m[connector],[connector-server-1],[1494404361706],[disconnect]
[2017-05-10 16:19:21.708] [INFO] crash-log - [32m[E:\zipai\zipai_server\game-server\node_modules\pomelo\lib\master\master.js] [39m[chat],[chat-server-1],[1494404361708],[disconnect]
[2017-05-10 16:19:21.715] [INFO] crash-log - [32m[E:\zipai\zipai_server\game-server\node_modules\pomelo\lib\master\master.js] [39m[gamehttp],[gamehttp],[1494404361715],[disconnect]
[2017-05-10 16:19:21.722] [INFO] crash-log - [32m[E:\zipai\zipai_server\game-server\node_modules\pomelo\lib\master\master.js] [39m[gate],[gate-server-1],[1494404361722],[disconnect]
[2017-05-10 16:22:44.790] [INFO] crash-log - [32m[E:\zipai\zipai_server\game-server\node_modules\pomelo\lib\master\master.js] [39m[gate],[gate-server-1],[1494404564790],[disconnect]
[2017-05-10 16:22:44.792] [INFO] crash-log - [32m[E:\zipai\zipai_server\game-server\node_modules\pomelo\lib\master\master.js] [39m[connector],[connector-server-1],[1494404564792],[disconnect]
[2017-05-10 16:22:44.795] [INFO] crash-log - [32m[E:\zipai\zipai_server\game-server\node_modules\pomelo\lib\master\master.js] [39m[chat],[chat-server-1],[1494404564795],[disconnect]
[2017-05-10 16:22:44.796] [INFO] crash-log - [32m[E:\zipai\zipai_server\game-server\node_modules\pomelo\lib\master\master.js] [39m[auth],[auth-server-1],[1494404564796],[disconnect]
[2017-05-10 16:22:44.816] [INFO] crash-log - [32m[E:\zipai\zipai_server\game-server\node_modules\pomelo\lib\master\master.js] [39m[game],[game-server-1],[1494404564816],[disconnect]
[2017-05-10 16:22:44.822] [INFO] crash-log - [32m[E:\zipai\zipai_server\game-server\node_modules\pomelo\lib\master\master.js] [39m[fight],[fight-server-1],[1494404564822],[disconnect]
[2017-05-10 16:22:44.832] [INFO] crash-log - [32m[E:\zipai\zipai_server\game-server\node_modules\pomelo\lib\master\master.js] [39m[gamehttp],[gamehttp],[1494404564832],[disconnect]
[2017-05-10 16:35:47.257] [INFO] crash-log - [32m[E:\zipai\zipai_server\game-server\node_modules\pomelo\lib\master\master.js] [39m[gate],[gate-server-1],[1494405347257],[disconnect]
[2017-05-10 16:35:47.310] [INFO] crash-log - [32m[E:\zipai\zipai_server\game-server\node_modules\pomelo\lib\master\master.js] [39m[gamehttp],[gamehttp],[1494405347310],[disconnect]
[2017-05-10 16:36:02.389] [INFO] crash-log - [32m[E:\zipai\zipai_server\game-server\node_modules\pomelo\lib\master\master.js] [39m[gate],[gate-server-1],[1494405362389],[disconnect]
[2017-05-10 16:36:02.406] [INFO] crash-log - [32m[E:\zipai\zipai_server\game-server\node_modules\pomelo\lib\master\master.js] [39m[gamehttp],[gamehttp],[1494405362406],[disconnect]
[2017-05-10 21:06:03.805] [INFO] crash-log - [32m[e:\zipai\zipai_server\game-server\node_modules\pomelo\lib\master\master.js] [39m[master],[master-server-1],[1494421563805],[disconnect]
[2017-05-10 21:06:03.813] [INFO] crash-log - [32m[e:\zipai\zipai_server\game-server\node_modules\pomelo\lib\master\master.js] [39m[fight],[fight-server-1],[1494421563812],[disconnect]
[2017-05-10 21:06:03.816] [INFO] crash-log - [32m[e:\zipai\zipai_server\game-server\node_modules\pomelo\lib\master\master.js] [39m[connector],[connector-server-1],[1494421563816],[disconnect]
[2017-05-10 21:06:03.818] [INFO] crash-log - [32m[e:\zipai\zipai_server\game-server\node_modules\pomelo\lib\master\master.js] [39m[game],[game-server-1],[1494421563818],[disconnect]
[2017-05-10 21:06:03.820] [INFO] crash-log - [32m[e:\zipai\zipai_server\game-server\node_modules\pomelo\lib\master\master.js] [39m[chat],[chat-server-1],[1494421563820],[disconnect]
[2017-05-10 21:06:03.821] [INFO] crash-log - [32m[e:\zipai\zipai_server\game-server\node_modules\pomelo\lib\master\master.js] [39m[gamehttp],[gamehttp],[1494421563821],[disconnect]
[2017-05-10 21:06:03.823] [INFO] crash-log - [32m[e:\zipai\zipai_server\game-server\node_modules\pomelo\lib\master\master.js] [39m[gate],[gate-server-1],[1494421563823],[disconnect]
[2017-05-10 21:06:03.824] [INFO] crash-log - [32m[e:\zipai\zipai_server\game-server\node_modules\pomelo\lib\master\master.js] [39m[auth],[auth-server-1],[1494421563824],[disconnect]
[2017-05-10 23:18:17.796] [INFO] crash-log - [32m[e:\zipai\zipai_server\game-server\node_modules\pomelo\lib\master\master.js] [39m[gate],[gate-server-1],[1494429497796],[disconnect]
[2017-05-10 23:18:17.817] [INFO] crash-log - [32m[e:\zipai\zipai_server\game-server\node_modules\pomelo\lib\master\master.js] [39m[gamehttp],[gamehttp],[1494429497817],[disconnect]
[2017-05-10 23:18:17.834] [INFO] crash-log - [32m[e:\zipai\zipai_server\game-server\node_modules\pomelo\lib\master\master.js] [39m[chat],[chat-server-1],[1494429497834],[disconnect]
[2017-05-10 23:18:17.851] [INFO] crash-log - [32m[e:\zipai\zipai_server\game-server\node_modules\pomelo\lib\master\master.js] [39m[game],[game-server-1],[1494429497851],[disconnect]
[2017-05-10 23:18:17.862] [INFO] crash-log - [32m[e:\zipai\zipai_server\game-server\node_modules\pomelo\lib\master\master.js] [39m[auth],[auth-server-1],[1494429497862],[disconnect]
[2017-05-10 23:18:17.875] [INFO] crash-log - [32m[e:\zipai\zipai_server\game-server\node_modules\pomelo\lib\master\master.js] [39m[fight],[fight-server-1],[1494429497874],[disconnect]
[2017-05-10 23:18:17.882] [INFO] crash-log - [32m[e:\zipai\zipai_server\game-server\node_modules\pomelo\lib\master\master.js] [39m[connector],[connector-server-1],[1494429497882],[disconnect]
[2017-05-11 09:45:58.020] [INFO] crash-log - [32m[e:\zipai\zipai_server\game-server\node_modules\pomelo\lib\master\master.js] [39m[chat],[chat-server-1],[1494467158020],[disconnect]
[2017-05-12 19:24:33.852] [INFO] crash-log - [32m[e:\zipai\zipai_server\game-server\node_modules\pomelo\lib\master\master.js] [39m[gamehttp],[gamehttp],[1494588273852],[disconnect]
[2017-05-15 14:16:55.243] [INFO] crash-log - [32m[e:\zipai\zipai_server\game-server\node_modules\pomelo\lib\master\master.js] [39m[client],[pomelo_list_1494829015126],[1494829015243],[disconnect]
[2017-05-15 14:17:38.155] [INFO] crash-log - [32m[e:\zipai\zipai_server\game-server\node_modules\pomelo\lib\master\master.js] [39m[client],[pomelo_list_1494829058117],[1494829058155],[disconnect]
[2017-05-15 18:29:17.863] [INFO] crash-log - [32m[E:\zipai\zipai_server\game-server\node_modules\pomelo\lib\master\master.js] [39m[gate],[gate-server-1],[1494844157863],[disconnect]
[2017-05-15 18:29:17.873] [INFO] crash-log - [32m[E:\zipai\zipai_server\game-server\node_modules\pomelo\lib\master\master.js] [39m[game],[game-server-1],[1494844157873],[disconnect]
[2017-05-19 16:20:23.880] [INFO] crash-log - [32m[e:\zipai\zipai_server\game-server\node_modules\pomelo\lib\master\master.js] [39m[chat],[chat-server-1],[1495182023880],[disconnect]
[2017-05-19 16:20:23.900] [INFO] crash-log - [32m[e:\zipai\zipai_server\game-server\node_modules\pomelo\lib\master\master.js] [39m[gate],[gate-server-1],[1495182023900],[disconnect]
[2017-05-19 16:20:23.904] [INFO] crash-log - [32m[e:\zipai\zipai_server\game-server\node_modules\pomelo\lib\master\master.js] [39m[game],[game-server-1],[1495182023904],[disconnect]
[2017-05-19 16:20:23.916] [INFO] crash-log - [32m[e:\zipai\zipai_server\game-server\node_modules\pomelo\lib\master\master.js] [39m[auth],[auth-server-1],[1495182023916],[disconnect]
[2017-05-19 16:20:23.925] [INFO] crash-log - [32m[e:\zipai\zipai_server\game-server\node_modules\pomelo\lib\master\master.js] [39m[connector],[connector-server-1],[1495182023925],[disconnect]
[2017-05-19 16:20:23.927] [INFO] crash-log - [32m[e:\zipai\zipai_server\game-server\node_modules\pomelo\lib\master\master.js] [39m[fight],[fight-server-1],[1495182023927],[disconnect]
[2017-05-19 16:20:23.930] [INFO] crash-log - [32m[e:\zipai\zipai_server\game-server\node_modules\pomelo\lib\master\master.js] [39m[master],[master-server-1],[1495182023930],[disconnect]
[2017-05-19 17:04:54.128] [INFO] crash-log - [32m[e:\zipai\zipai_server\game-server\node_modules\pomelo\lib\master\master.js] [39m[game],[game-server-1],[1495184694128],[disconnect]
[2017-05-19 17:04:54.136] [INFO] crash-log - [32m[e:\zipai\zipai_server\game-server\node_modules\pomelo\lib\master\master.js] [39m[auth],[auth-server-1],[1495184694136],[disconnect]
[2017-05-19 17:04:54.142] [INFO] crash-log - [32m[e:\zipai\zipai_server\game-server\node_modules\pomelo\lib\master\master.js] [39m[gate],[gate-server-1],[1495184694142],[disconnect]
[2017-05-19 17:04:54.156] [INFO] crash-log - [32m[e:\zipai\zipai_server\game-server\node_modules\pomelo\lib\master\master.js] [39m[connector],[connector-server-1],[1495184694156],[disconnect]
[2017-05-19 17:04:54.159] [INFO] crash-log - [32m[e:\zipai\zipai_server\game-server\node_modules\pomelo\lib\master\master.js] [39m[fight],[fight-server-1],[1495184694159],[disconnect]
[2017-05-19 17:04:54.166] [INFO] crash-log - [32m[e:\zipai\zipai_server\game-server\node_modules\pomelo\lib\master\master.js] [39m[chat],[chat-server-1],[1495184694166],[disconnect]
[2017-05-19 17:04:54.168] [INFO] crash-log - [32m[e:\zipai\zipai_server\game-server\node_modules\pomelo\lib\master\master.js] [39m[master],[master-server-1],[1495184694168],[disconnect]
[2017-05-20 02:26:21.610] [INFO] crash-log - [32m[e:\zipai\zipai_server\game-server\node_modules\pomelo\lib\master\master.js] [39m[gate],[gate-server-1],[1495218381610],[disconnect]
[2017-05-20 02:26:21.651] [INFO] crash-log - [32m[e:\zipai\zipai_server\game-server\node_modules\pomelo\lib\master\master.js] [39m[gamehttp],[gamehttp],[1495218381651],[disconnect]
[2017-05-20 02:26:21.660] [INFO] crash-log - [32m[e:\zipai\zipai_server\game-server\node_modules\pomelo\lib\master\master.js] [39m[chat],[chat-server-1],[1495218381660],[disconnect]
[2017-05-20 02:26:21.670] [INFO] crash-log - [32m[e:\zipai\zipai_server\game-server\node_modules\pomelo\lib\master\master.js] [39m[game],[game-server-1],[1495218381670],[disconnect]
[2017-05-20 02:26:21.686] [INFO] crash-log - [32m[e:\zipai\zipai_server\game-server\node_modules\pomelo\lib\master\master.js] [39m[auth],[auth-server-1],[1495218381686],[disconnect]
[2017-05-20 02:26:21.695] [INFO] crash-log - [32m[e:\zipai\zipai_server\game-server\node_modules\pomelo\lib\master\master.js] [39m[fight],[fight-server-1],[1495218381695],[disconnect]
[2017-05-20 02:26:21.705] [INFO] crash-log - [32m[e:\zipai\zipai_server\game-server\node_modules\pomelo\lib\master\master.js] [39m[connector],[connector-server-1],[1495218381705],[disconnect]
[2017-05-26 09:41:08.719] [INFO] crash-log - [32m[e:\zipai\zipai_server\game-server\node_modules\pomelo\lib\master\master.js] [39m[game],[game-server-1],[1495762868719],[disconnect]
[2017-05-26 20:40:31.189] [INFO] crash-log - [32m[e:\zipai\zipai_server\game-server\node_modules\pomelo\lib\master\master.js] [39m[master],[master-server-1],[1495802431189],[disconnect]
[2017-05-26 20:41:23.821] [INFO] crash-log - [32m[e:\zipai\zipai_server\game-server\node_modules\pomelo\lib\master\master.js] [39m[gate],[gate-server-1],[1495802483821],[disconnect]
[2017-05-26 20:44:20.451] [INFO] crash-log - [32m[e:\zipai\zipai_server\game-server\node_modules\pomelo\lib\master\master.js] [39m[game],[game-server-1],[1495802660450],[disconnect]
[2017-06-01 13:50:16.925] [INFO] crash-log - [32m[e:\zipai\zipai_server\game-server\node_modules\pomelo\lib\master\master.js] [39m[game],[game-server-1],[1496296216925],[disconnect]
[2017-06-01 13:50:16.941] [INFO] crash-log - [32m[e:\zipai\zipai_server\game-server\node_modules\pomelo\lib\master\master.js] [39m[chat],[chat-server-1],[1496296216941],[disconnect]
[2017-06-01 13:50:16.943] [INFO] crash-log - [32m[e:\zipai\zipai_server\game-server\node_modules\pomelo\lib\master\master.js] [39m[fight],[fight-server-1],[1496296216943],[disconnect]
[2017-06-01 13:50:16.944] [INFO] crash-log - [32m[e:\zipai\zipai_server\game-server\node_modules\pomelo\lib\master\master.js] [39m[gamehttp],[gamehttp],[1496296216944],[disconnect]
[2017-06-01 13:50:16.945] [INFO] crash-log - [32m[e:\zipai\zipai_server\game-server\node_modules\pomelo\lib\master\master.js] [39m[master],[master-server-1],[1496296216945],[disconnect]
[2017-06-01 13:50:16.945] [INFO] crash-log - [32m[e:\zipai\zipai_server\game-server\node_modules\pomelo\lib\master\master.js] [39m[gate],[gate-server-1],[1496296216945],[disconnect]
[2017-06-01 13:50:16.945] [INFO] crash-log - [32m[e:\zipai\zipai_server\game-server\node_modules\pomelo\lib\master\master.js] [39m[auth],[auth-server-1],[1496296216945],[disconnect]
[2017-06-01 13:50:16.946] [INFO] crash-log - [32m[e:\zipai\zipai_server\game-server\node_modules\pomelo\lib\master\master.js] [39m[connector],[connector-server-1],[1496296216946],[disconnect]
[2017-06-03 21:35:24.886] [INFO] crash-log - [32m[e:\zipai\zipai_server\game-server\node_modules\pomelo\lib\master\master.js] [39m[gate],[gate-server-1],[1496496924886],[disconnect]
[2017-06-03 21:35:24.918] [INFO] crash-log - [32m[e:\zipai\zipai_server\game-server\node_modules\pomelo\lib\master\master.js] [39m[gamehttp],[gamehttp],[1496496924918],[disconnect]
[2017-06-03 21:35:24.925] [INFO] crash-log - [32m[e:\zipai\zipai_server\game-server\node_modules\pomelo\lib\master\master.js] [39m[chat],[chat-server-1],[1496496924925],[disconnect]
[2017-06-03 21:35:24.951] [INFO] crash-log - [32m[e:\zipai\zipai_server\game-server\node_modules\pomelo\lib\master\master.js] [39m[game],[game-server-1],[1496496924951],[disconnect]
[2017-06-03 21:35:24.960] [INFO] crash-log - [32m[e:\zipai\zipai_server\game-server\node_modules\pomelo\lib\master\master.js] [39m[auth],[auth-server-1],[1496496924960],[disconnect]
[2017-06-03 21:35:24.969] [INFO] crash-log - [32m[e:\zipai\zipai_server\game-server\node_modules\pomelo\lib\master\master.js] [39m[fight],[fight-server-1],[1496496924969],[disconnect]
[2017-06-03 21:35:24.980] [INFO] crash-log - [32m[e:\zipai\zipai_server\game-server\node_modules\pomelo\lib\master\master.js] [39m[connector],[connector-server-1],[1496496924980],[disconnect]
[2017-06-08 20:21:47.860] [INFO] crash-log - [32m[e:\zipai\zipai_server\game-server\node_modules\pomelo\lib\master\master.js] [39m[gate],[gate-server-1],[1496924507859],[disconnect]
[2017-06-08 20:21:47.893] [INFO] crash-log - [32m[e:\zipai\zipai_server\game-server\node_modules\pomelo\lib\master\master.js] [39m[gamehttp],[gamehttp],[1496924507893],[disconnect]
[2017-06-08 20:21:47.899] [INFO] crash-log - [32m[e:\zipai\zipai_server\game-server\node_modules\pomelo\lib\master\master.js] [39m[chat],[chat-server-1],[1496924507899],[disconnect]
[2017-06-08 20:21:47.911] [INFO] crash-log - [32m[e:\zipai\zipai_server\game-server\node_modules\pomelo\lib\master\master.js] [39m[game],[game-server-1],[1496924507911],[disconnect]
[2017-06-08 20:21:47.923] [INFO] crash-log - [32m[e:\zipai\zipai_server\game-server\node_modules\pomelo\lib\master\master.js] [39m[auth],[auth-server-1],[1496924507923],[disconnect]
[2017-06-08 20:21:47.931] [INFO] crash-log - [32m[e:\zipai\zipai_server\game-server\node_modules\pomelo\lib\master\master.js] [39m[fight],[fight-server-1],[1496924507931],[disconnect]
[2017-06-08 20:21:47.939] [INFO] crash-log - [32m[e:\zipai\zipai_server\game-server\node_modules\pomelo\lib\master\master.js] [39m[connector],[connector-server-1],[1496924507939],[disconnect]
[2017-06-14 23:07:28.494] [INFO] crash-log - [32m[e:\zipai\zipai_server\game-server\node_modules\pomelo\lib\master\master.js] [39m[gate],[gate-server-1],[1497452848494],[disconnect]
[2017-06-14 23:07:28.520] [INFO] crash-log - [32m[e:\zipai\zipai_server\game-server\node_modules\pomelo\lib\master\master.js] [39m[gamehttp],[gamehttp],[1497452848520],[disconnect]
[2017-06-14 23:07:28.530] [INFO] crash-log - [32m[e:\zipai\zipai_server\game-server\node_modules\pomelo\lib\master\master.js] [39m[chat],[chat-server-1],[1497452848530],[disconnect]
[2017-06-14 23:07:28.541] [INFO] crash-log - [32m[e:\zipai\zipai_server\game-server\node_modules\pomelo\lib\master\master.js] [39m[game],[game-server-1],[1497452848541],[disconnect]
[2017-06-14 23:07:28.552] [INFO] crash-log - [32m[e:\zipai\zipai_server\game-server\node_modules\pomelo\lib\master\master.js] [39m[auth],[auth-server-1],[1497452848552],[disconnect]
[2017-06-14 23:07:28.561] [INFO] crash-log - [32m[e:\zipai\zipai_server\game-server\node_modules\pomelo\lib\master\master.js] [39m[fight],[fight-server-1],[1497452848561],[disconnect]
[2017-06-14 23:07:28.572] [INFO] crash-log - [32m[e:\zipai\zipai_server\game-server\node_modules\pomelo\lib\master\master.js] [39m[connector],[connector-server-1],[1497452848572],[disconnect]
[2017-06-16 00:01:24.099] [INFO] crash-log - [32m[e:\zipai\zipai_server\game-server\node_modules\pomelo\lib\master\master.js] [39m[gate],[gate-server-1],[1497542484099],[disconnect]
[2017-06-16 00:01:24.129] [INFO] crash-log - [32m[e:\zipai\zipai_server\game-server\node_modules\pomelo\lib\master\master.js] [39m[gamehttp],[gamehttp],[1497542484129],[disconnect]
[2017-06-16 00:01:24.140] [INFO] crash-log - [32m[e:\zipai\zipai_server\game-server\node_modules\pomelo\lib\master\master.js] [39m[chat],[chat-server-1],[1497542484140],[disconnect]
[2017-06-16 00:01:24.149] [INFO] crash-log - [32m[e:\zipai\zipai_server\game-server\node_modules\pomelo\lib\master\master.js] [39m[game],[game-server-1],[1497542484149],[disconnect]
[2017-06-16 00:01:24.159] [INFO] crash-log - [32m[e:\zipai\zipai_server\game-server\node_modules\pomelo\lib\master\master.js] [39m[auth],[auth-server-1],[1497542484159],[disconnect]
[2017-06-16 00:01:24.168] [INFO] crash-log - [32m[e:\zipai\zipai_server\game-server\node_modules\pomelo\lib\master\master.js] [39m[fight],[fight-server-1],[1497542484168],[disconnect]
[2017-06-16 00:01:24.177] [INFO] crash-log - [32m[e:\zipai\zipai_server\game-server\node_modules\pomelo\lib\master\master.js] [39m[connector],[connector-server-1],[1497542484177],[disconnect]
[2017-06-29 14:15:39.726] [INFO] crash-log - [32m[e:\zipai\zipai_server\game-server\node_modules\pomelo\lib\master\master.js] [39m[chat],[chat-server-1],[1498716939726],[disconnect]
