[2017-08-16 10:06:09.555] [INFO] fightDetail - [32m[/home/zipai_server/game-server/app/servers/fight/handler/fightHandler.js] [5495] [39mroomId:2076 currCircle:1 afterLorderRemainCard:5,6,16,7,9,7,12,11,12,20,3,18,2,19,9,18,4,18,14
[2017-08-16 10:06:09.555] [INFO] fightDetail - [32m[/home/zipai_server/game-server/app/servers/fight/handler/fightHandler.js] [5495] [39mroomId:2076 currCircle:1 playerName:寻乐字牌代理 afterLorderHandList:5,20,13,8,17,6,8,16,12,1,7,10,13,6,2,20,7,17,14,14,16
[2017-08-16 10:06:09.555] [INFO] fightDetail - [32m[/home/zipai_server/game-server/app/servers/fight/handler/fightHandler.js] [5495] [39mroomId:2076 currCircle:1 playerName:154 afterLorderHandList:10,13,1,11,10,17,20,18,13,15,14,12,11,1,19,4,3,8,9,15
[2017-08-16 10:06:09.555] [INFO] fightDetail - [32m[/home/zipai_server/game-server/app/servers/fight/handler/fightHandler.js] [5495] [39mroomId:2076 currCircle:1 playerName:741 afterLorderHandList:4,3,2,2,15,9,5,10,15,6,11,5,4,3,19,1,16,8,17,19
[2017-08-16 10:15:35.048] [INFO] fightDetail - [32m[/home/zipai_server/game-server/app/servers/fight/handler/fightHandler.js] [5495] [39mroomId:0814 currCircle:1 afterLorderRemainCard:11,4,11,6,6,4,19,12,3,9,1,13,17,11,2,16,7,3,13
[2017-08-16 10:15:35.048] [INFO] fightDetail - [32m[/home/zipai_server/game-server/app/servers/fight/handler/fightHandler.js] [5495] [39mroomId:0814 currCircle:1 playerName:寻乐字牌代理 afterLorderHandList:13,15,4,1,16,20,16,11,20,7,15,18,6,15,20,14,14,3,13,10,4
[2017-08-16 10:15:35.048] [INFO] fightDetail - [32m[/home/zipai_server/game-server/app/servers/fight/handler/fightHandler.js] [5495] [39mroomId:0814 currCircle:1 playerName:154 afterLorderHandList:5,17,9,2,12,9,8,5,14,18,17,3,1,19,7,6,2,19,18,8
[2017-08-16 10:15:35.048] [INFO] fightDetail - [32m[/home/zipai_server/game-server/app/servers/fight/handler/fightHandler.js] [5495] [39mroomId:0814 currCircle:1 playerName:741 afterLorderHandList:7,10,1,20,8,10,9,19,8,2,14,16,12,18,15,5,10,17,5,12
[2017-08-16 10:16:55.064] [INFO] fightDetail - [32m[/home/zipai_server/game-server/app/servers/fight/handler/fightHandler.js] [5495] [39mroomId:8919 currCircle:1 afterLorderRemainCard:18,10,20,17,4,15,4,12,5,10,18,14,6,6,14,16,2,18,13
[2017-08-16 10:16:55.064] [INFO] fightDetail - [32m[/home/zipai_server/game-server/app/servers/fight/handler/fightHandler.js] [5495] [39mroomId:8919 currCircle:1 playerName:154 afterLorderHandList:15,13,17,12,9,8,4,12,9,6,13,6,14,10,3,9,14,20,17,1,19
[2017-08-16 10:16:55.065] [INFO] fightDetail - [32m[/home/zipai_server/game-server/app/servers/fight/handler/fightHandler.js] [5495] [39mroomId:8919 currCircle:1 playerName:741 afterLorderHandList:8,7,8,2,17,20,7,15,8,16,4,19,13,19,2,5,11,2,19,5
[2017-08-16 10:16:55.065] [INFO] fightDetail - [32m[/home/zipai_server/game-server/app/servers/fight/handler/fightHandler.js] [5495] [39mroomId:8919 currCircle:1 playerName:寻乐字牌代理 afterLorderHandList:18,11,3,15,3,11,7,20,1,16,16,5,1,1,7,10,11,9,3,12
[2017-08-16 10:16:59.791] [INFO] fightDetail - [32m[/home/zipai_server/game-server/app/servers/fight/handler/fightHandler.js] [5495] [39mroomId:8919 currCircle:1 playerName:154 postID:1 afterPostHandList:15,13,17,12,9,8,4,12,9,6,13,6,14,10,3,9,14,20,17,19
[2017-08-16 10:17:00.794] [INFO] fightDetail - [32m[/home/zipai_server/game-server/app/servers/fight/handler/fightHandler.js] [5495] [39mroomId:8919 currCircle:1 playerName:寻乐字牌代理 actType:1 actCard:1,1,1 afterActHandList:18,11,3,15,3,11,7,20,16,16,5,7,10,11,9,3,12
[2017-08-16 10:45:58.341] [INFO] fightDetail - [32m[/home/zipai_server/game-server/app/servers/fight/handler/fightHandler.js] [5495] [39mroomId:2733 currCircle:1 afterLorderRemainCard:7,10,1,9,8,2,3,7,15,5,6,6,17,9,20,4,16,13,4
[2017-08-16 10:45:58.342] [INFO] fightDetail - [32m[/home/zipai_server/game-server/app/servers/fight/handler/fightHandler.js] [5495] [39mroomId:2733 currCircle:1 playerName:test2 afterLorderHandList:6,20,13,18,1,8,2,18,10,7,1,13,15,8,5,12,18,19,4,12,20
[2017-08-16 10:45:58.342] [INFO] fightDetail - [32m[/home/zipai_server/game-server/app/servers/fight/handler/fightHandler.js] [5495] [39mroomId:2733 currCircle:1 playerName:test1 afterLorderHandList:18,14,19,1,16,9,19,5,16,3,11,15,2,14,7,13,3,11,15,17
[2017-08-16 10:45:58.342] [INFO] fightDetail - [32m[/home/zipai_server/game-server/app/servers/fight/handler/fightHandler.js] [5495] [39mroomId:2733 currCircle:1 playerName:test3 afterLorderHandList:20,14,10,16,17,17,8,6,2,3,12,11,14,12,11,5,4,10,9,19
[2017-08-16 11:02:05.925] [INFO] fightDetail - [32m[/home/zipai_server/game-server/app/servers/fight/handler/fightHandler.js] [5495] [39mroomId:7771 currCircle:1 afterLorderRemainCard:2,16,4,11,6,13,3,7,13,1,3,18,19,7,9,20,11,15,13
[2017-08-16 11:02:05.925] [INFO] fightDetail - [32m[/home/zipai_server/game-server/app/servers/fight/handler/fightHandler.js] [5495] [39mroomId:7771 currCircle:1 playerName:test3 afterLorderHandList:6,7,14,10,2,16,10,12,8,10,13,1,18,11,18,7,17,18,5,5,4
[2017-08-16 11:02:05.925] [INFO] fightDetail - [32m[/home/zipai_server/game-server/app/servers/fight/handler/fightHandler.js] [5495] [39mroomId:7771 currCircle:1 playerName:test1 afterLorderHandList:15,17,4,6,15,3,9,4,20,3,20,16,12,14,9,19,16,14,20,5
[2017-08-16 11:02:05.925] [INFO] fightDetail - [32m[/home/zipai_server/game-server/app/servers/fight/handler/fightHandler.js] [5495] [39mroomId:7771 currCircle:1 playerName:test2 afterLorderHandList:10,8,8,2,12,12,2,15,19,1,17,8,5,1,19,11,6,14,17,9
[2017-08-16 11:02:32.200] [INFO] fightDetail - [32m[/home/zipai_server/game-server/app/servers/fight/handler/fightHandler.js] [5495] [39mroomId:7771 currCircle:1 playerName:test3 postID:1 afterPostHandList:6,7,14,10,2,16,10,12,8,10,13,18,11,18,7,17,18,5,5,4
[2017-08-16 11:03:14.557] [INFO] fightDetail - [32m[/home/zipai_server/game-server/app/servers/fight/handler/fightHandler.js] [5495] [39mroomId:5133 currCircle:1 afterLorderRemainCard:14,9,18,15,3,17,10,19,20,3,2,18,15,7,15,13,12,6,11
[2017-08-16 11:03:14.558] [INFO] fightDetail - [32m[/home/zipai_server/game-server/app/servers/fight/handler/fightHandler.js] [5495] [39mroomId:5133 currCircle:1 playerName:test3 afterLorderHandList:1,6,18,15,14,2,1,20,4,5,7,13,8,12,7,19,19,3,6,4,13
[2017-08-16 11:03:14.558] [INFO] fightDetail - [32m[/home/zipai_server/game-server/app/servers/fight/handler/fightHandler.js] [5495] [39mroomId:5133 currCircle:1 playerName:test1 afterLorderHandList:10,6,1,16,14,17,8,11,4,8,10,9,11,16,11,9,5,8,17,5
[2017-08-16 11:03:14.558] [INFO] fightDetail - [32m[/home/zipai_server/game-server/app/servers/fight/handler/fightHandler.js] [5495] [39mroomId:5133 currCircle:1 playerName:test2 afterLorderHandList:7,19,5,10,16,18,14,20,9,1,3,17,16,20,4,12,2,12,13,2
[2017-08-16 11:37:02.285] [INFO] fightDetail - [32m[/home/zipai_server/game-server/app/servers/fight/handler/fightHandler.js] [5495] [39mroomId:2423 currCircle:1 afterLorderRemainCard:9,20,10,18,15,18,13,1,15,1,11,8,3,4,9,13,12,6,12
[2017-08-16 11:37:02.285] [INFO] fightDetail - [32m[/home/zipai_server/game-server/app/servers/fight/handler/fightHandler.js] [5495] [39mroomId:2423 currCircle:1 playerName:ggh afterLorderHandList:9,7,2,7,10,19,16,17,17,1,16,5,14,20,15,13,14,11,18,6,3
[2017-08-16 11:37:02.285] [INFO] fightDetail - [32m[/home/zipai_server/game-server/app/servers/fight/handler/fightHandler.js] [5495] [39mroomId:2423 currCircle:1 playerName:gjhghrt afterLorderHandList:14,8,4,2,17,10,6,7,7,13,14,11,11,5,19,9,2,20,2,20
[2017-08-16 11:37:02.285] [INFO] fightDetail - [32m[/home/zipai_server/game-server/app/servers/fight/handler/fightHandler.js] [5495] [39mroomId:2423 currCircle:1 playerName:寻乐字牌代理 afterLorderHandList:19,10,19,5,16,18,6,12,8,5,4,12,3,4,1,3,15,17,8,16
[2017-08-16 11:37:13.214] [INFO] fightDetail - [32m[/home/zipai_server/game-server/app/servers/fight/handler/fightHandler.js] [5495] [39mroomId:2423 currCircle:1 playerName:ggh postID:9 afterPostHandList:7,2,7,10,19,16,17,17,1,16,5,14,20,15,13,14,11,18,6,3
[2017-08-16 11:37:17.539] [INFO] fightDetail - [32m[/home/zipai_server/game-server/app/servers/fight/handler/fightHandler.js] [5495] [39mroomId:2423 currCircle:1 playerName:gjhghrt actType:4 actCard:9,19 afterActHandList:14,8,4,2,17,10,6,7,7,13,14,11,11,5,2,20,2,20
[2017-08-16 11:37:49.013] [INFO] fightDetail - [32m[/home/zipai_server/game-server/app/servers/fight/handler/fightHandler.js] [5495] [39mroomId:2423 currCircle:1 playerName:gjhghrt postID:8 afterPostHandList:14,4,2,17,10,6,7,7,13,14,11,11,5,2,20,2,20
[2017-08-16 11:37:59.786] [INFO] fightDetail - [32m[/home/zipai_server/game-server/app/servers/fight/handler/fightHandler.js] [5495] [39mroomId:2423 currCircle:1 playerName:寻乐字牌代理 actType:3 actCard:8,8 afterActHandList:19,10,19,5,16,18,6,12,5,4,12,3,4,1,3,15,17,16
[2017-08-16 11:38:06.354] [INFO] fightDetail - [32m[/home/zipai_server/game-server/app/servers/fight/handler/fightHandler.js] [5495] [39mroomId:2423 currCircle:1 playerName:寻乐字牌代理 postID:10 afterPostHandList:19,19,5,16,18,6,12,5,4,12,3,4,1,3,15,17,16
[2017-08-16 11:38:18.083] [INFO] fightDetail - [32m[/home/zipai_server/game-server/app/servers/fight/handler/fightHandler.js] [5495] [39mroomId:2423 currCircle:1 playerName:ggh actType:4 actCard:10,20 afterActHandList:7,2,7,19,16,17,17,1,16,5,14,15,13,14,11,18,6,3
[2017-08-16 11:38:20.330] [INFO] fightDetail - [32m[/home/zipai_server/game-server/app/servers/fight/handler/fightHandler.js] [5495] [39mroomId:2423 currCircle:1 playerName:ggh postID:3 afterPostHandList:7,2,7,19,16,17,17,1,16,5,14,15,13,14,11,18,6
[2017-08-16 11:39:00.707] [INFO] fightDetail - [32m[/home/zipai_server/game-server/app/servers/fight/handler/fightHandler.js] [5495] [39mroomId:2423 currCircle:1 playerName:寻乐字牌代理 actType:3 actCard:3,3 afterActHandList:19,19,5,16,18,6,12,5,4,12,4,1,15,17,16
[2017-08-16 11:39:55.548] [INFO] fightDetail - [32m[/home/zipai_server/game-server/app/servers/fight/handler/fightHandler.js] [5495] [39mroomId:2423 currCircle:1 playerName:寻乐字牌代理 postID:1 afterPostHandList:19,19,5,16,18,6,12,5,4,12,4,15,17,16
[2017-08-16 11:39:59.760] [INFO] fightDetail - [32m[/home/zipai_server/game-server/app/servers/fight/handler/fightHandler.js] [5495] [39mroomId:2423 currCircle:1 playerName:ggh actType:4 actCard:1,11 afterActHandList:7,2,7,19,16,17,17,16,5,14,15,13,14,18,6
[2017-08-16 11:40:01.870] [INFO] fightDetail - [32m[/home/zipai_server/game-server/app/servers/fight/handler/fightHandler.js] [5495] [39mroomId:2423 currCircle:1 playerName:ggh postID:13 afterPostHandList:7,2,7,19,16,17,17,16,5,14,15,14,18,6
[2017-08-16 11:40:04.039] [INFO] fightDetail - [32m[/home/zipai_server/game-server/app/servers/fight/handler/fightHandler.js] [5495] [39mroomId:2423 currCircle:1 remainCardList:20,10,18,15,18,13,1,15,1,11,8,3,4,9,13,12,6,12
[2017-08-16 11:40:34.725] [INFO] fightDetail - [32m[/home/zipai_server/game-server/app/servers/fight/handler/fightHandler.js] [5495] [39mroomId:2423 currCircle:1 playerName:寻乐字牌代理 actType:4 actCard:19,19 afterActHandList:5,16,18,6,12,5,4,12,4,15,17,16
[2017-08-16 11:40:37.697] [INFO] fightDetail - [32m[/home/zipai_server/game-server/app/servers/fight/handler/fightHandler.js] [5495] [39mroomId:2423 currCircle:1 playerName:寻乐字牌代理 postID:18 afterPostHandList:5,16,6,12,5,4,12,4,15,17,16
[2017-08-16 11:40:45.031] [INFO] fightDetail - [32m[/home/zipai_server/game-server/app/servers/fight/handler/fightHandler.js] [5495] [39mroomId:2423 currCircle:1 remainCardList:10,18,15,18,13,1,15,1,11,8,3,4,9,13,12,6,12
[2017-08-16 11:40:47.111] [INFO] fightDetail - [32m[/home/zipai_server/game-server/app/servers/fight/handler/fightHandler.js] [5495] [39mroomId:2423 currCircle:1 playerName:gjhghrt actType:3 actCard:20,20 afterActHandList:14,4,2,17,10,6,7,7,13,14,11,11,5,2,2
[2017-08-16 11:40:52.004] [INFO] fightDetail - [32m[/home/zipai_server/game-server/app/servers/fight/handler/fightHandler.js] [5495] [39mroomId:2423 currCircle:1 playerName:gjhghrt postID:13 afterPostHandList:14,4,2,17,10,6,7,7,14,11,11,5,2,2
[2017-08-16 11:40:54.147] [INFO] fightDetail - [32m[/home/zipai_server/game-server/app/servers/fight/handler/fightHandler.js] [5495] [39mroomId:2423 currCircle:1 remainCardList:18,15,18,13,1,15,1,11,8,3,4,9,13,12,6,12
[2017-08-16 11:41:28.887] [INFO] fightDetail - [32m[/home/zipai_server/game-server/app/servers/fight/handler/fightHandler.js] [5495] [39mroomId:2423 currCircle:1 playerName:ggh actType:4 actCard:2,7 afterActHandList:7,19,16,17,17,16,5,14,15,14,18,6
[2017-08-16 11:41:34.043] [INFO] fightDetail - [32m[/home/zipai_server/game-server/app/servers/fight/handler/fightHandler.js] [5495] [39mroomId:2423 currCircle:1 playerName:ggh postID:19 afterPostHandList:7,16,17,17,16,5,14,15,14,18,6
[2017-08-16 11:41:36.182] [INFO] fightDetail - [32m[/home/zipai_server/game-server/app/servers/fight/handler/fightHandler.js] [5495] [39mroomId:2423 currCircle:1 remainCardList:15,18,13,1,15,1,11,8,3,4,9,13,12,6,12
[2017-08-16 11:41:38.331] [INFO] fightDetail - [32m[/home/zipai_server/game-server/app/servers/fight/handler/fightHandler.js] [5495] [39mroomId:2423 currCircle:1 remainCardList:18,13,1,15,1,11,8,3,4,9,13,12,6,12
[2017-08-16 11:42:04.150] [INFO] fightDetail - [32m[/home/zipai_server/game-server/app/servers/fight/handler/fightHandler.js] [5495] [39mroomId:2423 currCircle:1 playerName:ggh actType:4 actCard:5,15 afterActHandList:7,16,17,17,16,14,14,18,6
[2017-08-16 11:42:06.378] [INFO] fightDetail - [32m[/home/zipai_server/game-server/app/servers/fight/handler/fightHandler.js] [5495] [39mroomId:2423 currCircle:1 playerName:ggh postID:18 afterPostHandList:7,16,17,17,16,14,14,6
[2017-08-16 11:42:08.514] [INFO] fightDetail - [32m[/home/zipai_server/game-server/app/servers/fight/handler/fightHandler.js] [5495] [39mroomId:2423 currCircle:1 remainCardList:13,1,15,1,11,8,3,4,9,13,12,6,12
[2017-08-16 11:42:10.648] [INFO] fightDetail - [32m[/home/zipai_server/game-server/app/servers/fight/handler/fightHandler.js] [5495] [39mroomId:2423 currCircle:1 remainCardList:1,15,1,11,8,3,4,9,13,12,6,12
[2017-08-16 11:42:12.797] [INFO] fightDetail - [32m[/home/zipai_server/game-server/app/servers/fight/handler/fightHandler.js] [5495] [39mroomId:2423 currCircle:1 remainCardList:15,1,11,8,3,4,9,13,12,6,12
[2017-08-16 11:42:20.714] [INFO] fightDetail - [32m[/home/zipai_server/game-server/app/servers/fight/handler/fightHandler.js] [5495] [39mroomId:2423 currCircle:1 remainCardList:1,11,8,3,4,9,13,12,6,12
[2017-08-16 11:42:22.848] [INFO] fightDetail - [32m[/home/zipai_server/game-server/app/servers/fight/handler/fightHandler.js] [5495] [39mroomId:2423 currCircle:1 remainCardList:11,8,3,4,9,13,12,6,12
[2017-08-16 11:42:24.981] [INFO] fightDetail - [32m[/home/zipai_server/game-server/app/servers/fight/handler/fightHandler.js] [5495] [39mroomId:2423 currCircle:1 remainCardList:8,3,4,9,13,12,6,12
[2017-08-16 11:42:49.184] [INFO] fightDetail - [32m[/home/zipai_server/game-server/app/servers/fight/handler/fightHandler.js] [5495] [39mroomId:2423 currCircle:1 playerName:gjhghrt actType:3 actCard:11,11 afterActHandList:14,4,2,17,10,6,7,7,14,5,2,2
[2017-08-16 11:42:52.704] [INFO] fightDetail - [32m[/home/zipai_server/game-server/app/servers/fight/handler/fightHandler.js] [5495] [39mroomId:2423 currCircle:1 playerName:gjhghrt postID:10 afterPostHandList:14,4,2,17,6,7,7,14,5,2,2
[2017-08-16 11:42:54.847] [INFO] fightDetail - [32m[/home/zipai_server/game-server/app/servers/fight/handler/fightHandler.js] [5495] [39mroomId:2423 currCircle:1 remainCardList:3,4,9,13,12,6,12
[2017-08-16 11:42:55.848] [INFO] fightDetail - [32m[/home/zipai_server/game-server/app/servers/fight/handler/fightHandler.js] [5495] [39mroomId:2423 currCircle:1 playerName:寻乐字牌代理 actType:31 actCard:8,8,8 afterActHandList:5,16,6,12,5,4,12,4,15,17,16
[2017-08-16 11:43:17.933] [INFO] fightDetail - [32m[/home/zipai_server/game-server/app/servers/fight/handler/fightHandler.js] [5495] [39mroomId:2423 currCircle:1 playerName:寻乐字牌代理 postID:17 afterPostHandList:5,16,6,12,5,4,12,4,15,16
[2017-08-16 11:43:26.407] [INFO] fightDetail - [32m[/home/zipai_server/game-server/app/servers/fight/handler/fightHandler.js] [5495] [39mroomId:2423 currCircle:1 playerName:ggh actType:3 actCard:17,17 afterActHandList:7,16,16,14,14,6
[2017-08-16 11:43:29.402] [INFO] fightDetail - [32m[/home/zipai_server/game-server/app/servers/fight/handler/fightHandler.js] [5495] [39mroomId:2423 currCircle:1 playerName:ggh postID:7 afterPostHandList:16,16,14,14,6
[2017-08-16 11:43:42.222] [INFO] fightDetail - [32m[/home/zipai_server/game-server/app/servers/fight/handler/fightHandler.js] [5495] [39mroomId:2423 currCircle:1 playerName:gjhghrt actType:3 actCard:7,7 afterActHandList:14,4,2,17,6,14,5,2,2
[2017-08-16 11:43:45.670] [INFO] fightDetail - [32m[/home/zipai_server/game-server/app/servers/fight/handler/fightHandler.js] [5495] [39mroomId:2423 currCircle:1 playerName:gjhghrt postID:17 afterPostHandList:14,4,2,6,14,5,2,2
[2017-08-16 11:43:47.813] [INFO] fightDetail - [32m[/home/zipai_server/game-server/app/servers/fight/handler/fightHandler.js] [5495] [39mroomId:2423 currCircle:1 remainCardList:4,9,13,12,6,12
[2017-08-16 11:43:48.820] [INFO] fightDetail - [32m[/home/zipai_server/game-server/app/servers/fight/handler/fightHandler.js] [5495] [39mroomId:2423 currCircle:1 playerName:寻乐字牌代理 actType:32 actCard:3,3,3 afterActHandList:5,16,6,12,5,4,12,4,15,16
[2017-08-16 11:43:52.824] [INFO] fightDetail - [32m[/home/zipai_server/game-server/app/servers/fight/handler/fightHandler.js] [5495] [39mroomId:2423 currCircle:1 remainCardList:9,13,12,6,12
[2017-08-16 11:44:16.763] [INFO] fightDetail - [32m[/home/zipai_server/game-server/app/servers/fight/handler/fightHandler.js] [5495] [39mroomId:2423 currCircle:2 afterLorderRemainCard:20,16,8,8,7,7,6,4,16,9,9,17,4,8,5,13,19,2,3
[2017-08-16 11:44:16.763] [INFO] fightDetail - [32m[/home/zipai_server/game-server/app/servers/fight/handler/fightHandler.js] [5495] [39mroomId:2423 currCircle:2 playerName:ggh afterLorderHandList:14,4,2,17,10,12,16,15,20,14,10,6,11,4,7,19,20,8,3,11
[2017-08-16 11:44:16.763] [INFO] fightDetail - [32m[/home/zipai_server/game-server/app/servers/fight/handler/fightHandler.js] [5495] [39mroomId:2423 currCircle:2 playerName:gjhghrt afterLorderHandList:3,11,16,18,10,1,12,9,7,11,14,12,10,17,12,18,17,13,6,1,15
[2017-08-16 11:44:16.763] [INFO] fightDetail - [32m[/home/zipai_server/game-server/app/servers/fight/handler/fightHandler.js] [5495] [39mroomId:2423 currCircle:2 playerName:寻乐字牌代理 afterLorderHandList:5,14,2,20,15,2,18,13,18,19,1,3,6,13,5,5,9,19,15,1
[2017-08-16 11:44:29.220] [INFO] fightDetail - [32m[/home/zipai_server/game-server/app/servers/fight/handler/fightHandler.js] [5495] [39mroomId:2423 currCircle:2 playerName:gjhghrt postID:9 afterPostHandList:3,11,16,18,10,1,12,7,11,14,12,10,17,12,18,17,13,6,1,15
[2017-08-16 11:45:07.907] [INFO] fightDetail - [32m[/home/zipai_server/game-server/app/servers/fight/handler/fightHandler.js] [5495] [39mroomId:2423 currCircle:2 playerName:寻乐字牌代理 actType:4 actCard:9,19 afterActHandList:5,14,2,20,15,2,18,13,18,1,3,6,13,5,5,19,15,1
[2017-08-16 11:45:34.639] [INFO] fightDetail - [32m[/home/zipai_server/game-server/app/servers/fight/handler/fightHandler.js] [5495] [39mroomId:2423 currCircle:2 playerName:寻乐字牌代理 postID:19 afterPostHandList:5,14,2,20,15,2,18,13,18,1,3,6,13,5,5,15,1
[2017-08-16 11:45:36.778] [INFO] fightDetail - [32m[/home/zipai_server/game-server/app/servers/fight/handler/fightHandler.js] [5495] [39mroomId:2423 currCircle:2 remainCardList:16,8,8,7,7,6,4,16,9,9,17,4,8,5,13,19,2,3
[2017-08-16 11:45:37.781] [INFO] fightDetail - [32m[/home/zipai_server/game-server/app/servers/fight/handler/fightHandler.js] [5495] [39mroomId:2423 currCircle:2 playerName:ggh actType:8 actCard:20,20 afterActHandList:14,4,2,17,10,12,16,15,14,10,6,11,4,7,19,8,3,11
[2017-08-16 11:48:24.412] [INFO] fightDetail - [32m[/home/zipai_server/game-server/app/servers/fight/handler/fightHandler.js] [5495] [39mroomId:2423 currCircle:2 playerName:ggh postID:19 afterPostHandList:14,4,2,17,10,12,16,15,14,10,6,11,4,7,8,3,11
[2017-08-16 11:48:35.060] [INFO] fightDetail - [32m[/home/zipai_server/game-server/app/servers/fight/handler/fightHandler.js] [5495] [39mroomId:2423 currCircle:2 remainCardList:8,8,7,7,6,4,16,9,9,17,4,8,5,13,19,2,3
[2017-08-16 11:48:43.276] [INFO] fightDetail - [32m[/home/zipai_server/game-server/app/servers/fight/handler/fightHandler.js] [5495] [39mroomId:2423 currCircle:2 playerName:gjhghrt actType:4 actCard:6,16 afterActHandList:3,11,18,10,1,12,7,11,14,12,10,17,12,18,17,13,1,15
[2017-08-16 11:48:47.595] [INFO] fightDetail - [32m[/home/zipai_server/game-server/app/servers/fight/handler/fightHandler.js] [5495] [39mroomId:2423 currCircle:2 playerName:gjhghrt postID:3 afterPostHandList:11,18,10,1,12,7,11,14,12,10,17,12,18,17,13,1,15
[2017-08-16 11:48:53.487] [INFO] fightDetail - [32m[/home/zipai_server/game-server/app/servers/fight/handler/fightHandler.js] [5495] [39mroomId:2423 currCircle:2 playerName:寻乐字牌代理 actType:4 actCard:1,2 afterActHandList:5,14,20,15,18,13,18,6,13,5,5,15
[2017-08-16 11:48:57.705] [INFO] fightDetail - [32m[/home/zipai_server/game-server/app/servers/fight/handler/fightHandler.js] [5495] [39mroomId:2423 currCircle:2 playerName:寻乐字牌代理 postID:14 afterPostHandList:5,20,15,18,13,18,6,13,5,5,15
[2017-08-16 11:49:00.212] [INFO] fightDetail - [32m[/home/zipai_server/game-server/app/servers/fight/handler/fightHandler.js] [5495] [39mroomId:2423 currCircle:2 playerName:ggh actType:3 actCard:14,14 afterActHandList:4,2,17,10,12,16,15,10,6,11,4,7,8,3,11
[2017-08-16 11:51:02.830] [INFO] fightDetail - [32m[/home/zipai_server/game-server/app/servers/fight/handler/fightHandler.js] [5495] [39mroomId:2423 currCircle:2 playerName:ggh postID:3 afterPostHandList:4,2,17,10,12,16,15,10,6,11,4,7,8,11
[2017-08-16 11:51:04.976] [INFO] fightDetail - [32m[/home/zipai_server/game-server/app/servers/fight/handler/fightHandler.js] [5495] [39mroomId:2423 currCircle:2 remainCardList:8,7,7,6,4,16,9,9,17,4,8,5,13,19,2,3
[2017-08-16 11:51:44.792] [INFO] fightDetail - [32m[/home/zipai_server/game-server/app/servers/fight/handler/fightHandler.js] [5495] [39mroomId:2423 currCircle:2 remainCardList:7,7,6,4,16,9,9,17,4,8,5,13,19,2,3
[2017-08-16 11:51:46.924] [INFO] fightDetail - [32m[/home/zipai_server/game-server/app/servers/fight/handler/fightHandler.js] [5495] [39mroomId:2423 currCircle:2 remainCardList:7,6,4,16,9,9,17,4,8,5,13,19,2,3
[2017-08-16 11:51:55.366] [INFO] fightDetail - [32m[/home/zipai_server/game-server/app/servers/fight/handler/fightHandler.js] [5495] [39mroomId:2423 currCircle:2 playerName:ggh actType:4 actCard:2,10 afterActHandList:4,17,12,16,15,10,11,4,11
[2017-08-16 11:52:06.515] [INFO] fightDetail - [32m[/home/zipai_server/game-server/app/servers/fight/handler/fightHandler.js] [5495] [39mroomId:2423 currCircle:2 playerName:ggh postID:10 afterPostHandList:4,17,12,16,15,11,4,11
