[2017-04-11 14:16:16.079] [ERROR] pomelo-rpc - [31m[mqtt-acceptor] [39mprocess rpc message error TypeError: Cannot read property 'userMap' of undefined
    at RoomRemote.remote.createRoom (e:\zipai\zipai_server\game-server\app\servers\fight\remote\roomRemote.js:23:31)
    at Dispatcher.pro.route (e:\zipai\zipai_server\game-server\node_modules\pomelo-rpc\lib\rpc-server\dispatcher.js:52:10)
    at Acceptor.cb (e:\zipai\zipai_server\game-server\node_modules\pomelo-rpc\lib\rpc-server\gateway.js:22:16)
    at processMsg (e:\zipai\zipai_server\game-server\node_modules\pomelo-rpc\lib\rpc-server\acceptors\mqtt-acceptor.js:138:12)
    at Connection.<anonymous> (e:\zipai\zipai_server\game-server\node_modules\pomelo-rpc\lib\rpc-server\acceptors\mqtt-acceptor.js:62:11)
    at emitOne (events.js:96:13)
    at Connection.emit (events.js:188:7)
    at Connection.emitPacket (e:\zipai\zipai_server\game-server\node_modules\mqtt-connection\connection.js:14:8)
    at emitOne (events.js:96:13)
    at Connection.emit (events.js:188:7)
[2017-04-11 14:16:27.749] [ERROR] pomelo-rpc - [31m[mqtt-acceptor] [39mprocess rpc message error TypeError: Cannot read property 'userMap' of undefined
    at RoomRemote.remote.kick (e:\zipai\zipai_server\game-server\app\servers\fight\remote\roomRemote.js:77:31)
    at Dispatcher.pro.route (e:\zipai\zipai_server\game-server\node_modules\pomelo-rpc\lib\rpc-server\dispatcher.js:52:10)
    at Acceptor.cb (e:\zipai\zipai_server\game-server\node_modules\pomelo-rpc\lib\rpc-server\gateway.js:22:16)
    at processMsg (e:\zipai\zipai_server\game-server\node_modules\pomelo-rpc\lib\rpc-server\acceptors\mqtt-acceptor.js:138:12)
    at Connection.<anonymous> (e:\zipai\zipai_server\game-server\node_modules\pomelo-rpc\lib\rpc-server\acceptors\mqtt-acceptor.js:62:11)
    at emitOne (events.js:96:13)
    at Connection.emit (events.js:188:7)
    at Connection.emitPacket (e:\zipai\zipai_server\game-server\node_modules\mqtt-connection\connection.js:14:8)
    at emitOne (events.js:96:13)
    at Connection.emit (events.js:188:7)
[2017-04-11 14:16:28.954] [ERROR] pomelo-rpc - [31m[mqtt-acceptor] [39mprocess rpc message error TypeError: Cannot read property 'userMap' of undefined
    at RoomRemote.remote.kick (e:\zipai\zipai_server\game-server\app\servers\fight\remote\roomRemote.js:77:31)
    at Dispatcher.pro.route (e:\zipai\zipai_server\game-server\node_modules\pomelo-rpc\lib\rpc-server\dispatcher.js:52:10)
    at Acceptor.cb (e:\zipai\zipai_server\game-server\node_modules\pomelo-rpc\lib\rpc-server\gateway.js:22:16)
    at processMsg (e:\zipai\zipai_server\game-server\node_modules\pomelo-rpc\lib\rpc-server\acceptors\mqtt-acceptor.js:138:12)
    at Connection.<anonymous> (e:\zipai\zipai_server\game-server\node_modules\pomelo-rpc\lib\rpc-server\acceptors\mqtt-acceptor.js:62:11)
    at emitOne (events.js:96:13)
    at Connection.emit (events.js:188:7)
    at Connection.emitPacket (e:\zipai\zipai_server\game-server\node_modules\mqtt-connection\connection.js:14:8)
    at emitOne (events.js:96:13)
    at Connection.emit (events.js:188:7)
[2017-04-11 14:16:36.450] [ERROR] pomelo-rpc - [31m[mqtt-acceptor] [39mprocess rpc message error TypeError: Cannot read property 'userMap' of undefined
    at RoomRemote.remote.createRoom (e:\zipai\zipai_server\game-server\app\servers\fight\remote\roomRemote.js:23:31)
    at Dispatcher.pro.route (e:\zipai\zipai_server\game-server\node_modules\pomelo-rpc\lib\rpc-server\dispatcher.js:52:10)
    at Acceptor.cb (e:\zipai\zipai_server\game-server\node_modules\pomelo-rpc\lib\rpc-server\gateway.js:22:16)
    at processMsg (e:\zipai\zipai_server\game-server\node_modules\pomelo-rpc\lib\rpc-server\acceptors\mqtt-acceptor.js:138:12)
    at Connection.<anonymous> (e:\zipai\zipai_server\game-server\node_modules\pomelo-rpc\lib\rpc-server\acceptors\mqtt-acceptor.js:62:11)
    at emitOne (events.js:96:13)
    at Connection.emit (events.js:188:7)
    at Connection.emitPacket (e:\zipai\zipai_server\game-server\node_modules\mqtt-connection\connection.js:14:8)
    at emitOne (events.js:96:13)
    at Connection.emit (events.js:188:7)
[2017-04-11 14:16:56.525] [ERROR] pomelo-rpc - [31m[mqtt-acceptor] [39mprocess rpc message error TypeError: Cannot read property 'userMap' of undefined
    at RoomRemote.remote.kick (e:\zipai\zipai_server\game-server\app\servers\fight\remote\roomRemote.js:77:31)
    at Dispatcher.pro.route (e:\zipai\zipai_server\game-server\node_modules\pomelo-rpc\lib\rpc-server\dispatcher.js:52:10)
    at Acceptor.cb (e:\zipai\zipai_server\game-server\node_modules\pomelo-rpc\lib\rpc-server\gateway.js:22:16)
    at processMsg (e:\zipai\zipai_server\game-server\node_modules\pomelo-rpc\lib\rpc-server\acceptors\mqtt-acceptor.js:138:12)
    at Connection.<anonymous> (e:\zipai\zipai_server\game-server\node_modules\pomelo-rpc\lib\rpc-server\acceptors\mqtt-acceptor.js:62:11)
    at emitOne (events.js:96:13)
    at Connection.emit (events.js:188:7)
    at Connection.emitPacket (e:\zipai\zipai_server\game-server\node_modules\mqtt-connection\connection.js:14:8)
    at emitOne (events.js:96:13)
    at Connection.emit (events.js:188:7)
[2017-04-11 14:18:02.368] [ERROR] pomelo-rpc - [31m[mqtt-acceptor] [39mprocess rpc message error TypeError: cb is not a function
    at RoomRemote.remote.add (e:\zipai\zipai_server\game-server\app\servers\fight\remote\roomRemote.js:64:5)
    at Dispatcher.pro.route (e:\zipai\zipai_server\game-server\node_modules\pomelo-rpc\lib\rpc-server\dispatcher.js:52:10)
    at Acceptor.cb (e:\zipai\zipai_server\game-server\node_modules\pomelo-rpc\lib\rpc-server\gateway.js:22:16)
    at processMsg (e:\zipai\zipai_server\game-server\node_modules\pomelo-rpc\lib\rpc-server\acceptors\mqtt-acceptor.js:138:12)
    at Connection.<anonymous> (e:\zipai\zipai_server\game-server\node_modules\pomelo-rpc\lib\rpc-server\acceptors\mqtt-acceptor.js:62:11)
    at emitOne (events.js:96:13)
    at Connection.emit (events.js:188:7)
    at Connection.emitPacket (e:\zipai\zipai_server\game-server\node_modules\mqtt-connection\connection.js:14:8)
    at emitOne (events.js:96:13)
    at Connection.emit (events.js:188:7)
[2017-04-21 20:21:12.649] [ERROR] pomelo-rpc - [31m[mqtt-acceptor] [39mprocess rpc message error TypeError: Cannot read property 'roomId' of undefined
    at RoomRemote.remote.kick (e:\zipai\zipai_server\game-server\app\servers\fight\remote\roomRemote.js:87:15)
    at Dispatcher.pro.route (e:\zipai\zipai_server\game-server\node_modules\pomelo-rpc\lib\rpc-server\dispatcher.js:52:10)
    at Acceptor.cb (e:\zipai\zipai_server\game-server\node_modules\pomelo-rpc\lib\rpc-server\gateway.js:22:16)
    at processMsg (e:\zipai\zipai_server\game-server\node_modules\pomelo-rpc\lib\rpc-server\acceptors\mqtt-acceptor.js:138:12)
    at Connection.<anonymous> (e:\zipai\zipai_server\game-server\node_modules\pomelo-rpc\lib\rpc-server\acceptors\mqtt-acceptor.js:62:11)
    at emitOne (events.js:96:13)
    at Connection.emit (events.js:188:7)
    at Connection.emitPacket (e:\zipai\zipai_server\game-server\node_modules\mqtt-connection\connection.js:14:8)
    at emitOne (events.js:96:13)
    at Connection.emit (events.js:188:7)
[2017-04-21 20:23:36.578] [ERROR] pomelo-rpc - [31m[mqtt-acceptor] [39mprocess rpc message error TypeError: Cannot read property 'roomId' of undefined
    at RoomRemote.remote.kick (e:\zipai\zipai_server\game-server\app\servers\fight\remote\roomRemote.js:87:15)
    at Dispatcher.pro.route (e:\zipai\zipai_server\game-server\node_modules\pomelo-rpc\lib\rpc-server\dispatcher.js:52:10)
    at Acceptor.cb (e:\zipai\zipai_server\game-server\node_modules\pomelo-rpc\lib\rpc-server\gateway.js:22:16)
    at processMsg (e:\zipai\zipai_server\game-server\node_modules\pomelo-rpc\lib\rpc-server\acceptors\mqtt-acceptor.js:138:12)
    at Connection.<anonymous> (e:\zipai\zipai_server\game-server\node_modules\pomelo-rpc\lib\rpc-server\acceptors\mqtt-acceptor.js:62:11)
    at emitOne (events.js:96:13)
    at Connection.emit (events.js:188:7)
    at Connection.emitPacket (e:\zipai\zipai_server\game-server\node_modules\mqtt-connection\connection.js:14:8)
    at emitOne (events.js:96:13)
    at Connection.emit (events.js:188:7)
[2017-04-21 20:24:23.163] [ERROR] pomelo-rpc - [31m[mqtt-acceptor] [39mprocess rpc message error TypeError: Cannot read property 'uid' of undefined
    at RoomRemote.remote.createRoom (e:\zipai\zipai_server\game-server\app\servers\fight\remote\roomRemote.js:26:27)
    at Dispatcher.pro.route (e:\zipai\zipai_server\game-server\node_modules\pomelo-rpc\lib\rpc-server\dispatcher.js:52:10)
    at Acceptor.cb (e:\zipai\zipai_server\game-server\node_modules\pomelo-rpc\lib\rpc-server\gateway.js:22:16)
    at processMsg (e:\zipai\zipai_server\game-server\node_modules\pomelo-rpc\lib\rpc-server\acceptors\mqtt-acceptor.js:138:12)
    at Connection.<anonymous> (e:\zipai\zipai_server\game-server\node_modules\pomelo-rpc\lib\rpc-server\acceptors\mqtt-acceptor.js:62:11)
    at emitOne (events.js:96:13)
    at Connection.emit (events.js:188:7)
    at Connection.emitPacket (e:\zipai\zipai_server\game-server\node_modules\mqtt-connection\connection.js:14:8)
    at emitOne (events.js:96:13)
    at Connection.emit (events.js:188:7)
[2017-04-21 20:39:35.702] [ERROR] pomelo-rpc - [31m[mqtt-acceptor] [39mprocess rpc message error TypeError: Cannot read property 'userMap' of undefined
    at RoomRemote.remote.createRoom (e:\zipai\zipai_server\game-server\app\servers\fight\remote\roomRemote.js:24:31)
    at Dispatcher.pro.route (e:\zipai\zipai_server\game-server\node_modules\pomelo-rpc\lib\rpc-server\dispatcher.js:52:10)
    at Acceptor.cb (e:\zipai\zipai_server\game-server\node_modules\pomelo-rpc\lib\rpc-server\gateway.js:22:16)
    at processMsg (e:\zipai\zipai_server\game-server\node_modules\pomelo-rpc\lib\rpc-server\acceptors\mqtt-acceptor.js:138:12)
    at Connection.<anonymous> (e:\zipai\zipai_server\game-server\node_modules\pomelo-rpc\lib\rpc-server\acceptors\mqtt-acceptor.js:62:11)
    at emitOne (events.js:96:13)
    at Connection.emit (events.js:188:7)
    at Connection.emitPacket (e:\zipai\zipai_server\game-server\node_modules\mqtt-connection\connection.js:14:8)
    at emitOne (events.js:96:13)
    at Connection.emit (events.js:188:7)
[2017-04-21 20:53:04.595] [ERROR] pomelo-rpc - [31m[mqtt-acceptor] [39mprocess rpc message error TypeError: Cannot read property 'userMap' of undefined
    at RoomRemote.remote.kick (e:\zipai\zipai_server\game-server\app\servers\fight\remote\roomRemote.js:86:31)
    at Dispatcher.pro.route (e:\zipai\zipai_server\game-server\node_modules\pomelo-rpc\lib\rpc-server\dispatcher.js:52:10)
    at Acceptor.cb (e:\zipai\zipai_server\game-server\node_modules\pomelo-rpc\lib\rpc-server\gateway.js:22:16)
    at processMsg (e:\zipai\zipai_server\game-server\node_modules\pomelo-rpc\lib\rpc-server\acceptors\mqtt-acceptor.js:138:12)
    at Connection.<anonymous> (e:\zipai\zipai_server\game-server\node_modules\pomelo-rpc\lib\rpc-server\acceptors\mqtt-acceptor.js:62:11)
    at emitOne (events.js:96:13)
    at Connection.emit (events.js:188:7)
    at Connection.emitPacket (e:\zipai\zipai_server\game-server\node_modules\mqtt-connection\connection.js:14:8)
    at emitOne (events.js:96:13)
    at Connection.emit (events.js:188:7)
[2017-04-22 11:51:17.976] [ERROR] pomelo-rpc - [31m[mqtt-acceptor] [39mprocess rpc message error TypeError: Cannot read property 'userMap' of undefined
    at RoomRemote.remote.createRoom (e:\zipai\zipai_server\game-server\app\servers\fight\remote\roomRemote.js:24:31)
    at Dispatcher.pro.route (e:\zipai\zipai_server\game-server\node_modules\pomelo-rpc\lib\rpc-server\dispatcher.js:52:10)
    at Acceptor.cb (e:\zipai\zipai_server\game-server\node_modules\pomelo-rpc\lib\rpc-server\gateway.js:22:16)
    at processMsg (e:\zipai\zipai_server\game-server\node_modules\pomelo-rpc\lib\rpc-server\acceptors\mqtt-acceptor.js:138:12)
    at Connection.<anonymous> (e:\zipai\zipai_server\game-server\node_modules\pomelo-rpc\lib\rpc-server\acceptors\mqtt-acceptor.js:62:11)
    at emitOne (events.js:96:13)
    at Connection.emit (events.js:188:7)
    at Connection.emitPacket (e:\zipai\zipai_server\game-server\node_modules\mqtt-connection\connection.js:14:8)
    at emitOne (events.js:96:13)
    at Connection.emit (events.js:188:7)
[2017-04-22 12:08:46.488] [ERROR] pomelo-rpc - [31m[mqtt-acceptor] [39mprocess rpc message error TypeError: Cannot read property 'userMap' of undefined
    at RoomRemote.remote.kick (e:\zipai\zipai_server\game-server\app\servers\fight\remote\roomRemote.js:86:31)
    at Dispatcher.pro.route (e:\zipai\zipai_server\game-server\node_modules\pomelo-rpc\lib\rpc-server\dispatcher.js:52:10)
    at Acceptor.cb (e:\zipai\zipai_server\game-server\node_modules\pomelo-rpc\lib\rpc-server\gateway.js:22:16)
    at processMsg (e:\zipai\zipai_server\game-server\node_modules\pomelo-rpc\lib\rpc-server\acceptors\mqtt-acceptor.js:138:12)
    at Connection.<anonymous> (e:\zipai\zipai_server\game-server\node_modules\pomelo-rpc\lib\rpc-server\acceptors\mqtt-acceptor.js:62:11)
    at emitOne (events.js:96:13)
    at Connection.emit (events.js:188:7)
    at Connection.emitPacket (e:\zipai\zipai_server\game-server\node_modules\mqtt-connection\connection.js:14:8)
    at emitOne (events.js:96:13)
    at Connection.emit (events.js:188:7)
[2017-04-22 14:22:23.976] [ERROR] pomelo-rpc - [31m[mqtt-acceptor] [39mprocess rpc message error TypeError: Cannot read property 'userMap' of undefined
    at RoomRemote.remote.createRoom (e:\zipai\zipai_server\game-server\app\servers\fight\remote\roomRemote.js:25:31)
    at Dispatcher.pro.route (e:\zipai\zipai_server\game-server\node_modules\pomelo-rpc\lib\rpc-server\dispatcher.js:52:10)
    at Acceptor.cb (e:\zipai\zipai_server\game-server\node_modules\pomelo-rpc\lib\rpc-server\gateway.js:22:16)
    at processMsg (e:\zipai\zipai_server\game-server\node_modules\pomelo-rpc\lib\rpc-server\acceptors\mqtt-acceptor.js:138:12)
    at Connection.<anonymous> (e:\zipai\zipai_server\game-server\node_modules\pomelo-rpc\lib\rpc-server\acceptors\mqtt-acceptor.js:62:11)
    at emitOne (events.js:96:13)
    at Connection.emit (events.js:188:7)
    at Connection.emitPacket (e:\zipai\zipai_server\game-server\node_modules\mqtt-connection\connection.js:14:8)
    at emitOne (events.js:96:13)
    at Connection.emit (events.js:188:7)
[2017-04-22 14:25:09.686] [ERROR] pomelo-rpc - [31m[mqtt-acceptor] [39mprocess rpc message error TypeError: Cannot read property 'userMap' of undefined
    at RoomRemote.remote.createRoom (e:\zipai\zipai_server\game-server\app\servers\fight\remote\roomRemote.js:24:30)
    at Dispatcher.pro.route (e:\zipai\zipai_server\game-server\node_modules\pomelo-rpc\lib\rpc-server\dispatcher.js:52:10)
    at Acceptor.cb (e:\zipai\zipai_server\game-server\node_modules\pomelo-rpc\lib\rpc-server\gateway.js:22:16)
    at processMsg (e:\zipai\zipai_server\game-server\node_modules\pomelo-rpc\lib\rpc-server\acceptors\mqtt-acceptor.js:138:12)
    at Connection.<anonymous> (e:\zipai\zipai_server\game-server\node_modules\pomelo-rpc\lib\rpc-server\acceptors\mqtt-acceptor.js:62:11)
    at emitOne (events.js:96:13)
    at Connection.emit (events.js:188:7)
    at Connection.emitPacket (e:\zipai\zipai_server\game-server\node_modules\mqtt-connection\connection.js:14:8)
    at emitOne (events.js:96:13)
    at Connection.emit (events.js:188:7)
[2017-04-22 14:25:40.045] [ERROR] pomelo-rpc - [31m[mqtt-acceptor] [39mprocess rpc message error TypeError: Cannot read property 'userMap' of undefined
    at RoomRemote.remote.kick (e:\zipai\zipai_server\game-server\app\servers\fight\remote\roomRemote.js:88:31)
    at Dispatcher.pro.route (e:\zipai\zipai_server\game-server\node_modules\pomelo-rpc\lib\rpc-server\dispatcher.js:52:10)
    at Acceptor.cb (e:\zipai\zipai_server\game-server\node_modules\pomelo-rpc\lib\rpc-server\gateway.js:22:16)
    at processMsg (e:\zipai\zipai_server\game-server\node_modules\pomelo-rpc\lib\rpc-server\acceptors\mqtt-acceptor.js:138:12)
    at Connection.<anonymous> (e:\zipai\zipai_server\game-server\node_modules\pomelo-rpc\lib\rpc-server\acceptors\mqtt-acceptor.js:62:11)
    at emitOne (events.js:96:13)
    at Connection.emit (events.js:188:7)
    at Connection.emitPacket (e:\zipai\zipai_server\game-server\node_modules\mqtt-connection\connection.js:14:8)
    at emitOne (events.js:96:13)
    at Connection.emit (events.js:188:7)
[2017-04-22 14:29:50.571] [ERROR] pomelo-rpc - [31m[mqtt-acceptor] [39mprocess rpc message error TypeError: Cannot read property 'userMap' of undefined
    at RoomRemote.remote.createRoom (e:\zipai\zipai_server\game-server\app\servers\fight\remote\roomRemote.js:25:30)
    at Dispatcher.pro.route (e:\zipai\zipai_server\game-server\node_modules\pomelo-rpc\lib\rpc-server\dispatcher.js:52:10)
    at Acceptor.cb (e:\zipai\zipai_server\game-server\node_modules\pomelo-rpc\lib\rpc-server\gateway.js:22:16)
    at processMsg (e:\zipai\zipai_server\game-server\node_modules\pomelo-rpc\lib\rpc-server\acceptors\mqtt-acceptor.js:138:12)
    at Connection.<anonymous> (e:\zipai\zipai_server\game-server\node_modules\pomelo-rpc\lib\rpc-server\acceptors\mqtt-acceptor.js:62:11)
    at emitOne (events.js:96:13)
    at Connection.emit (events.js:188:7)
    at Connection.emitPacket (e:\zipai\zipai_server\game-server\node_modules\mqtt-connection\connection.js:14:8)
    at emitOne (events.js:96:13)
    at Connection.emit (events.js:188:7)
[2017-04-22 14:45:40.236] [ERROR] pomelo-rpc - [31m[mqtt-acceptor] [39mprocess rpc message error TypeError: Cannot read property 'userMap' of undefined
    at RoomRemote.remote.kick (e:\zipai\zipai_server\game-server\app\servers\fight\remote\roomRemote.js:89:31)
    at Dispatcher.pro.route (e:\zipai\zipai_server\game-server\node_modules\pomelo-rpc\lib\rpc-server\dispatcher.js:52:10)
    at Acceptor.cb (e:\zipai\zipai_server\game-server\node_modules\pomelo-rpc\lib\rpc-server\gateway.js:22:16)
    at processMsg (e:\zipai\zipai_server\game-server\node_modules\pomelo-rpc\lib\rpc-server\acceptors\mqtt-acceptor.js:138:12)
    at Connection.<anonymous> (e:\zipai\zipai_server\game-server\node_modules\pomelo-rpc\lib\rpc-server\acceptors\mqtt-acceptor.js:62:11)
    at emitOne (events.js:96:13)
    at Connection.emit (events.js:188:7)
    at Connection.emitPacket (e:\zipai\zipai_server\game-server\node_modules\mqtt-connection\connection.js:14:8)
    at emitOne (events.js:96:13)
    at Connection.emit (events.js:188:7)
[2017-04-24 15:33:02.321] [ERROR] pomelo-rpc - [31m[mqtt-acceptor] [39mprocess rpc message error TypeError: Cannot read property 'userMap' of undefined
    at RoomRemote.remote.createRoom (e:\zipai\zipai_server\game-server\app\servers\fight\remote\roomRemote.js:39:30)
    at Dispatcher.pro.route (e:\zipai\zipai_server\game-server\node_modules\pomelo-rpc\lib\rpc-server\dispatcher.js:52:10)
    at Acceptor.cb (e:\zipai\zipai_server\game-server\node_modules\pomelo-rpc\lib\rpc-server\gateway.js:22:16)
    at processMsg (e:\zipai\zipai_server\game-server\node_modules\pomelo-rpc\lib\rpc-server\acceptors\mqtt-acceptor.js:138:12)
    at Connection.<anonymous> (e:\zipai\zipai_server\game-server\node_modules\pomelo-rpc\lib\rpc-server\acceptors\mqtt-acceptor.js:62:11)
    at emitOne (events.js:96:13)
    at Connection.emit (events.js:188:7)
    at Connection.emitPacket (e:\zipai\zipai_server\game-server\node_modules\mqtt-connection\connection.js:14:8)
    at emitOne (events.js:96:13)
    at Connection.emit (events.js:188:7)
[2017-04-24 15:40:36.914] [ERROR] pomelo-rpc - [31m[mqtt-acceptor] [39mprocess rpc message error TypeError: Cannot read property 'userMap' of undefined
    at RoomRemote.remote.createRoom (e:\zipai\zipai_server\game-server\app\servers\fight\remote\roomRemote.js:39:30)
    at Dispatcher.pro.route (e:\zipai\zipai_server\game-server\node_modules\pomelo-rpc\lib\rpc-server\dispatcher.js:52:10)
    at Acceptor.cb (e:\zipai\zipai_server\game-server\node_modules\pomelo-rpc\lib\rpc-server\gateway.js:22:16)
    at processMsg (e:\zipai\zipai_server\game-server\node_modules\pomelo-rpc\lib\rpc-server\acceptors\mqtt-acceptor.js:138:12)
    at Connection.<anonymous> (e:\zipai\zipai_server\game-server\node_modules\pomelo-rpc\lib\rpc-server\acceptors\mqtt-acceptor.js:62:11)
    at emitOne (events.js:96:13)
    at Connection.emit (events.js:188:7)
    at Connection.emitPacket (e:\zipai\zipai_server\game-server\node_modules\mqtt-connection\connection.js:14:8)
    at emitOne (events.js:96:13)
    at Connection.emit (events.js:188:7)
[2017-04-24 16:35:07.508] [ERROR] pomelo-rpc - [31m[mqtt-acceptor] [39mprocess rpc message error TypeError: Cannot read property 'userMap' of undefined
    at RoomRemote.remote.createRoom (e:\zipai\zipai_server\game-server\app\servers\fight\remote\roomRemote.js:40:30)
    at Dispatcher.pro.route (e:\zipai\zipai_server\game-server\node_modules\pomelo-rpc\lib\rpc-server\dispatcher.js:52:10)
    at Acceptor.cb (e:\zipai\zipai_server\game-server\node_modules\pomelo-rpc\lib\rpc-server\gateway.js:22:16)
    at processMsg (e:\zipai\zipai_server\game-server\node_modules\pomelo-rpc\lib\rpc-server\acceptors\mqtt-acceptor.js:138:12)
    at Connection.<anonymous> (e:\zipai\zipai_server\game-server\node_modules\pomelo-rpc\lib\rpc-server\acceptors\mqtt-acceptor.js:62:11)
    at emitOne (events.js:96:13)
    at Connection.emit (events.js:188:7)
    at Connection.emitPacket (e:\zipai\zipai_server\game-server\node_modules\mqtt-connection\connection.js:14:8)
    at emitOne (events.js:96:13)
    at Connection.emit (events.js:188:7)
[2017-04-24 16:35:12.972] [ERROR] pomelo-rpc - [31m[mqtt-acceptor] [39mprocess rpc message error TypeError: Cannot read property 'userMap' of undefined
    at RoomRemote.remote.kick (e:\zipai\zipai_server\game-server\app\servers\fight\remote\roomRemote.js:106:31)
    at Dispatcher.pro.route (e:\zipai\zipai_server\game-server\node_modules\pomelo-rpc\lib\rpc-server\dispatcher.js:52:10)
    at Acceptor.cb (e:\zipai\zipai_server\game-server\node_modules\pomelo-rpc\lib\rpc-server\gateway.js:22:16)
    at processMsg (e:\zipai\zipai_server\game-server\node_modules\pomelo-rpc\lib\rpc-server\acceptors\mqtt-acceptor.js:138:12)
    at Connection.<anonymous> (e:\zipai\zipai_server\game-server\node_modules\pomelo-rpc\lib\rpc-server\acceptors\mqtt-acceptor.js:62:11)
    at emitOne (events.js:96:13)
    at Connection.emit (events.js:188:7)
    at Connection.emitPacket (e:\zipai\zipai_server\game-server\node_modules\mqtt-connection\connection.js:14:8)
    at emitOne (events.js:96:13)
    at Connection.emit (events.js:188:7)
[2017-04-24 16:36:56.653] [ERROR] pomelo-rpc - [31m[mqtt-acceptor] [39mprocess rpc message error TypeError: Cannot read property 'userMap' of undefined
    at RoomRemote.remote.createRoom (e:\zipai\zipai_server\game-server\app\servers\fight\remote\roomRemote.js:40:30)
    at Dispatcher.pro.route (e:\zipai\zipai_server\game-server\node_modules\pomelo-rpc\lib\rpc-server\dispatcher.js:52:10)
    at Acceptor.cb (e:\zipai\zipai_server\game-server\node_modules\pomelo-rpc\lib\rpc-server\gateway.js:22:16)
    at processMsg (e:\zipai\zipai_server\game-server\node_modules\pomelo-rpc\lib\rpc-server\acceptors\mqtt-acceptor.js:138:12)
    at Connection.<anonymous> (e:\zipai\zipai_server\game-server\node_modules\pomelo-rpc\lib\rpc-server\acceptors\mqtt-acceptor.js:62:11)
    at emitOne (events.js:96:13)
    at Connection.emit (events.js:188:7)
    at Connection.emitPacket (e:\zipai\zipai_server\game-server\node_modules\mqtt-connection\connection.js:14:8)
    at emitOne (events.js:96:13)
    at Connection.emit (events.js:188:7)
[2017-04-24 16:41:03.965] [ERROR] pomelo-rpc - [31m[mqtt-acceptor] [39mprocess rpc message error TypeError: Cannot read property 'userMap' of undefined
    at RoomRemote.remote.kick (e:\zipai\zipai_server\game-server\app\servers\fight\remote\roomRemote.js:106:31)
    at Dispatcher.pro.route (e:\zipai\zipai_server\game-server\node_modules\pomelo-rpc\lib\rpc-server\dispatcher.js:52:10)
    at Acceptor.cb (e:\zipai\zipai_server\game-server\node_modules\pomelo-rpc\lib\rpc-server\gateway.js:22:16)
    at processMsg (e:\zipai\zipai_server\game-server\node_modules\pomelo-rpc\lib\rpc-server\acceptors\mqtt-acceptor.js:138:12)
    at Connection.<anonymous> (e:\zipai\zipai_server\game-server\node_modules\pomelo-rpc\lib\rpc-server\acceptors\mqtt-acceptor.js:62:11)
    at emitOne (events.js:96:13)
    at Connection.emit (events.js:188:7)
    at Connection.emitPacket (e:\zipai\zipai_server\game-server\node_modules\mqtt-connection\connection.js:14:8)
    at emitOne (events.js:96:13)
    at Connection.emit (events.js:188:7)
[2017-04-24 16:58:04.844] [ERROR] pomelo-rpc - [31m[mqtt-acceptor] [39mprocess rpc message error TypeError: Cannot read property 'userMap' of undefined
    at RoomRemote.remote.createRoom (e:\zipai\zipai_server\game-server\app\servers\fight\remote\roomRemote.js:40:30)
    at Dispatcher.pro.route (e:\zipai\zipai_server\game-server\node_modules\pomelo-rpc\lib\rpc-server\dispatcher.js:52:10)
    at Acceptor.cb (e:\zipai\zipai_server\game-server\node_modules\pomelo-rpc\lib\rpc-server\gateway.js:22:16)
    at processMsg (e:\zipai\zipai_server\game-server\node_modules\pomelo-rpc\lib\rpc-server\acceptors\mqtt-acceptor.js:138:12)
    at Connection.<anonymous> (e:\zipai\zipai_server\game-server\node_modules\pomelo-rpc\lib\rpc-server\acceptors\mqtt-acceptor.js:62:11)
    at emitOne (events.js:96:13)
    at Connection.emit (events.js:188:7)
    at Connection.emitPacket (e:\zipai\zipai_server\game-server\node_modules\mqtt-connection\connection.js:14:8)
    at emitOne (events.js:96:13)
    at Connection.emit (events.js:188:7)
[2017-04-24 16:58:34.027] [ERROR] pomelo-rpc - [31m[mqtt-acceptor] [39mprocess rpc message error TypeError: Cannot read property 'userMap' of undefined
    at RoomRemote.remote.kick (e:\zipai\zipai_server\game-server\app\servers\fight\remote\roomRemote.js:106:31)
    at Dispatcher.pro.route (e:\zipai\zipai_server\game-server\node_modules\pomelo-rpc\lib\rpc-server\dispatcher.js:52:10)
    at Acceptor.cb (e:\zipai\zipai_server\game-server\node_modules\pomelo-rpc\lib\rpc-server\gateway.js:22:16)
    at processMsg (e:\zipai\zipai_server\game-server\node_modules\pomelo-rpc\lib\rpc-server\acceptors\mqtt-acceptor.js:138:12)
    at Connection.<anonymous> (e:\zipai\zipai_server\game-server\node_modules\pomelo-rpc\lib\rpc-server\acceptors\mqtt-acceptor.js:62:11)
    at emitOne (events.js:96:13)
    at Connection.emit (events.js:188:7)
    at Connection.emitPacket (e:\zipai\zipai_server\game-server\node_modules\mqtt-connection\connection.js:14:8)
    at emitOne (events.js:96:13)
    at Connection.emit (events.js:188:7)
[2017-04-24 17:01:57.161] [ERROR] pomelo-rpc - [31m[mqtt-acceptor] [39mprocess rpc message error TypeError: Cannot read property 'getChannel' of undefined
    at RoomRemote.remote.createRoom (e:\zipai\zipai_server\game-server\app\servers\fight\remote\roomRemote.js:39:50)
    at Dispatcher.pro.route (e:\zipai\zipai_server\game-server\node_modules\pomelo-rpc\lib\rpc-server\dispatcher.js:52:10)
    at Acceptor.cb (e:\zipai\zipai_server\game-server\node_modules\pomelo-rpc\lib\rpc-server\gateway.js:22:16)
    at processMsg (e:\zipai\zipai_server\game-server\node_modules\pomelo-rpc\lib\rpc-server\acceptors\mqtt-acceptor.js:138:12)
    at Connection.<anonymous> (e:\zipai\zipai_server\game-server\node_modules\pomelo-rpc\lib\rpc-server\acceptors\mqtt-acceptor.js:62:11)
    at emitOne (events.js:96:13)
    at Connection.emit (events.js:188:7)
    at Connection.emitPacket (e:\zipai\zipai_server\game-server\node_modules\mqtt-connection\connection.js:14:8)
    at emitOne (events.js:96:13)
    at Connection.emit (events.js:188:7)
[2017-04-24 17:53:51.965] [ERROR] pomelo-rpc - [31m[mqtt-acceptor] [39mprocess rpc message error TypeError: Cannot read property 'getChannel' of undefined
    at RoomRemote.remote.add (e:\zipai\zipai_server\game-server\app\servers\fight\remote\roomRemote.js:77:44)
    at Dispatcher.pro.route (e:\zipai\zipai_server\game-server\node_modules\pomelo-rpc\lib\rpc-server\dispatcher.js:52:10)
    at Acceptor.cb (e:\zipai\zipai_server\game-server\node_modules\pomelo-rpc\lib\rpc-server\gateway.js:22:16)
    at processMsg (e:\zipai\zipai_server\game-server\node_modules\pomelo-rpc\lib\rpc-server\acceptors\mqtt-acceptor.js:138:12)
    at Connection.<anonymous> (e:\zipai\zipai_server\game-server\node_modules\pomelo-rpc\lib\rpc-server\acceptors\mqtt-acceptor.js:62:11)
    at emitOne (events.js:96:13)
    at Connection.emit (events.js:188:7)
    at Connection.emitPacket (e:\zipai\zipai_server\game-server\node_modules\mqtt-connection\connection.js:14:8)
    at emitOne (events.js:96:13)
    at Connection.emit (events.js:188:7)
[2017-04-24 17:53:53.789] [ERROR] pomelo-rpc - [31m[mqtt-acceptor] [39mprocess rpc message error TypeError: Cannot read property 'getChannel' of undefined
    at RoomRemote.remote.createRoom (e:\zipai\zipai_server\game-server\app\servers\fight\remote\roomRemote.js:41:50)
    at Dispatcher.pro.route (e:\zipai\zipai_server\game-server\node_modules\pomelo-rpc\lib\rpc-server\dispatcher.js:52:10)
    at Acceptor.cb (e:\zipai\zipai_server\game-server\node_modules\pomelo-rpc\lib\rpc-server\gateway.js:22:16)
    at processMsg (e:\zipai\zipai_server\game-server\node_modules\pomelo-rpc\lib\rpc-server\acceptors\mqtt-acceptor.js:138:12)
    at Connection.<anonymous> (e:\zipai\zipai_server\game-server\node_modules\pomelo-rpc\lib\rpc-server\acceptors\mqtt-acceptor.js:62:11)
    at emitOne (events.js:96:13)
    at Connection.emit (events.js:188:7)
    at Connection.emitPacket (e:\zipai\zipai_server\game-server\node_modules\mqtt-connection\connection.js:14:8)
    at emitOne (events.js:96:13)
    at Connection.emit (events.js:188:7)
[2017-04-24 17:58:51.942] [ERROR] pomelo-rpc - [31m[mqtt-acceptor] [39mprocess rpc message error TypeError: Cannot read property 'getChannel' of undefined
    at RoomRemote.remote.kick (e:\zipai\zipai_server\game-server\app\servers\fight\remote\roomRemote.js:108:49)
    at Dispatcher.pro.route (e:\zipai\zipai_server\game-server\node_modules\pomelo-rpc\lib\rpc-server\dispatcher.js:52:10)
    at Acceptor.cb (e:\zipai\zipai_server\game-server\node_modules\pomelo-rpc\lib\rpc-server\gateway.js:22:16)
    at processMsg (e:\zipai\zipai_server\game-server\node_modules\pomelo-rpc\lib\rpc-server\acceptors\mqtt-acceptor.js:138:12)
    at Connection.<anonymous> (e:\zipai\zipai_server\game-server\node_modules\pomelo-rpc\lib\rpc-server\acceptors\mqtt-acceptor.js:62:11)
    at emitOne (events.js:96:13)
    at Connection.emit (events.js:188:7)
    at Connection.emitPacket (e:\zipai\zipai_server\game-server\node_modules\mqtt-connection\connection.js:14:8)
    at emitOne (events.js:96:13)
    at Connection.emit (events.js:188:7)
[2017-04-24 20:00:33.395] [ERROR] pomelo-rpc - [31m[mqtt-acceptor] [39mprocess rpc message error TypeError: this.globalChannelService.getChannel is not a function
    at RoomRemote.remote.add (e:\zipai\zipai_server\game-server\app\servers\fight\remote\roomRemote.js:73:45)
    at Dispatcher.pro.route (e:\zipai\zipai_server\game-server\node_modules\pomelo-rpc\lib\rpc-server\dispatcher.js:52:10)
    at Acceptor.cb (e:\zipai\zipai_server\game-server\node_modules\pomelo-rpc\lib\rpc-server\gateway.js:22:16)
    at processMsg (e:\zipai\zipai_server\game-server\node_modules\pomelo-rpc\lib\rpc-server\acceptors\mqtt-acceptor.js:138:12)
    at Connection.<anonymous> (e:\zipai\zipai_server\game-server\node_modules\pomelo-rpc\lib\rpc-server\acceptors\mqtt-acceptor.js:62:11)
    at emitOne (events.js:96:13)
    at Connection.emit (events.js:188:7)
    at Connection.emitPacket (e:\zipai\zipai_server\game-server\node_modules\mqtt-connection\connection.js:14:8)
    at emitOne (events.js:96:13)
    at Connection.emit (events.js:188:7)
[2017-04-24 20:00:34.963] [ERROR] pomelo-rpc - [31m[mqtt-acceptor] [39mprocess rpc message error TypeError: this.globalChannelService.getChannel is not a function
    at RoomRemote.remote.createRoom (e:\zipai\zipai_server\game-server\app\servers\fight\remote\roomRemote.js:39:51)
    at Dispatcher.pro.route (e:\zipai\zipai_server\game-server\node_modules\pomelo-rpc\lib\rpc-server\dispatcher.js:52:10)
    at Acceptor.cb (e:\zipai\zipai_server\game-server\node_modules\pomelo-rpc\lib\rpc-server\gateway.js:22:16)
    at processMsg (e:\zipai\zipai_server\game-server\node_modules\pomelo-rpc\lib\rpc-server\acceptors\mqtt-acceptor.js:138:12)
    at Connection.<anonymous> (e:\zipai\zipai_server\game-server\node_modules\pomelo-rpc\lib\rpc-server\acceptors\mqtt-acceptor.js:62:11)
    at emitOne (events.js:96:13)
    at Connection.emit (events.js:188:7)
    at Connection.emitPacket (e:\zipai\zipai_server\game-server\node_modules\mqtt-connection\connection.js:14:8)
    at emitOne (events.js:96:13)
    at Connection.emit (events.js:188:7)
[2017-04-24 20:06:33.409] [ERROR] pomelo-rpc - [31m[mqtt-acceptor] [39mprocess rpc message error TypeError: this.globalChannelService.getChannel is not a function
    at RoomRemote.remote.kick (e:\zipai\zipai_server\game-server\app\servers\fight\remote\roomRemote.js:104:50)
    at Dispatcher.pro.route (e:\zipai\zipai_server\game-server\node_modules\pomelo-rpc\lib\rpc-server\dispatcher.js:52:10)
    at Acceptor.cb (e:\zipai\zipai_server\game-server\node_modules\pomelo-rpc\lib\rpc-server\gateway.js:22:16)
    at processMsg (e:\zipai\zipai_server\game-server\node_modules\pomelo-rpc\lib\rpc-server\acceptors\mqtt-acceptor.js:138:12)
    at Connection.<anonymous> (e:\zipai\zipai_server\game-server\node_modules\pomelo-rpc\lib\rpc-server\acceptors\mqtt-acceptor.js:62:11)
    at emitOne (events.js:96:13)
    at Connection.emit (events.js:188:7)
    at Connection.emitPacket (e:\zipai\zipai_server\game-server\node_modules\mqtt-connection\connection.js:14:8)
    at emitOne (events.js:96:13)
    at Connection.emit (events.js:188:7)
[2017-04-24 21:44:37.339] [ERROR] pomelo-rpc - [31m[mqtt-acceptor] [39mprocess rpc message error TypeError: Cannot read property 'length' of undefined
    at e:\zipai\zipai_server\game-server\app\servers\fight\remote\roomRemote.js:103:26
    at Object.utils.invokeCallback (e:\zipai\zipai_server\game-server\node_modules\pomelo-globalchannel-plugin\lib\util\utils.js:8:8)
    at GlobalChannelService.getMembersBySid (e:\zipai\zipai_server\game-server\node_modules\pomelo-globalchannel-plugin\lib\service\globalChannelService.js:138:11)
    at RoomRemote.remote.kick (e:\zipai\zipai_server\game-server\app\servers\fight\remote\roomRemote.js:100:31)
    at Dispatcher.pro.route (e:\zipai\zipai_server\game-server\node_modules\pomelo-rpc\lib\rpc-server\dispatcher.js:52:10)
    at Acceptor.cb (e:\zipai\zipai_server\game-server\node_modules\pomelo-rpc\lib\rpc-server\gateway.js:22:16)
    at processMsg (e:\zipai\zipai_server\game-server\node_modules\pomelo-rpc\lib\rpc-server\acceptors\mqtt-acceptor.js:138:12)
    at Connection.<anonymous> (e:\zipai\zipai_server\game-server\node_modules\pomelo-rpc\lib\rpc-server\acceptors\mqtt-acceptor.js:62:11)
    at emitOne (events.js:96:13)
    at Connection.emit (events.js:188:7)
[2017-04-24 22:06:10.858] [ERROR] pomelo-rpc - [31m[mqtt-acceptor] [39mprocess rpc message error ReferenceError: Rule is not defined
    at RoomRemote.remote.add (e:\zipai\zipai_server\game-server\app\servers\fight\remote\roomRemote.js:92:31)
    at Dispatcher.pro.route (e:\zipai\zipai_server\game-server\node_modules\pomelo-rpc\lib\rpc-server\dispatcher.js:52:10)
    at Acceptor.cb (e:\zipai\zipai_server\game-server\node_modules\pomelo-rpc\lib\rpc-server\gateway.js:22:16)
    at processMsg (e:\zipai\zipai_server\game-server\node_modules\pomelo-rpc\lib\rpc-server\acceptors\mqtt-acceptor.js:138:12)
    at Connection.<anonymous> (e:\zipai\zipai_server\game-server\node_modules\pomelo-rpc\lib\rpc-server\acceptors\mqtt-acceptor.js:62:11)
    at emitOne (events.js:96:13)
    at Connection.emit (events.js:188:7)
    at Connection.emitPacket (e:\zipai\zipai_server\game-server\node_modules\mqtt-connection\connection.js:14:8)
    at emitOne (events.js:96:13)
    at Connection.emit (events.js:188:7)
[2017-04-24 22:28:35.747] [ERROR] pomelo-rpc - [31m[mqtt-acceptor] [39mprocess rpc message error TypeError: Cannot read property 'roomId' of undefined
    at RoomRemote.remote.kick (e:\zipai\zipai_server\game-server\app\servers\fight\remote\roomRemote.js:105:15)
    at Dispatcher.pro.route (e:\zipai\zipai_server\game-server\node_modules\pomelo-rpc\lib\rpc-server\dispatcher.js:52:10)
    at Acceptor.cb (e:\zipai\zipai_server\game-server\node_modules\pomelo-rpc\lib\rpc-server\gateway.js:22:16)
    at processMsg (e:\zipai\zipai_server\game-server\node_modules\pomelo-rpc\lib\rpc-server\acceptors\mqtt-acceptor.js:138:12)
    at Connection.<anonymous> (e:\zipai\zipai_server\game-server\node_modules\pomelo-rpc\lib\rpc-server\acceptors\mqtt-acceptor.js:62:11)
    at emitOne (events.js:96:13)
    at Connection.emit (events.js:188:7)
    at Connection.emitPacket (e:\zipai\zipai_server\game-server\node_modules\mqtt-connection\connection.js:14:8)
    at emitOne (events.js:96:13)
    at Connection.emit (events.js:188:7)
[2017-04-25 09:30:59.788] [ERROR] pomelo-rpc - [31m[mqtt-acceptor] [39mprocess rpc message error TypeError: Cannot read property 'uid' of undefined
    at RoomRemote.remote.createRoom (e:\zipai\zipai_server\game-server\app\servers\fight\remote\roomRemote.js:43:27)
    at Dispatcher.pro.route (e:\zipai\zipai_server\game-server\node_modules\pomelo-rpc\lib\rpc-server\dispatcher.js:52:10)
    at Acceptor.cb (e:\zipai\zipai_server\game-server\node_modules\pomelo-rpc\lib\rpc-server\gateway.js:22:16)
    at processMsg (e:\zipai\zipai_server\game-server\node_modules\pomelo-rpc\lib\rpc-server\acceptors\mqtt-acceptor.js:138:12)
    at Connection.<anonymous> (e:\zipai\zipai_server\game-server\node_modules\pomelo-rpc\lib\rpc-server\acceptors\mqtt-acceptor.js:62:11)
    at emitOne (events.js:96:13)
    at Connection.emit (events.js:188:7)
    at Connection.emitPacket (e:\zipai\zipai_server\game-server\node_modules\mqtt-connection\connection.js:14:8)
    at emitOne (events.js:96:13)
    at Connection.emit (events.js:188:7)
[2017-04-25 09:45:36.705] [ERROR] pomelo-rpc - [31m[mqtt-acceptor] [39mprocess rpc message error TypeError: Cannot read property 'uid' of undefined
    at RoomRemote.remote.createRoom (e:\zipai\zipai_server\game-server\app\servers\fight\remote\roomRemote.js:48:27)
    at Dispatcher.pro.route (e:\zipai\zipai_server\game-server\node_modules\pomelo-rpc\lib\rpc-server\dispatcher.js:52:10)
    at Acceptor.cb (e:\zipai\zipai_server\game-server\node_modules\pomelo-rpc\lib\rpc-server\gateway.js:22:16)
    at processMsg (e:\zipai\zipai_server\game-server\node_modules\pomelo-rpc\lib\rpc-server\acceptors\mqtt-acceptor.js:138:12)
    at Connection.<anonymous> (e:\zipai\zipai_server\game-server\node_modules\pomelo-rpc\lib\rpc-server\acceptors\mqtt-acceptor.js:62:11)
    at emitOne (events.js:96:13)
    at Connection.emit (events.js:188:7)
    at Connection.emitPacket (e:\zipai\zipai_server\game-server\node_modules\mqtt-connection\connection.js:14:8)
    at emitOne (events.js:96:13)
    at Connection.emit (events.js:188:7)
[2017-04-25 09:53:36.962] [ERROR] pomelo-rpc - [31m[mqtt-acceptor] [39mprocess rpc message error TypeError: Cannot read property 'roomId' of undefined
    at RoomRemote.remote.kick (e:\zipai\zipai_server\game-server\app\servers\fight\remote\roomRemote.js:110:15)
    at Dispatcher.pro.route (e:\zipai\zipai_server\game-server\node_modules\pomelo-rpc\lib\rpc-server\dispatcher.js:52:10)
    at Acceptor.cb (e:\zipai\zipai_server\game-server\node_modules\pomelo-rpc\lib\rpc-server\gateway.js:22:16)
    at processMsg (e:\zipai\zipai_server\game-server\node_modules\pomelo-rpc\lib\rpc-server\acceptors\mqtt-acceptor.js:138:12)
    at Connection.<anonymous> (e:\zipai\zipai_server\game-server\node_modules\pomelo-rpc\lib\rpc-server\acceptors\mqtt-acceptor.js:62:11)
    at emitOne (events.js:96:13)
    at Connection.emit (events.js:188:7)
    at Connection.emitPacket (e:\zipai\zipai_server\game-server\node_modules\mqtt-connection\connection.js:14:8)
    at emitOne (events.js:96:13)
    at Connection.emit (events.js:188:7)
[2017-04-27 17:44:03.008] [ERROR] pomelo-rpc - [31m[mqtt-acceptor] [39mprocess rpc message error TypeError: Cannot read property 'userMap' of undefined
    at RoomRemote.remote.createRoom (e:\zipai\zipai_server\game-server\app\servers\fight\remote\roomRemote.js:40:31)
    at Dispatcher.pro.route (e:\zipai\zipai_server\game-server\node_modules\pomelo-rpc\lib\rpc-server\dispatcher.js:52:10)
    at Acceptor.cb (e:\zipai\zipai_server\game-server\node_modules\pomelo-rpc\lib\rpc-server\gateway.js:22:16)
    at processMsg (e:\zipai\zipai_server\game-server\node_modules\pomelo-rpc\lib\rpc-server\acceptors\mqtt-acceptor.js:138:12)
    at Connection.<anonymous> (e:\zipai\zipai_server\game-server\node_modules\pomelo-rpc\lib\rpc-server\acceptors\mqtt-acceptor.js:62:11)
    at emitOne (events.js:96:13)
    at Connection.emit (events.js:188:7)
    at Connection.emitPacket (e:\zipai\zipai_server\game-server\node_modules\mqtt-connection\connection.js:14:8)
    at emitOne (events.js:96:13)
    at Connection.emit (events.js:188:7)
[2017-04-27 17:53:21.048] [ERROR] pomelo-rpc - [31m[mqtt-acceptor] [39mprocess rpc message error TypeError: Cannot read property 'userMap' of undefined
    at RoomRemote.remote.createRoom (e:\zipai\zipai_server\game-server\app\servers\fight\remote\roomRemote.js:40:31)
    at Dispatcher.pro.route (e:\zipai\zipai_server\game-server\node_modules\pomelo-rpc\lib\rpc-server\dispatcher.js:52:10)
    at Acceptor.cb (e:\zipai\zipai_server\game-server\node_modules\pomelo-rpc\lib\rpc-server\gateway.js:22:16)
    at processMsg (e:\zipai\zipai_server\game-server\node_modules\pomelo-rpc\lib\rpc-server\acceptors\mqtt-acceptor.js:138:12)
    at Connection.<anonymous> (e:\zipai\zipai_server\game-server\node_modules\pomelo-rpc\lib\rpc-server\acceptors\mqtt-acceptor.js:62:11)
    at emitOne (events.js:96:13)
    at Connection.emit (events.js:188:7)
    at Connection.emitPacket (e:\zipai\zipai_server\game-server\node_modules\mqtt-connection\connection.js:14:8)
    at emitOne (events.js:96:13)
    at Connection.emit (events.js:188:7)
[2017-04-28 18:01:13.719] [ERROR] pomelo-rpc - [31m[mqtt-acceptor] [39mprocess rpc message error TypeError: Cannot read property 'uid' of null
    at GameRoom.Prototype.kickPlayer (e:\zipai\zipai_server\game-server\app\model\room.js:605:34)
    at Object.module.exports.pushPlayerLeave (e:\zipai\zipai_server\game-server\app\model\clientNet.js:146:18)
    at Handler.handler.requestLeaveRoom (e:\zipai\zipai_server\game-server\app\servers\fight\handler\roomHandler.js:40:15)
    at Service.handle (e:\zipai\zipai_server\game-server\node_modules\pomelo\lib\common\service\handlerService.js:59:20)
    at handle (e:\zipai\zipai_server\game-server\node_modules\pomelo\lib\server\server.js:375:25)
    at next (e:\zipai\zipai_server\game-server\node_modules\pomelo\lib\common\service\filterService.js:50:7)
    at Filter.before (e:\zipai\zipai_server\game-server\node_modules\pomelo\lib\filters\handler\timeout.js:34:3)
    at next (e:\zipai\zipai_server\game-server\node_modules\pomelo\lib\common\service\filterService.js:58:15)
    at Service.beforeFilter (e:\zipai\zipai_server\game-server\node_modules\pomelo\lib\common\service\filterService.js:65:3)
    at beforeFilter (e:\zipai\zipai_server\game-server\node_modules\pomelo\lib\server\server.js:242:8)
[2017-04-28 18:01:19.274] [ERROR] pomelo-rpc - [31m[mqtt-acceptor] [39mprocess rpc message error TypeError: Cannot read property 'uid' of null
    at GameRoom.Prototype.kickPlayer (e:\zipai\zipai_server\game-server\app\model\room.js:605:34)
    at Object.module.exports.pushPlayerLeave (e:\zipai\zipai_server\game-server\app\model\clientNet.js:146:18)
    at Handler.handler.requestLeaveRoom (e:\zipai\zipai_server\game-server\app\servers\fight\handler\roomHandler.js:40:15)
    at Service.handle (e:\zipai\zipai_server\game-server\node_modules\pomelo\lib\common\service\handlerService.js:59:20)
    at handle (e:\zipai\zipai_server\game-server\node_modules\pomelo\lib\server\server.js:375:25)
    at next (e:\zipai\zipai_server\game-server\node_modules\pomelo\lib\common\service\filterService.js:50:7)
    at Filter.before (e:\zipai\zipai_server\game-server\node_modules\pomelo\lib\filters\handler\timeout.js:34:3)
    at next (e:\zipai\zipai_server\game-server\node_modules\pomelo\lib\common\service\filterService.js:58:15)
    at Service.beforeFilter (e:\zipai\zipai_server\game-server\node_modules\pomelo\lib\common\service\filterService.js:65:3)
    at beforeFilter (e:\zipai\zipai_server\game-server\node_modules\pomelo\lib\server\server.js:242:8)
[2017-04-28 18:02:04.523] [ERROR] pomelo-rpc - [31m[mqtt-acceptor] [39mprocess rpc message error TypeError: Cannot read property 'uid' of null
    at GameRoom.Prototype.kickPlayer (e:\zipai\zipai_server\game-server\app\model\room.js:605:34)
    at Object.module.exports.pushPlayerLeave (e:\zipai\zipai_server\game-server\app\model\clientNet.js:146:18)
    at Handler.handler.requestLeaveRoom (e:\zipai\zipai_server\game-server\app\servers\fight\handler\roomHandler.js:40:15)
    at Service.handle (e:\zipai\zipai_server\game-server\node_modules\pomelo\lib\common\service\handlerService.js:59:20)
    at handle (e:\zipai\zipai_server\game-server\node_modules\pomelo\lib\server\server.js:375:25)
    at next (e:\zipai\zipai_server\game-server\node_modules\pomelo\lib\common\service\filterService.js:50:7)
    at Filter.before (e:\zipai\zipai_server\game-server\node_modules\pomelo\lib\filters\handler\timeout.js:34:3)
    at next (e:\zipai\zipai_server\game-server\node_modules\pomelo\lib\common\service\filterService.js:58:15)
    at Service.beforeFilter (e:\zipai\zipai_server\game-server\node_modules\pomelo\lib\common\service\filterService.js:65:3)
    at beforeFilter (e:\zipai\zipai_server\game-server\node_modules\pomelo\lib\server\server.js:242:8)
[2017-04-28 19:52:42.364] [ERROR] pomelo-rpc - [31m[mqtt-acceptor] [39mprocess rpc message error TypeError: Cannot read property 'uid' of null
    at GameRoom.Prototype.kickPlayer (e:\zipai\zipai_server\game-server\app\model\room.js:605:34)
    at Object.module.exports.pushPlayerLeave (e:\zipai\zipai_server\game-server\app\model\clientNet.js:146:18)
    at Handler.handler.requestLeaveRoom (e:\zipai\zipai_server\game-server\app\servers\fight\handler\roomHandler.js:45:15)
    at Service.handle (e:\zipai\zipai_server\game-server\node_modules\pomelo\lib\common\service\handlerService.js:59:20)
    at handle (e:\zipai\zipai_server\game-server\node_modules\pomelo\lib\server\server.js:375:25)
    at next (e:\zipai\zipai_server\game-server\node_modules\pomelo\lib\common\service\filterService.js:50:7)
    at Filter.before (e:\zipai\zipai_server\game-server\node_modules\pomelo\lib\filters\handler\timeout.js:34:3)
    at next (e:\zipai\zipai_server\game-server\node_modules\pomelo\lib\common\service\filterService.js:58:15)
    at Service.beforeFilter (e:\zipai\zipai_server\game-server\node_modules\pomelo\lib\common\service\filterService.js:65:3)
    at beforeFilter (e:\zipai\zipai_server\game-server\node_modules\pomelo\lib\server\server.js:242:8)
[2017-04-28 19:59:26.258] [ERROR] pomelo-rpc - [31m[mqtt-acceptor] [39mprocess rpc message error TypeError: Cannot read property 'uid' of null
    at GameRoom.Prototype.kickPlayer (e:\zipai\zipai_server\game-server\app\model\room.js:605:34)
    at Object.module.exports.pushPlayerLeave (e:\zipai\zipai_server\game-server\app\model\clientNet.js:146:18)
    at Handler.handler.requestLeaveRoom (e:\zipai\zipai_server\game-server\app\servers\fight\handler\roomHandler.js:42:15)
    at Service.handle (e:\zipai\zipai_server\game-server\node_modules\pomelo\lib\common\service\handlerService.js:59:20)
    at handle (e:\zipai\zipai_server\game-server\node_modules\pomelo\lib\server\server.js:375:25)
    at next (e:\zipai\zipai_server\game-server\node_modules\pomelo\lib\common\service\filterService.js:50:7)
    at Filter.before (e:\zipai\zipai_server\game-server\node_modules\pomelo\lib\filters\handler\timeout.js:34:3)
    at next (e:\zipai\zipai_server\game-server\node_modules\pomelo\lib\common\service\filterService.js:58:15)
    at Service.beforeFilter (e:\zipai\zipai_server\game-server\node_modules\pomelo\lib\common\service\filterService.js:65:3)
    at beforeFilter (e:\zipai\zipai_server\game-server\node_modules\pomelo\lib\server\server.js:242:8)
[2017-05-02 10:36:04.065] [ERROR] pomelo-rpc - [31m[mqtt-acceptor] [39mprocess rpc message error TypeError: Cannot read property 'userMap' of undefined
    at RoomRemote.remote.createRoom (e:\zipai\zipai_server\game-server\app\servers\fight\remote\roomRemote.js:40:31)
    at Dispatcher.pro.route (e:\zipai\zipai_server\game-server\node_modules\pomelo-rpc\lib\rpc-server\dispatcher.js:52:10)
    at Acceptor.cb (e:\zipai\zipai_server\game-server\node_modules\pomelo-rpc\lib\rpc-server\gateway.js:22:16)
    at processMsg (e:\zipai\zipai_server\game-server\node_modules\pomelo-rpc\lib\rpc-server\acceptors\mqtt-acceptor.js:138:12)
    at Connection.<anonymous> (e:\zipai\zipai_server\game-server\node_modules\pomelo-rpc\lib\rpc-server\acceptors\mqtt-acceptor.js:62:11)
    at emitOne (events.js:96:13)
    at Connection.emit (events.js:188:7)
    at Connection.emitPacket (e:\zipai\zipai_server\game-server\node_modules\mqtt-connection\connection.js:14:8)
    at emitOne (events.js:96:13)
    at Connection.emit (events.js:188:7)
[2017-05-02 10:36:06.437] [ERROR] pomelo-rpc - [31m[mqtt-acceptor] [39mprocess rpc message error TypeError: Cannot read property 'userMap' of undefined
    at RoomRemote.remote.kick (e:\zipai\zipai_server\game-server\app\servers\fight\remote\roomRemote.js:116:31)
    at Dispatcher.pro.route (e:\zipai\zipai_server\game-server\node_modules\pomelo-rpc\lib\rpc-server\dispatcher.js:52:10)
    at Acceptor.cb (e:\zipai\zipai_server\game-server\node_modules\pomelo-rpc\lib\rpc-server\gateway.js:22:16)
    at processMsg (e:\zipai\zipai_server\game-server\node_modules\pomelo-rpc\lib\rpc-server\acceptors\mqtt-acceptor.js:138:12)
    at Connection.<anonymous> (e:\zipai\zipai_server\game-server\node_modules\pomelo-rpc\lib\rpc-server\acceptors\mqtt-acceptor.js:62:11)
    at emitOne (events.js:96:13)
    at Connection.emit (events.js:188:7)
    at Connection.emitPacket (e:\zipai\zipai_server\game-server\node_modules\mqtt-connection\connection.js:14:8)
    at emitOne (events.js:96:13)
    at Connection.emit (events.js:188:7)
