[2017-04-11 14:18:50.648] [ERROR] pomelo-rpc - [31m[mqtt-acceptor] [39mprocess rpc message error TypeError: cb is not a function
    at RoomRemote.remote.add (e:\zipai\zipai_server\game-server\app\servers\fight\remote\roomRemote.js:64:5)
    at Dispatcher.pro.route (e:\zipai\zipai_server\game-server\node_modules\pomelo-rpc\lib\rpc-server\dispatcher.js:52:10)
    at Acceptor.cb (e:\zipai\zipai_server\game-server\node_modules\pomelo-rpc\lib\rpc-server\gateway.js:22:16)
    at processMsg (e:\zipai\zipai_server\game-server\node_modules\pomelo-rpc\lib\rpc-server\acceptors\mqtt-acceptor.js:138:12)
    at Connection.<anonymous> (e:\zipai\zipai_server\game-server\node_modules\pomelo-rpc\lib\rpc-server\acceptors\mqtt-acceptor.js:62:11)
    at emitOne (events.js:96:13)
    at Connection.emit (events.js:188:7)
    at Connection.emitPacket (e:\zipai\zipai_server\game-server\node_modules\mqtt-connection\connection.js:14:8)
    at emitOne (events.js:96:13)
    at Connection.emit (events.js:188:7)
[2017-04-21 20:16:29.758] [ERROR] pomelo-rpc - [31m[mqtt-acceptor] [39mprocess rpc message error TypeError: Cannot read property 'userMap' of undefined
    at RoomRemote.remote.createRoom (e:\zipai\zipai_server\game-server\app\servers\fight\remote\roomRemote.js:24:31)
    at Dispatcher.pro.route (e:\zipai\zipai_server\game-server\node_modules\pomelo-rpc\lib\rpc-server\dispatcher.js:52:10)
    at Acceptor.cb (e:\zipai\zipai_server\game-server\node_modules\pomelo-rpc\lib\rpc-server\gateway.js:22:16)
    at processMsg (e:\zipai\zipai_server\game-server\node_modules\pomelo-rpc\lib\rpc-server\acceptors\mqtt-acceptor.js:138:12)
    at Connection.<anonymous> (e:\zipai\zipai_server\game-server\node_modules\pomelo-rpc\lib\rpc-server\acceptors\mqtt-acceptor.js:62:11)
    at emitOne (events.js:96:13)
    at Connection.emit (events.js:188:7)
    at Connection.emitPacket (e:\zipai\zipai_server\game-server\node_modules\mqtt-connection\connection.js:14:8)
    at emitOne (events.js:96:13)
    at Connection.emit (events.js:188:7)
[2017-04-21 20:21:11.832] [ERROR] pomelo-rpc - [31m[mqtt-acceptor] [39mprocess rpc message error TypeError: Cannot read property 'userMap' of undefined
    at RoomRemote.remote.kick (e:\zipai\zipai_server\game-server\app\servers\fight\remote\roomRemote.js:86:31)
    at Dispatcher.pro.route (e:\zipai\zipai_server\game-server\node_modules\pomelo-rpc\lib\rpc-server\dispatcher.js:52:10)
    at Acceptor.cb (e:\zipai\zipai_server\game-server\node_modules\pomelo-rpc\lib\rpc-server\gateway.js:22:16)
    at processMsg (e:\zipai\zipai_server\game-server\node_modules\pomelo-rpc\lib\rpc-server\acceptors\mqtt-acceptor.js:138:12)
    at Connection.<anonymous> (e:\zipai\zipai_server\game-server\node_modules\pomelo-rpc\lib\rpc-server\acceptors\mqtt-acceptor.js:62:11)
    at emitOne (events.js:96:13)
    at Connection.emit (events.js:188:7)
    at Connection.emitPacket (e:\zipai\zipai_server\game-server\node_modules\mqtt-connection\connection.js:14:8)
    at emitOne (events.js:96:13)
    at Connection.emit (events.js:188:7)
[2017-04-21 20:21:42.997] [ERROR] pomelo-rpc - [31m[mqtt-acceptor] [39mprocess rpc message error TypeError: Cannot read property 'userMap' of undefined
    at RoomRemote.remote.createRoom (e:\zipai\zipai_server\game-server\app\servers\fight\remote\roomRemote.js:24:31)
    at Dispatcher.pro.route (e:\zipai\zipai_server\game-server\node_modules\pomelo-rpc\lib\rpc-server\dispatcher.js:52:10)
    at Acceptor.cb (e:\zipai\zipai_server\game-server\node_modules\pomelo-rpc\lib\rpc-server\gateway.js:22:16)
    at processMsg (e:\zipai\zipai_server\game-server\node_modules\pomelo-rpc\lib\rpc-server\acceptors\mqtt-acceptor.js:138:12)
    at Connection.<anonymous> (e:\zipai\zipai_server\game-server\node_modules\pomelo-rpc\lib\rpc-server\acceptors\mqtt-acceptor.js:62:11)
    at emitOne (events.js:96:13)
    at Connection.emit (events.js:188:7)
    at Connection.emitPacket (e:\zipai\zipai_server\game-server\node_modules\mqtt-connection\connection.js:14:8)
    at emitOne (events.js:96:13)
    at Connection.emit (events.js:188:7)
[2017-04-21 20:22:26.478] [ERROR] pomelo-rpc - [31m[mqtt-acceptor] [39mprocess rpc message error TypeError: Cannot read property 'userMap' of undefined
    at RoomRemote.remote.kick (e:\zipai\zipai_server\game-server\app\servers\fight\remote\roomRemote.js:86:31)
    at Dispatcher.pro.route (e:\zipai\zipai_server\game-server\node_modules\pomelo-rpc\lib\rpc-server\dispatcher.js:52:10)
    at Acceptor.cb (e:\zipai\zipai_server\game-server\node_modules\pomelo-rpc\lib\rpc-server\gateway.js:22:16)
    at processMsg (e:\zipai\zipai_server\game-server\node_modules\pomelo-rpc\lib\rpc-server\acceptors\mqtt-acceptor.js:138:12)
    at Connection.<anonymous> (e:\zipai\zipai_server\game-server\node_modules\pomelo-rpc\lib\rpc-server\acceptors\mqtt-acceptor.js:62:11)
    at emitOne (events.js:96:13)
    at Connection.emit (events.js:188:7)
    at Connection.emitPacket (e:\zipai\zipai_server\game-server\node_modules\mqtt-connection\connection.js:14:8)
    at emitOne (events.js:96:13)
    at Connection.emit (events.js:188:7)
[2017-04-21 20:23:03.306] [ERROR] pomelo-rpc - [31m[mqtt-acceptor] [39mprocess rpc message error TypeError: Cannot read property 'userMap' of undefined
    at RoomRemote.remote.kick (e:\zipai\zipai_server\game-server\app\servers\fight\remote\roomRemote.js:86:31)
    at Dispatcher.pro.route (e:\zipai\zipai_server\game-server\node_modules\pomelo-rpc\lib\rpc-server\dispatcher.js:52:10)
    at Acceptor.cb (e:\zipai\zipai_server\game-server\node_modules\pomelo-rpc\lib\rpc-server\gateway.js:22:16)
    at processMsg (e:\zipai\zipai_server\game-server\node_modules\pomelo-rpc\lib\rpc-server\acceptors\mqtt-acceptor.js:138:12)
    at Connection.<anonymous> (e:\zipai\zipai_server\game-server\node_modules\pomelo-rpc\lib\rpc-server\acceptors\mqtt-acceptor.js:62:11)
    at emitOne (events.js:96:13)
    at Connection.emit (events.js:188:7)
    at Connection.emitPacket (e:\zipai\zipai_server\game-server\node_modules\mqtt-connection\connection.js:14:8)
    at emitOne (events.js:96:13)
    at Connection.emit (events.js:188:7)
[2017-04-21 20:23:41.357] [ERROR] pomelo-rpc - [31m[mqtt-acceptor] [39mprocess rpc message error TypeError: Cannot read property 'userMap' of undefined
    at RoomRemote.remote.createRoom (e:\zipai\zipai_server\game-server\app\servers\fight\remote\roomRemote.js:24:31)
    at Dispatcher.pro.route (e:\zipai\zipai_server\game-server\node_modules\pomelo-rpc\lib\rpc-server\dispatcher.js:52:10)
    at Acceptor.cb (e:\zipai\zipai_server\game-server\node_modules\pomelo-rpc\lib\rpc-server\gateway.js:22:16)
    at processMsg (e:\zipai\zipai_server\game-server\node_modules\pomelo-rpc\lib\rpc-server\acceptors\mqtt-acceptor.js:138:12)
    at Connection.<anonymous> (e:\zipai\zipai_server\game-server\node_modules\pomelo-rpc\lib\rpc-server\acceptors\mqtt-acceptor.js:62:11)
    at emitOne (events.js:96:13)
    at Connection.emit (events.js:188:7)
    at Connection.emitPacket (e:\zipai\zipai_server\game-server\node_modules\mqtt-connection\connection.js:14:8)
    at emitOne (events.js:96:13)
    at Connection.emit (events.js:188:7)
[2017-04-21 20:24:03.925] [ERROR] pomelo-rpc - [31m[mqtt-acceptor] [39mprocess rpc message error TypeError: Cannot read property 'userMap' of undefined
    at RoomRemote.remote.createRoom (e:\zipai\zipai_server\game-server\app\servers\fight\remote\roomRemote.js:24:31)
    at Dispatcher.pro.route (e:\zipai\zipai_server\game-server\node_modules\pomelo-rpc\lib\rpc-server\dispatcher.js:52:10)
    at Acceptor.cb (e:\zipai\zipai_server\game-server\node_modules\pomelo-rpc\lib\rpc-server\gateway.js:22:16)
    at processMsg (e:\zipai\zipai_server\game-server\node_modules\pomelo-rpc\lib\rpc-server\acceptors\mqtt-acceptor.js:138:12)
    at Connection.<anonymous> (e:\zipai\zipai_server\game-server\node_modules\pomelo-rpc\lib\rpc-server\acceptors\mqtt-acceptor.js:62:11)
    at emitOne (events.js:96:13)
    at Connection.emit (events.js:188:7)
    at Connection.emitPacket (e:\zipai\zipai_server\game-server\node_modules\mqtt-connection\connection.js:14:8)
    at emitOne (events.js:96:13)
    at Connection.emit (events.js:188:7)
[2017-04-21 20:24:16.219] [ERROR] pomelo-rpc - [31m[mqtt-acceptor] [39mprocess rpc message error TypeError: Cannot read property 'userMap' of undefined
    at RoomRemote.remote.kick (e:\zipai\zipai_server\game-server\app\servers\fight\remote\roomRemote.js:86:31)
    at Dispatcher.pro.route (e:\zipai\zipai_server\game-server\node_modules\pomelo-rpc\lib\rpc-server\dispatcher.js:52:10)
    at Acceptor.cb (e:\zipai\zipai_server\game-server\node_modules\pomelo-rpc\lib\rpc-server\gateway.js:22:16)
    at processMsg (e:\zipai\zipai_server\game-server\node_modules\pomelo-rpc\lib\rpc-server\acceptors\mqtt-acceptor.js:138:12)
    at Connection.<anonymous> (e:\zipai\zipai_server\game-server\node_modules\pomelo-rpc\lib\rpc-server\acceptors\mqtt-acceptor.js:62:11)
    at emitOne (events.js:96:13)
    at Connection.emit (events.js:188:7)
    at Connection.emitPacket (e:\zipai\zipai_server\game-server\node_modules\mqtt-connection\connection.js:14:8)
    at emitOne (events.js:96:13)
    at Connection.emit (events.js:188:7)
[2017-04-22 09:16:25.198] [ERROR] pomelo-rpc - [31m[mqtt-acceptor] [39mprocess rpc message error TypeError: Cannot read property 'userMap' of undefined
    at RoomRemote.remote.createRoom (e:\zipai\zipai_server\game-server\app\servers\fight\remote\roomRemote.js:24:31)
    at Dispatcher.pro.route (e:\zipai\zipai_server\game-server\node_modules\pomelo-rpc\lib\rpc-server\dispatcher.js:52:10)
    at Acceptor.cb (e:\zipai\zipai_server\game-server\node_modules\pomelo-rpc\lib\rpc-server\gateway.js:22:16)
    at processMsg (e:\zipai\zipai_server\game-server\node_modules\pomelo-rpc\lib\rpc-server\acceptors\mqtt-acceptor.js:138:12)
    at Connection.<anonymous> (e:\zipai\zipai_server\game-server\node_modules\pomelo-rpc\lib\rpc-server\acceptors\mqtt-acceptor.js:62:11)
    at emitOne (events.js:96:13)
    at Connection.emit (events.js:188:7)
    at Connection.emitPacket (e:\zipai\zipai_server\game-server\node_modules\mqtt-connection\connection.js:14:8)
    at emitOne (events.js:96:13)
    at Connection.emit (events.js:188:7)
[2017-04-22 09:16:58.113] [ERROR] pomelo-rpc - [31m[mqtt-acceptor] [39mprocess rpc message error TypeError: Cannot read property 'userMap' of undefined
    at RoomRemote.remote.createRoom (e:\zipai\zipai_server\game-server\app\servers\fight\remote\roomRemote.js:24:31)
    at Dispatcher.pro.route (e:\zipai\zipai_server\game-server\node_modules\pomelo-rpc\lib\rpc-server\dispatcher.js:52:10)
    at Acceptor.cb (e:\zipai\zipai_server\game-server\node_modules\pomelo-rpc\lib\rpc-server\gateway.js:22:16)
    at processMsg (e:\zipai\zipai_server\game-server\node_modules\pomelo-rpc\lib\rpc-server\acceptors\mqtt-acceptor.js:138:12)
    at Connection.<anonymous> (e:\zipai\zipai_server\game-server\node_modules\pomelo-rpc\lib\rpc-server\acceptors\mqtt-acceptor.js:62:11)
    at emitOne (events.js:96:13)
    at Connection.emit (events.js:188:7)
    at Connection.emitPacket (e:\zipai\zipai_server\game-server\node_modules\mqtt-connection\connection.js:14:8)
    at emitOne (events.js:96:13)
    at Connection.emit (events.js:188:7)
[2017-04-22 09:18:42.299] [ERROR] pomelo-rpc - [31m[mqtt-acceptor] [39mprocess rpc message error TypeError: Cannot read property 'userMap' of undefined
    at RoomRemote.remote.kick (e:\zipai\zipai_server\game-server\app\servers\fight\remote\roomRemote.js:86:31)
    at Dispatcher.pro.route (e:\zipai\zipai_server\game-server\node_modules\pomelo-rpc\lib\rpc-server\dispatcher.js:52:10)
    at Acceptor.cb (e:\zipai\zipai_server\game-server\node_modules\pomelo-rpc\lib\rpc-server\gateway.js:22:16)
    at processMsg (e:\zipai\zipai_server\game-server\node_modules\pomelo-rpc\lib\rpc-server\acceptors\mqtt-acceptor.js:138:12)
    at Connection.<anonymous> (e:\zipai\zipai_server\game-server\node_modules\pomelo-rpc\lib\rpc-server\acceptors\mqtt-acceptor.js:62:11)
    at emitOne (events.js:96:13)
    at Connection.emit (events.js:188:7)
    at Connection.emitPacket (e:\zipai\zipai_server\game-server\node_modules\mqtt-connection\connection.js:14:8)
    at emitOne (events.js:96:13)
    at Connection.emit (events.js:188:7)
[2017-04-22 09:22:05.043] [ERROR] pomelo-rpc - [31m[mqtt-acceptor] [39mprocess rpc message error TypeError: Cannot read property 'userMap' of undefined
    at RoomRemote.remote.kick (e:\zipai\zipai_server\game-server\app\servers\fight\remote\roomRemote.js:86:31)
    at Dispatcher.pro.route (e:\zipai\zipai_server\game-server\node_modules\pomelo-rpc\lib\rpc-server\dispatcher.js:52:10)
    at Acceptor.cb (e:\zipai\zipai_server\game-server\node_modules\pomelo-rpc\lib\rpc-server\gateway.js:22:16)
    at processMsg (e:\zipai\zipai_server\game-server\node_modules\pomelo-rpc\lib\rpc-server\acceptors\mqtt-acceptor.js:138:12)
    at Connection.<anonymous> (e:\zipai\zipai_server\game-server\node_modules\pomelo-rpc\lib\rpc-server\acceptors\mqtt-acceptor.js:62:11)
    at emitOne (events.js:96:13)
    at Connection.emit (events.js:188:7)
    at Connection.emitPacket (e:\zipai\zipai_server\game-server\node_modules\mqtt-connection\connection.js:14:8)
    at emitOne (events.js:96:13)
    at Connection.emit (events.js:188:7)
[2017-04-22 09:22:22.995] [ERROR] pomelo-rpc - [31m[mqtt-acceptor] [39mprocess rpc message error TypeError: Cannot read property 'userMap' of undefined
    at RoomRemote.remote.kick (e:\zipai\zipai_server\game-server\app\servers\fight\remote\roomRemote.js:86:31)
    at Dispatcher.pro.route (e:\zipai\zipai_server\game-server\node_modules\pomelo-rpc\lib\rpc-server\dispatcher.js:52:10)
    at Acceptor.cb (e:\zipai\zipai_server\game-server\node_modules\pomelo-rpc\lib\rpc-server\gateway.js:22:16)
    at processMsg (e:\zipai\zipai_server\game-server\node_modules\pomelo-rpc\lib\rpc-server\acceptors\mqtt-acceptor.js:138:12)
    at Connection.<anonymous> (e:\zipai\zipai_server\game-server\node_modules\pomelo-rpc\lib\rpc-server\acceptors\mqtt-acceptor.js:62:11)
    at emitOne (events.js:96:13)
    at Connection.emit (events.js:188:7)
    at Connection.emitPacket (e:\zipai\zipai_server\game-server\node_modules\mqtt-connection\connection.js:14:8)
    at emitOne (events.js:96:13)
    at Connection.emit (events.js:188:7)
[2017-04-22 14:25:51.440] [ERROR] pomelo-rpc - [31m[mqtt-acceptor] [39mprocess rpc message error TypeError: Cannot read property 'userMap' of undefined
    at RoomRemote.remote.createRoom (e:\zipai\zipai_server\game-server\app\servers\fight\remote\roomRemote.js:24:30)
    at Dispatcher.pro.route (e:\zipai\zipai_server\game-server\node_modules\pomelo-rpc\lib\rpc-server\dispatcher.js:52:10)
    at Acceptor.cb (e:\zipai\zipai_server\game-server\node_modules\pomelo-rpc\lib\rpc-server\gateway.js:22:16)
    at processMsg (e:\zipai\zipai_server\game-server\node_modules\pomelo-rpc\lib\rpc-server\acceptors\mqtt-acceptor.js:138:12)
    at Connection.<anonymous> (e:\zipai\zipai_server\game-server\node_modules\pomelo-rpc\lib\rpc-server\acceptors\mqtt-acceptor.js:62:11)
    at emitOne (events.js:96:13)
    at Connection.emit (events.js:188:7)
    at Connection.emitPacket (e:\zipai\zipai_server\game-server\node_modules\mqtt-connection\connection.js:14:8)
    at emitOne (events.js:96:13)
    at Connection.emit (events.js:188:7)
[2017-04-22 14:50:34.639] [ERROR] pomelo-rpc - [31m[mqtt-acceptor] [39mprocess rpc message error TypeError: Cannot read property 'getChannel' of undefined
    at RoomRemote.remote.add (e:\zipai\zipai_server\game-server\app\servers\fight\remote\roomRemote.js:57:38)
    at Dispatcher.pro.route (e:\zipai\zipai_server\game-server\node_modules\pomelo-rpc\lib\rpc-server\dispatcher.js:52:10)
    at Acceptor.cb (e:\zipai\zipai_server\game-server\node_modules\pomelo-rpc\lib\rpc-server\gateway.js:22:16)
    at processMsg (e:\zipai\zipai_server\game-server\node_modules\pomelo-rpc\lib\rpc-server\acceptors\mqtt-acceptor.js:138:12)
    at Connection.<anonymous> (e:\zipai\zipai_server\game-server\node_modules\pomelo-rpc\lib\rpc-server\acceptors\mqtt-acceptor.js:62:11)
    at emitOne (events.js:96:13)
    at Connection.emit (events.js:188:7)
    at Connection.emitPacket (e:\zipai\zipai_server\game-server\node_modules\mqtt-connection\connection.js:14:8)
    at emitOne (events.js:96:13)
    at Connection.emit (events.js:188:7)
[2017-04-22 14:50:35.950] [ERROR] pomelo-rpc - [31m[mqtt-acceptor] [39mprocess rpc message error TypeError: Cannot read property 'getChannel' of undefined
    at RoomRemote.remote.initChannel (e:\zipai\zipai_server\game-server\app\servers\fight\remote\roomRemote.js:107:38)
    at RoomRemote.remote.createRoom (e:\zipai\zipai_server\game-server\app\servers\fight\remote\roomRemote.js:22:24)
    at Dispatcher.pro.route (e:\zipai\zipai_server\game-server\node_modules\pomelo-rpc\lib\rpc-server\dispatcher.js:52:10)
    at Acceptor.cb (e:\zipai\zipai_server\game-server\node_modules\pomelo-rpc\lib\rpc-server\gateway.js:22:16)
    at processMsg (e:\zipai\zipai_server\game-server\node_modules\pomelo-rpc\lib\rpc-server\acceptors\mqtt-acceptor.js:138:12)
    at Connection.<anonymous> (e:\zipai\zipai_server\game-server\node_modules\pomelo-rpc\lib\rpc-server\acceptors\mqtt-acceptor.js:62:11)
    at emitOne (events.js:96:13)
    at Connection.emit (events.js:188:7)
    at Connection.emitPacket (e:\zipai\zipai_server\game-server\node_modules\mqtt-connection\connection.js:14:8)
    at emitOne (events.js:96:13)
[2017-04-22 15:02:01.300] [ERROR] pomelo-rpc - [31m[mqtt-acceptor] [39mprocess rpc message error TypeError: Cannot read property 'getChannel' of undefined
    at RoomRemote.remote.kick (e:\zipai\zipai_server\game-server\app\servers\fight\remote\roomRemote.js:88:44)
    at Dispatcher.pro.route (e:\zipai\zipai_server\game-server\node_modules\pomelo-rpc\lib\rpc-server\dispatcher.js:52:10)
    at Acceptor.cb (e:\zipai\zipai_server\game-server\node_modules\pomelo-rpc\lib\rpc-server\gateway.js:22:16)
    at processMsg (e:\zipai\zipai_server\game-server\node_modules\pomelo-rpc\lib\rpc-server\acceptors\mqtt-acceptor.js:138:12)
    at Connection.<anonymous> (e:\zipai\zipai_server\game-server\node_modules\pomelo-rpc\lib\rpc-server\acceptors\mqtt-acceptor.js:62:11)
    at emitOne (events.js:96:13)
    at Connection.emit (events.js:188:7)
    at Connection.emitPacket (e:\zipai\zipai_server\game-server\node_modules\mqtt-connection\connection.js:14:8)
    at emitOne (events.js:96:13)
    at Connection.emit (events.js:188:7)
[2017-04-24 12:02:47.980] [ERROR] pomelo-rpc - [31m[mqtt-acceptor] [39mprocess rpc message error TypeError: Cannot read property 'userMap' of undefined
    at RoomRemote.remote.createRoom (e:\zipai\zipai_server\game-server\app\servers\fight\remote\roomRemote.js:26:30)
    at Dispatcher.pro.route (e:\zipai\zipai_server\game-server\node_modules\pomelo-rpc\lib\rpc-server\dispatcher.js:52:10)
    at Acceptor.cb (e:\zipai\zipai_server\game-server\node_modules\pomelo-rpc\lib\rpc-server\gateway.js:22:16)
    at processMsg (e:\zipai\zipai_server\game-server\node_modules\pomelo-rpc\lib\rpc-server\acceptors\mqtt-acceptor.js:138:12)
    at Connection.<anonymous> (e:\zipai\zipai_server\game-server\node_modules\pomelo-rpc\lib\rpc-server\acceptors\mqtt-acceptor.js:62:11)
    at emitOne (events.js:96:13)
    at Connection.emit (events.js:188:7)
    at Connection.emitPacket (e:\zipai\zipai_server\game-server\node_modules\mqtt-connection\connection.js:14:8)
    at emitOne (events.js:96:13)
    at Connection.emit (events.js:188:7)
[2017-04-24 15:19:20.586] [ERROR] pomelo-rpc - [31m[mqtt-acceptor] [39mprocess rpc message error TypeError: Cannot read property 'userMap' of undefined
    at RoomRemote.remote.createRoom (e:\zipai\zipai_server\game-server\app\servers\fight\remote\roomRemote.js:39:30)
    at Dispatcher.pro.route (e:\zipai\zipai_server\game-server\node_modules\pomelo-rpc\lib\rpc-server\dispatcher.js:52:10)
    at Acceptor.cb (e:\zipai\zipai_server\game-server\node_modules\pomelo-rpc\lib\rpc-server\gateway.js:22:16)
    at processMsg (e:\zipai\zipai_server\game-server\node_modules\pomelo-rpc\lib\rpc-server\acceptors\mqtt-acceptor.js:138:12)
    at Connection.<anonymous> (e:\zipai\zipai_server\game-server\node_modules\pomelo-rpc\lib\rpc-server\acceptors\mqtt-acceptor.js:62:11)
    at emitOne (events.js:96:13)
    at Connection.emit (events.js:188:7)
    at Connection.emitPacket (e:\zipai\zipai_server\game-server\node_modules\mqtt-connection\connection.js:14:8)
    at emitOne (events.js:96:13)
    at Connection.emit (events.js:188:7)
[2017-04-24 15:24:49.489] [ERROR] pomelo-rpc - [31m[mqtt-acceptor] [39mprocess rpc message error TypeError: Cannot read property 'userMap' of undefined
    at RoomRemote.remote.kick (e:\zipai\zipai_server\game-server\app\servers\fight\remote\roomRemote.js:104:31)
    at Dispatcher.pro.route (e:\zipai\zipai_server\game-server\node_modules\pomelo-rpc\lib\rpc-server\dispatcher.js:52:10)
    at Acceptor.cb (e:\zipai\zipai_server\game-server\node_modules\pomelo-rpc\lib\rpc-server\gateway.js:22:16)
    at processMsg (e:\zipai\zipai_server\game-server\node_modules\pomelo-rpc\lib\rpc-server\acceptors\mqtt-acceptor.js:138:12)
    at Connection.<anonymous> (e:\zipai\zipai_server\game-server\node_modules\pomelo-rpc\lib\rpc-server\acceptors\mqtt-acceptor.js:62:11)
    at emitOne (events.js:96:13)
    at Connection.emit (events.js:188:7)
    at Connection.emitPacket (e:\zipai\zipai_server\game-server\node_modules\mqtt-connection\connection.js:14:8)
    at emitOne (events.js:96:13)
    at Connection.emit (events.js:188:7)
[2017-04-24 15:47:30.760] [ERROR] pomelo-rpc - [31m[mqtt-acceptor] [39mprocess rpc message error TypeError: Cannot read property 'userMap' of undefined
    at RoomRemote.remote.createRoom (e:\zipai\zipai_server\game-server\app\servers\fight\remote\roomRemote.js:39:30)
    at Dispatcher.pro.route (e:\zipai\zipai_server\game-server\node_modules\pomelo-rpc\lib\rpc-server\dispatcher.js:52:10)
    at Acceptor.cb (e:\zipai\zipai_server\game-server\node_modules\pomelo-rpc\lib\rpc-server\gateway.js:22:16)
    at processMsg (e:\zipai\zipai_server\game-server\node_modules\pomelo-rpc\lib\rpc-server\acceptors\mqtt-acceptor.js:138:12)
    at Connection.<anonymous> (e:\zipai\zipai_server\game-server\node_modules\pomelo-rpc\lib\rpc-server\acceptors\mqtt-acceptor.js:62:11)
    at emitOne (events.js:96:13)
    at Connection.emit (events.js:188:7)
    at Connection.emitPacket (e:\zipai\zipai_server\game-server\node_modules\mqtt-connection\connection.js:14:8)
    at emitOne (events.js:96:13)
    at Connection.emit (events.js:188:7)
[2017-04-24 15:49:23.948] [ERROR] pomelo-rpc - [31m[mqtt-acceptor] [39mprocess rpc message error ReferenceError: pomelo is not defined
    at RoomRemote.remote.createRoom (e:\zipai\zipai_server\game-server\app\servers\fight\remote\roomRemote.js:37:57)
    at Dispatcher.pro.route (e:\zipai\zipai_server\game-server\node_modules\pomelo-rpc\lib\rpc-server\dispatcher.js:52:10)
    at Acceptor.cb (e:\zipai\zipai_server\game-server\node_modules\pomelo-rpc\lib\rpc-server\gateway.js:22:16)
    at processMsg (e:\zipai\zipai_server\game-server\node_modules\pomelo-rpc\lib\rpc-server\acceptors\mqtt-acceptor.js:138:12)
    at Connection.<anonymous> (e:\zipai\zipai_server\game-server\node_modules\pomelo-rpc\lib\rpc-server\acceptors\mqtt-acceptor.js:62:11)
    at emitOne (events.js:96:13)
    at Connection.emit (events.js:188:7)
    at Connection.emitPacket (e:\zipai\zipai_server\game-server\node_modules\mqtt-connection\connection.js:14:8)
    at emitOne (events.js:96:13)
    at Connection.emit (events.js:188:7)
[2017-04-24 15:50:46.106] [ERROR] pomelo-rpc - [31m[mqtt-acceptor] [39mprocess rpc message error TypeError: Cannot read property 'userMap' of undefined
    at RoomRemote.remote.createRoom (e:\zipai\zipai_server\game-server\app\servers\fight\remote\roomRemote.js:41:30)
    at Dispatcher.pro.route (e:\zipai\zipai_server\game-server\node_modules\pomelo-rpc\lib\rpc-server\dispatcher.js:52:10)
    at Acceptor.cb (e:\zipai\zipai_server\game-server\node_modules\pomelo-rpc\lib\rpc-server\gateway.js:22:16)
    at processMsg (e:\zipai\zipai_server\game-server\node_modules\pomelo-rpc\lib\rpc-server\acceptors\mqtt-acceptor.js:138:12)
    at Connection.<anonymous> (e:\zipai\zipai_server\game-server\node_modules\pomelo-rpc\lib\rpc-server\acceptors\mqtt-acceptor.js:62:11)
    at emitOne (events.js:96:13)
    at Connection.emit (events.js:188:7)
    at Connection.emitPacket (e:\zipai\zipai_server\game-server\node_modules\mqtt-connection\connection.js:14:8)
    at emitOne (events.js:96:13)
    at Connection.emit (events.js:188:7)
[2017-04-24 15:50:59.595] [ERROR] pomelo-rpc - [31m[mqtt-acceptor] [39mprocess rpc message error TypeError: Cannot read property 'userMap' of undefined
    at RoomRemote.remote.kick (e:\zipai\zipai_server\game-server\app\servers\fight\remote\roomRemote.js:106:31)
    at Dispatcher.pro.route (e:\zipai\zipai_server\game-server\node_modules\pomelo-rpc\lib\rpc-server\dispatcher.js:52:10)
    at Acceptor.cb (e:\zipai\zipai_server\game-server\node_modules\pomelo-rpc\lib\rpc-server\gateway.js:22:16)
    at processMsg (e:\zipai\zipai_server\game-server\node_modules\pomelo-rpc\lib\rpc-server\acceptors\mqtt-acceptor.js:138:12)
    at Connection.<anonymous> (e:\zipai\zipai_server\game-server\node_modules\pomelo-rpc\lib\rpc-server\acceptors\mqtt-acceptor.js:62:11)
    at emitOne (events.js:96:13)
    at Connection.emit (events.js:188:7)
    at Connection.emitPacket (e:\zipai\zipai_server\game-server\node_modules\mqtt-connection\connection.js:14:8)
    at emitOne (events.js:96:13)
    at Connection.emit (events.js:188:7)
[2017-04-24 15:53:45.418] [ERROR] pomelo-rpc - [31m[mqtt-acceptor] [39mprocess rpc message error TypeError: Cannot read property 'userMap' of undefined
    at RoomRemote.remote.createRoom (e:\zipai\zipai_server\game-server\app\servers\fight\remote\roomRemote.js:41:30)
    at Dispatcher.pro.route (e:\zipai\zipai_server\game-server\node_modules\pomelo-rpc\lib\rpc-server\dispatcher.js:52:10)
    at Acceptor.cb (e:\zipai\zipai_server\game-server\node_modules\pomelo-rpc\lib\rpc-server\gateway.js:22:16)
    at processMsg (e:\zipai\zipai_server\game-server\node_modules\pomelo-rpc\lib\rpc-server\acceptors\mqtt-acceptor.js:138:12)
    at Connection.<anonymous> (e:\zipai\zipai_server\game-server\node_modules\pomelo-rpc\lib\rpc-server\acceptors\mqtt-acceptor.js:62:11)
    at emitOne (events.js:96:13)
    at Connection.emit (events.js:188:7)
    at Connection.emitPacket (e:\zipai\zipai_server\game-server\node_modules\mqtt-connection\connection.js:14:8)
    at emitOne (events.js:96:13)
    at Connection.emit (events.js:188:7)
[2017-04-24 15:53:57.601] [ERROR] pomelo-rpc - [31m[mqtt-acceptor] [39mprocess rpc message error TypeError: Cannot read property 'userMap' of undefined
    at RoomRemote.remote.kick (e:\zipai\zipai_server\game-server\app\servers\fight\remote\roomRemote.js:106:31)
    at Dispatcher.pro.route (e:\zipai\zipai_server\game-server\node_modules\pomelo-rpc\lib\rpc-server\dispatcher.js:52:10)
    at Acceptor.cb (e:\zipai\zipai_server\game-server\node_modules\pomelo-rpc\lib\rpc-server\gateway.js:22:16)
    at processMsg (e:\zipai\zipai_server\game-server\node_modules\pomelo-rpc\lib\rpc-server\acceptors\mqtt-acceptor.js:138:12)
    at Connection.<anonymous> (e:\zipai\zipai_server\game-server\node_modules\pomelo-rpc\lib\rpc-server\acceptors\mqtt-acceptor.js:62:11)
    at emitOne (events.js:96:13)
    at Connection.emit (events.js:188:7)
    at Connection.emitPacket (e:\zipai\zipai_server\game-server\node_modules\mqtt-connection\connection.js:14:8)
    at emitOne (events.js:96:13)
    at Connection.emit (events.js:188:7)
[2017-04-24 15:58:21.333] [ERROR] pomelo-rpc - [31m[mqtt-acceptor] [39mprocess rpc message error TypeError: Cannot read property 'userMap' of undefined
    at RoomRemote.remote.createRoom (e:\zipai\zipai_server\game-server\app\servers\fight\remote\roomRemote.js:41:30)
    at Dispatcher.pro.route (e:\zipai\zipai_server\game-server\node_modules\pomelo-rpc\lib\rpc-server\dispatcher.js:52:10)
    at Acceptor.cb (e:\zipai\zipai_server\game-server\node_modules\pomelo-rpc\lib\rpc-server\gateway.js:22:16)
    at processMsg (e:\zipai\zipai_server\game-server\node_modules\pomelo-rpc\lib\rpc-server\acceptors\mqtt-acceptor.js:138:12)
    at Connection.<anonymous> (e:\zipai\zipai_server\game-server\node_modules\pomelo-rpc\lib\rpc-server\acceptors\mqtt-acceptor.js:62:11)
    at emitOne (events.js:96:13)
    at Connection.emit (events.js:188:7)
    at Connection.emitPacket (e:\zipai\zipai_server\game-server\node_modules\mqtt-connection\connection.js:14:8)
    at emitOne (events.js:96:13)
    at Connection.emit (events.js:188:7)
[2017-04-24 15:59:23.407] [ERROR] pomelo-rpc - [31m[mqtt-acceptor] [39mprocess rpc message error TypeError: Cannot read property 'userMap' of undefined
    at RoomRemote.remote.kick (e:\zipai\zipai_server\game-server\app\servers\fight\remote\roomRemote.js:106:31)
    at Dispatcher.pro.route (e:\zipai\zipai_server\game-server\node_modules\pomelo-rpc\lib\rpc-server\dispatcher.js:52:10)
    at Acceptor.cb (e:\zipai\zipai_server\game-server\node_modules\pomelo-rpc\lib\rpc-server\gateway.js:22:16)
    at processMsg (e:\zipai\zipai_server\game-server\node_modules\pomelo-rpc\lib\rpc-server\acceptors\mqtt-acceptor.js:138:12)
    at Connection.<anonymous> (e:\zipai\zipai_server\game-server\node_modules\pomelo-rpc\lib\rpc-server\acceptors\mqtt-acceptor.js:62:11)
    at emitOne (events.js:96:13)
    at Connection.emit (events.js:188:7)
    at Connection.emitPacket (e:\zipai\zipai_server\game-server\node_modules\mqtt-connection\connection.js:14:8)
    at emitOne (events.js:96:13)
    at Connection.emit (events.js:188:7)
[2017-04-24 15:59:28.088] [ERROR] pomelo-rpc - [31m[mqtt-acceptor] [39mprocess rpc message error TypeError: Cannot read property 'userMap' of undefined
    at RoomRemote.remote.createRoom (e:\zipai\zipai_server\game-server\app\servers\fight\remote\roomRemote.js:41:30)
    at Dispatcher.pro.route (e:\zipai\zipai_server\game-server\node_modules\pomelo-rpc\lib\rpc-server\dispatcher.js:52:10)
    at Acceptor.cb (e:\zipai\zipai_server\game-server\node_modules\pomelo-rpc\lib\rpc-server\gateway.js:22:16)
    at processMsg (e:\zipai\zipai_server\game-server\node_modules\pomelo-rpc\lib\rpc-server\acceptors\mqtt-acceptor.js:138:12)
    at Connection.<anonymous> (e:\zipai\zipai_server\game-server\node_modules\pomelo-rpc\lib\rpc-server\acceptors\mqtt-acceptor.js:62:11)
    at emitOne (events.js:96:13)
    at Connection.emit (events.js:188:7)
    at Connection.emitPacket (e:\zipai\zipai_server\game-server\node_modules\mqtt-connection\connection.js:14:8)
    at emitOne (events.js:96:13)
    at Connection.emit (events.js:188:7)
[2017-04-24 16:04:12.535] [ERROR] pomelo-rpc - [31m[mqtt-acceptor] [39mprocess rpc message error TypeError: Cannot read property 'userMap' of undefined
    at RoomRemote.remote.kick (e:\zipai\zipai_server\game-server\app\servers\fight\remote\roomRemote.js:106:31)
    at Dispatcher.pro.route (e:\zipai\zipai_server\game-server\node_modules\pomelo-rpc\lib\rpc-server\dispatcher.js:52:10)
    at Acceptor.cb (e:\zipai\zipai_server\game-server\node_modules\pomelo-rpc\lib\rpc-server\gateway.js:22:16)
    at processMsg (e:\zipai\zipai_server\game-server\node_modules\pomelo-rpc\lib\rpc-server\acceptors\mqtt-acceptor.js:138:12)
    at Connection.<anonymous> (e:\zipai\zipai_server\game-server\node_modules\pomelo-rpc\lib\rpc-server\acceptors\mqtt-acceptor.js:62:11)
    at emitOne (events.js:96:13)
    at Connection.emit (events.js:188:7)
    at Connection.emitPacket (e:\zipai\zipai_server\game-server\node_modules\mqtt-connection\connection.js:14:8)
    at emitOne (events.js:96:13)
    at Connection.emit (events.js:188:7)
[2017-04-24 17:03:38.012] [ERROR] pomelo-rpc - [31m[mqtt-acceptor] [39mprocess rpc message error TypeError: Cannot read property 'getChannel' of undefined
    at RoomRemote.remote.createRoom (e:\zipai\zipai_server\game-server\app\servers\fight\remote\roomRemote.js:39:50)
    at Dispatcher.pro.route (e:\zipai\zipai_server\game-server\node_modules\pomelo-rpc\lib\rpc-server\dispatcher.js:52:10)
    at Acceptor.cb (e:\zipai\zipai_server\game-server\node_modules\pomelo-rpc\lib\rpc-server\gateway.js:22:16)
    at processMsg (e:\zipai\zipai_server\game-server\node_modules\pomelo-rpc\lib\rpc-server\acceptors\mqtt-acceptor.js:138:12)
    at Connection.<anonymous> (e:\zipai\zipai_server\game-server\node_modules\pomelo-rpc\lib\rpc-server\acceptors\mqtt-acceptor.js:62:11)
    at emitOne (events.js:96:13)
    at Connection.emit (events.js:188:7)
    at Connection.emitPacket (e:\zipai\zipai_server\game-server\node_modules\mqtt-connection\connection.js:14:8)
    at emitOne (events.js:96:13)
    at Connection.emit (events.js:188:7)
[2017-04-24 21:53:44.686] [ERROR] pomelo-rpc - [31m[mqtt-acceptor] [39mprocess rpc message error TypeError: Cannot read property 'uid' of undefined
    at RoomRemote.remote.createRoom (e:\zipai\zipai_server\game-server\app\servers\fight\remote\roomRemote.js:42:27)
    at Dispatcher.pro.route (e:\zipai\zipai_server\game-server\node_modules\pomelo-rpc\lib\rpc-server\dispatcher.js:52:10)
    at Acceptor.cb (e:\zipai\zipai_server\game-server\node_modules\pomelo-rpc\lib\rpc-server\gateway.js:22:16)
    at processMsg (e:\zipai\zipai_server\game-server\node_modules\pomelo-rpc\lib\rpc-server\acceptors\mqtt-acceptor.js:138:12)
    at Connection.<anonymous> (e:\zipai\zipai_server\game-server\node_modules\pomelo-rpc\lib\rpc-server\acceptors\mqtt-acceptor.js:62:11)
    at emitOne (events.js:96:13)
    at Connection.emit (events.js:188:7)
    at Connection.emitPacket (e:\zipai\zipai_server\game-server\node_modules\mqtt-connection\connection.js:14:8)
    at emitOne (events.js:96:13)
    at Connection.emit (events.js:188:7)
[2017-04-24 21:55:44.853] [ERROR] pomelo-rpc - [31m[mqtt-acceptor] [39mprocess rpc message error TypeError: Cannot read property 'roomId' of undefined
    at RoomRemote.remote.kick (e:\zipai\zipai_server\game-server\app\servers\fight\remote\roomRemote.js:101:15)
    at Dispatcher.pro.route (e:\zipai\zipai_server\game-server\node_modules\pomelo-rpc\lib\rpc-server\dispatcher.js:52:10)
    at Acceptor.cb (e:\zipai\zipai_server\game-server\node_modules\pomelo-rpc\lib\rpc-server\gateway.js:22:16)
    at processMsg (e:\zipai\zipai_server\game-server\node_modules\pomelo-rpc\lib\rpc-server\acceptors\mqtt-acceptor.js:138:12)
    at Connection.<anonymous> (e:\zipai\zipai_server\game-server\node_modules\pomelo-rpc\lib\rpc-server\acceptors\mqtt-acceptor.js:62:11)
    at emitOne (events.js:96:13)
    at Connection.emit (events.js:188:7)
    at Connection.emitPacket (e:\zipai\zipai_server\game-server\node_modules\mqtt-connection\connection.js:14:8)
    at emitOne (events.js:96:13)
    at Connection.emit (events.js:188:7)
[2017-04-24 21:55:51.973] [ERROR] pomelo-rpc - [31m[mqtt-acceptor] [39mprocess rpc message error TypeError: Cannot read property 'roomId' of undefined
    at RoomRemote.remote.kick (e:\zipai\zipai_server\game-server\app\servers\fight\remote\roomRemote.js:101:15)
    at Dispatcher.pro.route (e:\zipai\zipai_server\game-server\node_modules\pomelo-rpc\lib\rpc-server\dispatcher.js:52:10)
    at Acceptor.cb (e:\zipai\zipai_server\game-server\node_modules\pomelo-rpc\lib\rpc-server\gateway.js:22:16)
    at processMsg (e:\zipai\zipai_server\game-server\node_modules\pomelo-rpc\lib\rpc-server\acceptors\mqtt-acceptor.js:138:12)
    at Connection.<anonymous> (e:\zipai\zipai_server\game-server\node_modules\pomelo-rpc\lib\rpc-server\acceptors\mqtt-acceptor.js:62:11)
    at emitOne (events.js:96:13)
    at Connection.emit (events.js:188:7)
    at Connection.emitPacket (e:\zipai\zipai_server\game-server\node_modules\mqtt-connection\connection.js:14:8)
    at emitOne (events.js:96:13)
    at Connection.emit (events.js:188:7)
[2017-04-24 21:56:01.096] [ERROR] pomelo-rpc - [31m[mqtt-acceptor] [39mprocess rpc message error TypeError: Cannot read property 'uid' of undefined
    at RoomRemote.remote.createRoom (e:\zipai\zipai_server\game-server\app\servers\fight\remote\roomRemote.js:43:27)
    at Dispatcher.pro.route (e:\zipai\zipai_server\game-server\node_modules\pomelo-rpc\lib\rpc-server\dispatcher.js:52:10)
    at Acceptor.cb (e:\zipai\zipai_server\game-server\node_modules\pomelo-rpc\lib\rpc-server\gateway.js:22:16)
    at processMsg (e:\zipai\zipai_server\game-server\node_modules\pomelo-rpc\lib\rpc-server\acceptors\mqtt-acceptor.js:138:12)
    at Connection.<anonymous> (e:\zipai\zipai_server\game-server\node_modules\pomelo-rpc\lib\rpc-server\acceptors\mqtt-acceptor.js:62:11)
    at emitOne (events.js:96:13)
    at Connection.emit (events.js:188:7)
    at Connection.emitPacket (e:\zipai\zipai_server\game-server\node_modules\mqtt-connection\connection.js:14:8)
    at emitOne (events.js:96:13)
    at Connection.emit (events.js:188:7)
[2017-04-24 22:26:05.975] [ERROR] pomelo-rpc - [31m[mqtt-acceptor] [39mprocess rpc message error ReferenceError: cardHuId is not defined
    at Object.module.exports.calcHuListFun (e:\zipai\zipai_server\game-server\app\model\rule.js:866:53)
    at Object.module.exports.calcHuPengFun (e:\zipai\zipai_server\game-server\app\model\rule.js:850:18)
    at Object.module.exports.calcHu (e:\zipai\zipai_server\game-server\app\model\rule.js:722:23)
    at RoomRemote.remote.add (e:\zipai\zipai_server\game-server\app\servers\fight\remote\roomRemote.js:92:36)
    at Dispatcher.pro.route (e:\zipai\zipai_server\game-server\node_modules\pomelo-rpc\lib\rpc-server\dispatcher.js:52:10)
    at Acceptor.cb (e:\zipai\zipai_server\game-server\node_modules\pomelo-rpc\lib\rpc-server\gateway.js:22:16)
    at processMsg (e:\zipai\zipai_server\game-server\node_modules\pomelo-rpc\lib\rpc-server\acceptors\mqtt-acceptor.js:138:12)
    at Connection.<anonymous> (e:\zipai\zipai_server\game-server\node_modules\pomelo-rpc\lib\rpc-server\acceptors\mqtt-acceptor.js:62:11)
    at emitOne (events.js:96:13)
    at Connection.emit (events.js:188:7)
[2017-04-25 09:36:53.070] [ERROR] pomelo-rpc - [31m[mqtt-acceptor] [39mprocess rpc message error TypeError: Cannot read property 'uid' of undefined
    at RoomRemote.remote.createRoom (e:\zipai\zipai_server\game-server\app\servers\fight\remote\roomRemote.js:43:27)
    at Dispatcher.pro.route (e:\zipai\zipai_server\game-server\node_modules\pomelo-rpc\lib\rpc-server\dispatcher.js:52:10)
    at Acceptor.cb (e:\zipai\zipai_server\game-server\node_modules\pomelo-rpc\lib\rpc-server\gateway.js:22:16)
    at processMsg (e:\zipai\zipai_server\game-server\node_modules\pomelo-rpc\lib\rpc-server\acceptors\mqtt-acceptor.js:138:12)
    at Connection.<anonymous> (e:\zipai\zipai_server\game-server\node_modules\pomelo-rpc\lib\rpc-server\acceptors\mqtt-acceptor.js:62:11)
    at emitOne (events.js:96:13)
    at Connection.emit (events.js:188:7)
    at Connection.emitPacket (e:\zipai\zipai_server\game-server\node_modules\mqtt-connection\connection.js:14:8)
    at emitOne (events.js:96:13)
    at Connection.emit (events.js:188:7)
[2017-04-25 09:39:08.274] [ERROR] pomelo-rpc - [31m[mqtt-acceptor] [39mprocess rpc message error TypeError: Cannot read property 'roomId' of undefined
    at RoomRemote.remote.kick (e:\zipai\zipai_server\game-server\app\servers\fight\remote\roomRemote.js:110:15)
    at Dispatcher.pro.route (e:\zipai\zipai_server\game-server\node_modules\pomelo-rpc\lib\rpc-server\dispatcher.js:52:10)
    at Acceptor.cb (e:\zipai\zipai_server\game-server\node_modules\pomelo-rpc\lib\rpc-server\gateway.js:22:16)
    at processMsg (e:\zipai\zipai_server\game-server\node_modules\pomelo-rpc\lib\rpc-server\acceptors\mqtt-acceptor.js:138:12)
    at Connection.<anonymous> (e:\zipai\zipai_server\game-server\node_modules\pomelo-rpc\lib\rpc-server\acceptors\mqtt-acceptor.js:62:11)
    at emitOne (events.js:96:13)
    at Connection.emit (events.js:188:7)
    at Connection.emitPacket (e:\zipai\zipai_server\game-server\node_modules\mqtt-connection\connection.js:14:8)
    at emitOne (events.js:96:13)
    at Connection.emit (events.js:188:7)
[2017-04-25 09:41:18.414] [ERROR] pomelo-rpc - [31m[mqtt-acceptor] [39mprocess rpc message error TypeError: Cannot read property 'roomId' of undefined
    at RoomRemote.remote.kick (e:\zipai\zipai_server\game-server\app\servers\fight\remote\roomRemote.js:110:15)
    at Dispatcher.pro.route (e:\zipai\zipai_server\game-server\node_modules\pomelo-rpc\lib\rpc-server\dispatcher.js:52:10)
    at Acceptor.cb (e:\zipai\zipai_server\game-server\node_modules\pomelo-rpc\lib\rpc-server\gateway.js:22:16)
    at processMsg (e:\zipai\zipai_server\game-server\node_modules\pomelo-rpc\lib\rpc-server\acceptors\mqtt-acceptor.js:138:12)
    at Connection.<anonymous> (e:\zipai\zipai_server\game-server\node_modules\pomelo-rpc\lib\rpc-server\acceptors\mqtt-acceptor.js:62:11)
    at emitOne (events.js:96:13)
    at Connection.emit (events.js:188:7)
    at Connection.emitPacket (e:\zipai\zipai_server\game-server\node_modules\mqtt-connection\connection.js:14:8)
    at emitOne (events.js:96:13)
    at Connection.emit (events.js:188:7)
[2017-04-25 09:42:49.040] [ERROR] pomelo-rpc - [31m[mqtt-acceptor] [39mprocess rpc message error TypeError: Cannot read property 'roomId' of undefined
    at RoomRemote.remote.kick (e:\zipai\zipai_server\game-server\app\servers\fight\remote\roomRemote.js:110:15)
    at Dispatcher.pro.route (e:\zipai\zipai_server\game-server\node_modules\pomelo-rpc\lib\rpc-server\dispatcher.js:52:10)
    at Acceptor.cb (e:\zipai\zipai_server\game-server\node_modules\pomelo-rpc\lib\rpc-server\gateway.js:22:16)
    at processMsg (e:\zipai\zipai_server\game-server\node_modules\pomelo-rpc\lib\rpc-server\acceptors\mqtt-acceptor.js:138:12)
    at Connection.<anonymous> (e:\zipai\zipai_server\game-server\node_modules\pomelo-rpc\lib\rpc-server\acceptors\mqtt-acceptor.js:62:11)
    at emitOne (events.js:96:13)
    at Connection.emit (events.js:188:7)
    at Connection.emitPacket (e:\zipai\zipai_server\game-server\node_modules\mqtt-connection\connection.js:14:8)
    at emitOne (events.js:96:13)
    at Connection.emit (events.js:188:7)
[2017-04-27 20:02:03.750] [ERROR] pomelo-rpc - [31m[MailStation] [39m[pomelo-rpc] unknown server: [object Object]
[2017-04-27 20:02:03.750] [ERROR] pomelo-rpc - [31m[MailStation] [39m[pomelo-rpc] fail to find remote server:[object Object]
[2017-04-27 20:02:03.751] [ERROR] pomelo-rpc - [31m[failprocess] [39mrpc failed with error, remote server: [object Object], msg: {"namespace":"sys","service":"channelRemote","method":"pushMessage","args":["onRquestReleaseRoom",{"uid":"743","name":"tert"},[{"name":"34e","head":0,"sex":0,"gold":5000,"isLost":false,"uid":"1017","sid":"connector-server-2","roomId":"2515","uIndex":-1,"leftPlayer":"743","rightPlayer":"1018","handCardList":[18,16,4,12,11,3,10,15,2,2,13,6,9,8,12,9,8,11,20,3],"posCardList":[],"outSideList":[],"shaoList":[],"pengList":[],"rate":0,"isKaiZhao":false,"ignorPengList":[],"ignorChiList":[],"currFightHuShu":0,"currEachHuList":[]}],{"type":"push","userOptions":{},"isPush":true}]}, error code: 2
[2017-04-27 20:02:03.753] [ERROR] pomelo-rpc - [31m[MailStation] [39m[pomelo-rpc] unknown server: [object Object]
[2017-04-27 20:02:03.753] [ERROR] pomelo-rpc - [31m[MailStation] [39m[pomelo-rpc] fail to find remote server:[object Object]
[2017-04-27 20:02:03.753] [ERROR] pomelo-rpc - [31m[failprocess] [39mrpc failed with error, remote server: [object Object], msg: {"namespace":"sys","service":"channelRemote","method":"pushMessage","args":["onRquestReleaseRoom",{"uid":"743","name":"tert"},[{"name":"few","head":0,"sex":0,"gold":5000,"isLost":false,"uid":"1018","sid":"connector-server-2","roomId":"2515","uIndex":-1,"leftPlayer":"1017","rightPlayer":"743","handCardList":[18,14,13,17,11,18,18,7,8,5,1,14,15,6,1,3,6,15,2,13],"posCardList":[],"outSideList":[],"shaoList":[],"pengList":[],"rate":0,"isKaiZhao":false,"ignorPengList":[],"ignorChiList":[],"currFightHuShu":0,"currEachHuList":[]}],{"type":"push","userOptions":{},"isPush":true}]}, error code: 2
[2017-04-27 20:06:22.150] [ERROR] pomelo-rpc - [31m[MailStation] [39m[pomelo-rpc] unknown server: [object Object]
[2017-04-27 20:06:22.150] [ERROR] pomelo-rpc - [31m[MailStation] [39m[pomelo-rpc] fail to find remote server:[object Object]
[2017-04-27 20:06:22.150] [ERROR] pomelo-rpc - [31m[failprocess] [39mrpc failed with error, remote server: [object Object], msg: {"namespace":"sys","service":"channelRemote","method":"pushMessage","args":["onRquestReleaseRoom",{"uid":"64","name":"gdsfg"},[{"name":"gtgh","head":0,"sex":0,"gold":5000,"isLost":false,"uid":"1021","sid":"connector-server-1","roomId":"0285","uIndex":-1,"leftPlayer":"64","rightPlayer":"1022","handCardList":[4,11,11,14,7,2,18,6,8,2,4,20,15,10,17,17,7,8,5,9],"posCardList":[],"outSideList":[],"shaoList":[],"pengList":[],"rate":0,"isKaiZhao":false,"ignorPengList":[],"ignorChiList":[],"currFightHuShu":0,"currEachHuList":[]}],{"type":"push","userOptions":{},"isPush":true}]}, error code: 2
[2017-04-27 20:06:22.151] [ERROR] pomelo-rpc - [31m[MailStation] [39m[pomelo-rpc] unknown server: [object Object]
[2017-04-27 20:06:22.151] [ERROR] pomelo-rpc - [31m[MailStation] [39m[pomelo-rpc] fail to find remote server:[object Object]
[2017-04-27 20:06:22.152] [ERROR] pomelo-rpc - [31m[failprocess] [39mrpc failed with error, remote server: [object Object], msg: {"namespace":"sys","service":"channelRemote","method":"pushMessage","args":["onRquestReleaseRoom",{"uid":"64","name":"gdsfg"},[{"name":"gtrg","head":0,"sex":0,"gold":5000,"isLost":false,"uid":"1022","sid":"connector-server-3","roomId":"0285","uIndex":-1,"leftPlayer":"1021","rightPlayer":"64","handCardList":[20,1,16,12,18,9,17,11,10,1,7,12,3,18,13,19,13,16,10,19],"posCardList":[],"outSideList":[],"shaoList":[],"pengList":[],"rate":0,"isKaiZhao":false,"ignorPengList":[],"ignorChiList":[],"currFightHuShu":0,"currEachHuList":[]}],{"type":"push","userOptions":{},"isPush":true}]}, error code: 2
[2017-04-27 20:06:41.092] [ERROR] pomelo-rpc - [31m[MailStation] [39m[pomelo-rpc] unknown server: [object Object]
[2017-04-27 20:06:41.092] [ERROR] pomelo-rpc - [31m[MailStation] [39m[pomelo-rpc] fail to find remote server:[object Object]
[2017-04-27 20:06:41.092] [ERROR] pomelo-rpc - [31m[failprocess] [39mrpc failed with error, remote server: [object Object], msg: {"namespace":"sys","service":"channelRemote","method":"pushMessage","args":["onRquestReleaseRoom",{"uid":"64","name":"gdsfg"},[{"name":"gtgh","head":0,"sex":0,"gold":5000,"isLost":false,"uid":"1021","sid":"connector-server-1","roomId":"0285","uIndex":-1,"leftPlayer":"64","rightPlayer":"1022","handCardList":[4,11,11,14,7,2,18,6,8,2,4,20,15,10,17,17,7,8,5,9],"posCardList":[],"outSideList":[],"shaoList":[],"pengList":[],"rate":0,"isKaiZhao":false,"ignorPengList":[],"ignorChiList":[],"currFightHuShu":0,"currEachHuList":[]}],{"type":"push","userOptions":{},"isPush":true}]}, error code: 2
[2017-04-27 20:06:41.095] [ERROR] pomelo-rpc - [31m[MailStation] [39m[pomelo-rpc] unknown server: [object Object]
[2017-04-27 20:06:41.095] [ERROR] pomelo-rpc - [31m[MailStation] [39m[pomelo-rpc] fail to find remote server:[object Object]
[2017-04-27 20:06:41.096] [ERROR] pomelo-rpc - [31m[failprocess] [39mrpc failed with error, remote server: [object Object], msg: {"namespace":"sys","service":"channelRemote","method":"pushMessage","args":["onRquestReleaseRoom",{"uid":"64","name":"gdsfg"},[{"name":"gtrg","head":0,"sex":0,"gold":5000,"isLost":false,"uid":"1022","sid":"connector-server-3","roomId":"0285","uIndex":-1,"leftPlayer":"1021","rightPlayer":"64","handCardList":[20,1,16,12,18,9,17,11,10,1,7,12,3,18,13,19,13,16,10,19],"posCardList":[],"outSideList":[],"shaoList":[],"pengList":[],"rate":0,"isKaiZhao":false,"ignorPengList":[],"ignorChiList":[],"currFightHuShu":0,"currEachHuList":[]}],{"type":"push","userOptions":{},"isPush":true}]}, error code: 2
[2017-05-02 10:18:33.171] [ERROR] pomelo-rpc - [31m[mqtt-acceptor] [39mprocess rpc message error TypeError: Cannot read property 'userMap' of undefined
    at RoomRemote.remote.createRoom (e:\zipai\zipai_server\game-server\app\servers\fight\remote\roomRemote.js:40:31)
    at Dispatcher.pro.route (e:\zipai\zipai_server\game-server\node_modules\pomelo-rpc\lib\rpc-server\dispatcher.js:52:10)
    at Acceptor.cb (e:\zipai\zipai_server\game-server\node_modules\pomelo-rpc\lib\rpc-server\gateway.js:22:16)
    at processMsg (e:\zipai\zipai_server\game-server\node_modules\pomelo-rpc\lib\rpc-server\acceptors\mqtt-acceptor.js:138:12)
    at Connection.<anonymous> (e:\zipai\zipai_server\game-server\node_modules\pomelo-rpc\lib\rpc-server\acceptors\mqtt-acceptor.js:62:11)
    at emitOne (events.js:96:13)
    at Connection.emit (events.js:188:7)
    at Connection.emitPacket (e:\zipai\zipai_server\game-server\node_modules\mqtt-connection\connection.js:14:8)
    at emitOne (events.js:96:13)
    at Connection.emit (events.js:188:7)
[2017-05-02 10:19:14.386] [ERROR] pomelo-rpc - [31m[mqtt-acceptor] [39mprocess rpc message error TypeError: Cannot read property 'userMap' of undefined
    at RoomRemote.remote.kick (e:\zipai\zipai_server\game-server\app\servers\fight\remote\roomRemote.js:116:31)
    at Dispatcher.pro.route (e:\zipai\zipai_server\game-server\node_modules\pomelo-rpc\lib\rpc-server\dispatcher.js:52:10)
    at Acceptor.cb (e:\zipai\zipai_server\game-server\node_modules\pomelo-rpc\lib\rpc-server\gateway.js:22:16)
    at processMsg (e:\zipai\zipai_server\game-server\node_modules\pomelo-rpc\lib\rpc-server\acceptors\mqtt-acceptor.js:138:12)
    at Connection.<anonymous> (e:\zipai\zipai_server\game-server\node_modules\pomelo-rpc\lib\rpc-server\acceptors\mqtt-acceptor.js:62:11)
    at emitOne (events.js:96:13)
    at Connection.emit (events.js:188:7)
    at Connection.emitPacket (e:\zipai\zipai_server\game-server\node_modules\mqtt-connection\connection.js:14:8)
    at emitOne (events.js:96:13)
    at Connection.emit (events.js:188:7)
[2017-05-02 10:35:12.727] [ERROR] pomelo-rpc - [31m[mqtt-acceptor] [39mprocess rpc message error TypeError: Cannot read property 'userMap' of undefined
    at RoomRemote.remote.createRoom (e:\zipai\zipai_server\game-server\app\servers\fight\remote\roomRemote.js:40:31)
    at Dispatcher.pro.route (e:\zipai\zipai_server\game-server\node_modules\pomelo-rpc\lib\rpc-server\dispatcher.js:52:10)
    at Acceptor.cb (e:\zipai\zipai_server\game-server\node_modules\pomelo-rpc\lib\rpc-server\gateway.js:22:16)
    at processMsg (e:\zipai\zipai_server\game-server\node_modules\pomelo-rpc\lib\rpc-server\acceptors\mqtt-acceptor.js:138:12)
    at Connection.<anonymous> (e:\zipai\zipai_server\game-server\node_modules\pomelo-rpc\lib\rpc-server\acceptors\mqtt-acceptor.js:62:11)
    at emitOne (events.js:96:13)
    at Connection.emit (events.js:188:7)
    at Connection.emitPacket (e:\zipai\zipai_server\game-server\node_modules\mqtt-connection\connection.js:14:8)
    at emitOne (events.js:96:13)
    at Connection.emit (events.js:188:7)
