[2017-04-24 11:24:28.454] [ERROR] pomelo-rpc - [31m[mqtt-acceptor] [39mprocess rpc message error TypeError: Cannot read property 'userMap' of undefined
    at RoomRemote.remote.createRoom (e:\zipai\zipai_server\game-server\app\servers\fight\remote\roomRemote.js:25:30)
    at Dispatcher.pro.route (e:\zipai\zipai_server\game-server\node_modules\pomelo-rpc\lib\rpc-server\dispatcher.js:52:10)
    at Acceptor.cb (e:\zipai\zipai_server\game-server\node_modules\pomelo-rpc\lib\rpc-server\gateway.js:22:16)
    at processMsg (e:\zipai\zipai_server\game-server\node_modules\pomelo-rpc\lib\rpc-server\acceptors\mqtt-acceptor.js:138:12)
    at Connection.<anonymous> (e:\zipai\zipai_server\game-server\node_modules\pomelo-rpc\lib\rpc-server\acceptors\mqtt-acceptor.js:62:11)
    at emitOne (events.js:96:13)
    at Connection.emit (events.js:188:7)
    at Connection.emitPacket (e:\zipai\zipai_server\game-server\node_modules\mqtt-connection\connection.js:14:8)
    at emitOne (events.js:96:13)
    at Connection.emit (events.js:188:7)
[2017-04-24 11:25:05.312] [ERROR] pomelo-rpc - [31m[mqtt-acceptor] [39mprocess rpc message error TypeError: Cannot read property 'userMap' of undefined
    at RoomRemote.remote.kick (e:\zipai\zipai_server\game-server\app\servers\fight\remote\roomRemote.js:89:31)
    at Dispatcher.pro.route (e:\zipai\zipai_server\game-server\node_modules\pomelo-rpc\lib\rpc-server\dispatcher.js:52:10)
    at Acceptor.cb (e:\zipai\zipai_server\game-server\node_modules\pomelo-rpc\lib\rpc-server\gateway.js:22:16)
    at processMsg (e:\zipai\zipai_server\game-server\node_modules\pomelo-rpc\lib\rpc-server\acceptors\mqtt-acceptor.js:138:12)
    at Connection.<anonymous> (e:\zipai\zipai_server\game-server\node_modules\pomelo-rpc\lib\rpc-server\acceptors\mqtt-acceptor.js:62:11)
    at emitOne (events.js:96:13)
    at Connection.emit (events.js:188:7)
    at Connection.emitPacket (e:\zipai\zipai_server\game-server\node_modules\mqtt-connection\connection.js:14:8)
    at emitOne (events.js:96:13)
    at Connection.emit (events.js:188:7)
[2017-04-24 11:25:44.537] [ERROR] pomelo-rpc - [31m[mqtt-acceptor] [39mprocess rpc message error TypeError: Cannot read property 'userMap' of undefined
    at RoomRemote.remote.createRoom (e:\zipai\zipai_server\game-server\app\servers\fight\remote\roomRemote.js:25:30)
    at Dispatcher.pro.route (e:\zipai\zipai_server\game-server\node_modules\pomelo-rpc\lib\rpc-server\dispatcher.js:52:10)
    at Acceptor.cb (e:\zipai\zipai_server\game-server\node_modules\pomelo-rpc\lib\rpc-server\gateway.js:22:16)
    at processMsg (e:\zipai\zipai_server\game-server\node_modules\pomelo-rpc\lib\rpc-server\acceptors\mqtt-acceptor.js:138:12)
    at Connection.<anonymous> (e:\zipai\zipai_server\game-server\node_modules\pomelo-rpc\lib\rpc-server\acceptors\mqtt-acceptor.js:62:11)
    at emitOne (events.js:96:13)
    at Connection.emit (events.js:188:7)
    at Connection.emitPacket (e:\zipai\zipai_server\game-server\node_modules\mqtt-connection\connection.js:14:8)
    at emitOne (events.js:96:13)
    at Connection.emit (events.js:188:7)
[2017-04-24 11:44:08.190] [ERROR] pomelo-rpc - [31m[mqtt-acceptor] [39mprocess rpc message error TypeError: Cannot read property 'userMap' of undefined
    at RoomRemote.remote.kick (e:\zipai\zipai_server\game-server\app\servers\fight\remote\roomRemote.js:89:31)
    at Dispatcher.pro.route (e:\zipai\zipai_server\game-server\node_modules\pomelo-rpc\lib\rpc-server\dispatcher.js:52:10)
    at Acceptor.cb (e:\zipai\zipai_server\game-server\node_modules\pomelo-rpc\lib\rpc-server\gateway.js:22:16)
    at processMsg (e:\zipai\zipai_server\game-server\node_modules\pomelo-rpc\lib\rpc-server\acceptors\mqtt-acceptor.js:138:12)
    at Connection.<anonymous> (e:\zipai\zipai_server\game-server\node_modules\pomelo-rpc\lib\rpc-server\acceptors\mqtt-acceptor.js:62:11)
    at emitOne (events.js:96:13)
    at Connection.emit (events.js:188:7)
    at Connection.emitPacket (e:\zipai\zipai_server\game-server\node_modules\mqtt-connection\connection.js:14:8)
    at emitOne (events.js:96:13)
    at Connection.emit (events.js:188:7)
[2017-04-24 11:44:13.283] [ERROR] pomelo-rpc - [31m[mqtt-acceptor] [39mprocess rpc message error TypeError: Cannot read property 'userMap' of undefined
    at RoomRemote.remote.createRoom (e:\zipai\zipai_server\game-server\app\servers\fight\remote\roomRemote.js:25:30)
    at Dispatcher.pro.route (e:\zipai\zipai_server\game-server\node_modules\pomelo-rpc\lib\rpc-server\dispatcher.js:52:10)
    at Acceptor.cb (e:\zipai\zipai_server\game-server\node_modules\pomelo-rpc\lib\rpc-server\gateway.js:22:16)
    at processMsg (e:\zipai\zipai_server\game-server\node_modules\pomelo-rpc\lib\rpc-server\acceptors\mqtt-acceptor.js:138:12)
    at Connection.<anonymous> (e:\zipai\zipai_server\game-server\node_modules\pomelo-rpc\lib\rpc-server\acceptors\mqtt-acceptor.js:62:11)
    at emitOne (events.js:96:13)
    at Connection.emit (events.js:188:7)
    at Connection.emitPacket (e:\zipai\zipai_server\game-server\node_modules\mqtt-connection\connection.js:14:8)
    at emitOne (events.js:96:13)
    at Connection.emit (events.js:188:7)
[2017-04-24 11:44:55.795] [ERROR] pomelo-rpc - [31m[mqtt-acceptor] [39mprocess rpc message error TypeError: Cannot read property 'userMap' of undefined
    at RoomRemote.remote.kick (e:\zipai\zipai_server\game-server\app\servers\fight\remote\roomRemote.js:89:31)
    at Dispatcher.pro.route (e:\zipai\zipai_server\game-server\node_modules\pomelo-rpc\lib\rpc-server\dispatcher.js:52:10)
    at Acceptor.cb (e:\zipai\zipai_server\game-server\node_modules\pomelo-rpc\lib\rpc-server\gateway.js:22:16)
    at processMsg (e:\zipai\zipai_server\game-server\node_modules\pomelo-rpc\lib\rpc-server\acceptors\mqtt-acceptor.js:138:12)
    at Connection.<anonymous> (e:\zipai\zipai_server\game-server\node_modules\pomelo-rpc\lib\rpc-server\acceptors\mqtt-acceptor.js:62:11)
    at emitOne (events.js:96:13)
    at Connection.emit (events.js:188:7)
    at Connection.emitPacket (e:\zipai\zipai_server\game-server\node_modules\mqtt-connection\connection.js:14:8)
    at emitOne (events.js:96:13)
    at Connection.emit (events.js:188:7)
[2017-04-24 11:47:34.031] [ERROR] pomelo-rpc - [31m[mqtt-acceptor] [39mprocess rpc message error TypeError: Cannot read property 'userMap' of undefined
    at RoomRemote.remote.createRoom (e:\zipai\zipai_server\game-server\app\servers\fight\remote\roomRemote.js:25:30)
    at Dispatcher.pro.route (e:\zipai\zipai_server\game-server\node_modules\pomelo-rpc\lib\rpc-server\dispatcher.js:52:10)
    at Acceptor.cb (e:\zipai\zipai_server\game-server\node_modules\pomelo-rpc\lib\rpc-server\gateway.js:22:16)
    at processMsg (e:\zipai\zipai_server\game-server\node_modules\pomelo-rpc\lib\rpc-server\acceptors\mqtt-acceptor.js:138:12)
    at Connection.<anonymous> (e:\zipai\zipai_server\game-server\node_modules\pomelo-rpc\lib\rpc-server\acceptors\mqtt-acceptor.js:62:11)
    at emitOne (events.js:96:13)
    at Connection.emit (events.js:188:7)
    at Connection.emitPacket (e:\zipai\zipai_server\game-server\node_modules\mqtt-connection\connection.js:14:8)
    at emitOne (events.js:96:13)
    at Connection.emit (events.js:188:7)
[2017-04-24 11:54:24.058] [ERROR] pomelo-rpc - [31m[mqtt-acceptor] [39mprocess rpc message error TypeError: Cannot read property 'userMap' of undefined
    at RoomRemote.remote.kick (e:\zipai\zipai_server\game-server\app\servers\fight\remote\roomRemote.js:89:31)
    at Dispatcher.pro.route (e:\zipai\zipai_server\game-server\node_modules\pomelo-rpc\lib\rpc-server\dispatcher.js:52:10)
    at Acceptor.cb (e:\zipai\zipai_server\game-server\node_modules\pomelo-rpc\lib\rpc-server\gateway.js:22:16)
    at processMsg (e:\zipai\zipai_server\game-server\node_modules\pomelo-rpc\lib\rpc-server\acceptors\mqtt-acceptor.js:138:12)
    at Connection.<anonymous> (e:\zipai\zipai_server\game-server\node_modules\pomelo-rpc\lib\rpc-server\acceptors\mqtt-acceptor.js:62:11)
    at emitOne (events.js:96:13)
    at Connection.emit (events.js:188:7)
    at Connection.emitPacket (e:\zipai\zipai_server\game-server\node_modules\mqtt-connection\connection.js:14:8)
    at emitOne (events.js:96:13)
    at Connection.emit (events.js:188:7)
[2017-04-24 11:54:29.475] [ERROR] pomelo-rpc - [31m[mqtt-acceptor] [39mprocess rpc message error TypeError: Cannot read property 'userMap' of undefined
    at RoomRemote.remote.createRoom (e:\zipai\zipai_server\game-server\app\servers\fight\remote\roomRemote.js:25:30)
    at Dispatcher.pro.route (e:\zipai\zipai_server\game-server\node_modules\pomelo-rpc\lib\rpc-server\dispatcher.js:52:10)
    at Acceptor.cb (e:\zipai\zipai_server\game-server\node_modules\pomelo-rpc\lib\rpc-server\gateway.js:22:16)
    at processMsg (e:\zipai\zipai_server\game-server\node_modules\pomelo-rpc\lib\rpc-server\acceptors\mqtt-acceptor.js:138:12)
    at Connection.<anonymous> (e:\zipai\zipai_server\game-server\node_modules\pomelo-rpc\lib\rpc-server\acceptors\mqtt-acceptor.js:62:11)
    at emitOne (events.js:96:13)
    at Connection.emit (events.js:188:7)
    at Connection.emitPacket (e:\zipai\zipai_server\game-server\node_modules\mqtt-connection\connection.js:14:8)
    at emitOne (events.js:96:13)
    at Connection.emit (events.js:188:7)
[2017-04-24 11:55:01.990] [ERROR] pomelo-rpc - [31m[mqtt-acceptor] [39mprocess rpc message error TypeError: Cannot read property 'userMap' of undefined
    at RoomRemote.remote.kick (e:\zipai\zipai_server\game-server\app\servers\fight\remote\roomRemote.js:89:31)
    at Dispatcher.pro.route (e:\zipai\zipai_server\game-server\node_modules\pomelo-rpc\lib\rpc-server\dispatcher.js:52:10)
    at Acceptor.cb (e:\zipai\zipai_server\game-server\node_modules\pomelo-rpc\lib\rpc-server\gateway.js:22:16)
    at processMsg (e:\zipai\zipai_server\game-server\node_modules\pomelo-rpc\lib\rpc-server\acceptors\mqtt-acceptor.js:138:12)
    at Connection.<anonymous> (e:\zipai\zipai_server\game-server\node_modules\pomelo-rpc\lib\rpc-server\acceptors\mqtt-acceptor.js:62:11)
    at emitOne (events.js:96:13)
    at Connection.emit (events.js:188:7)
    at Connection.emitPacket (e:\zipai\zipai_server\game-server\node_modules\mqtt-connection\connection.js:14:8)
    at emitOne (events.js:96:13)
    at Connection.emit (events.js:188:7)
[2017-04-24 11:55:07.311] [ERROR] pomelo-rpc - [31m[mqtt-acceptor] [39mprocess rpc message error TypeError: Cannot read property 'userMap' of undefined
    at RoomRemote.remote.createRoom (e:\zipai\zipai_server\game-server\app\servers\fight\remote\roomRemote.js:25:30)
    at Dispatcher.pro.route (e:\zipai\zipai_server\game-server\node_modules\pomelo-rpc\lib\rpc-server\dispatcher.js:52:10)
    at Acceptor.cb (e:\zipai\zipai_server\game-server\node_modules\pomelo-rpc\lib\rpc-server\gateway.js:22:16)
    at processMsg (e:\zipai\zipai_server\game-server\node_modules\pomelo-rpc\lib\rpc-server\acceptors\mqtt-acceptor.js:138:12)
    at Connection.<anonymous> (e:\zipai\zipai_server\game-server\node_modules\pomelo-rpc\lib\rpc-server\acceptors\mqtt-acceptor.js:62:11)
    at emitOne (events.js:96:13)
    at Connection.emit (events.js:188:7)
    at Connection.emitPacket (e:\zipai\zipai_server\game-server\node_modules\mqtt-connection\connection.js:14:8)
    at emitOne (events.js:96:13)
    at Connection.emit (events.js:188:7)
[2017-04-24 11:55:27.155] [ERROR] pomelo-rpc - [31m[mqtt-acceptor] [39mprocess rpc message error TypeError: Cannot read property 'userMap' of undefined
    at RoomRemote.remote.kick (e:\zipai\zipai_server\game-server\app\servers\fight\remote\roomRemote.js:89:31)
    at Dispatcher.pro.route (e:\zipai\zipai_server\game-server\node_modules\pomelo-rpc\lib\rpc-server\dispatcher.js:52:10)
    at Acceptor.cb (e:\zipai\zipai_server\game-server\node_modules\pomelo-rpc\lib\rpc-server\gateway.js:22:16)
    at processMsg (e:\zipai\zipai_server\game-server\node_modules\pomelo-rpc\lib\rpc-server\acceptors\mqtt-acceptor.js:138:12)
    at Connection.<anonymous> (e:\zipai\zipai_server\game-server\node_modules\pomelo-rpc\lib\rpc-server\acceptors\mqtt-acceptor.js:62:11)
    at emitOne (events.js:96:13)
    at Connection.emit (events.js:188:7)
    at Connection.emitPacket (e:\zipai\zipai_server\game-server\node_modules\mqtt-connection\connection.js:14:8)
    at emitOne (events.js:96:13)
    at Connection.emit (events.js:188:7)
[2017-04-24 11:55:32.247] [ERROR] pomelo-rpc - [31m[mqtt-acceptor] [39mprocess rpc message error TypeError: Cannot read property 'userMap' of undefined
    at RoomRemote.remote.createRoom (e:\zipai\zipai_server\game-server\app\servers\fight\remote\roomRemote.js:25:30)
    at Dispatcher.pro.route (e:\zipai\zipai_server\game-server\node_modules\pomelo-rpc\lib\rpc-server\dispatcher.js:52:10)
    at Acceptor.cb (e:\zipai\zipai_server\game-server\node_modules\pomelo-rpc\lib\rpc-server\gateway.js:22:16)
    at processMsg (e:\zipai\zipai_server\game-server\node_modules\pomelo-rpc\lib\rpc-server\acceptors\mqtt-acceptor.js:138:12)
    at Connection.<anonymous> (e:\zipai\zipai_server\game-server\node_modules\pomelo-rpc\lib\rpc-server\acceptors\mqtt-acceptor.js:62:11)
    at emitOne (events.js:96:13)
    at Connection.emit (events.js:188:7)
    at Connection.emitPacket (e:\zipai\zipai_server\game-server\node_modules\mqtt-connection\connection.js:14:8)
    at emitOne (events.js:96:13)
    at Connection.emit (events.js:188:7)
[2017-04-24 11:55:57.441] [ERROR] pomelo-rpc - [31m[mqtt-acceptor] [39mprocess rpc message error TypeError: Cannot read property 'userMap' of undefined
    at RoomRemote.remote.kick (e:\zipai\zipai_server\game-server\app\servers\fight\remote\roomRemote.js:89:31)
    at Dispatcher.pro.route (e:\zipai\zipai_server\game-server\node_modules\pomelo-rpc\lib\rpc-server\dispatcher.js:52:10)
    at Acceptor.cb (e:\zipai\zipai_server\game-server\node_modules\pomelo-rpc\lib\rpc-server\gateway.js:22:16)
    at processMsg (e:\zipai\zipai_server\game-server\node_modules\pomelo-rpc\lib\rpc-server\acceptors\mqtt-acceptor.js:138:12)
    at Connection.<anonymous> (e:\zipai\zipai_server\game-server\node_modules\pomelo-rpc\lib\rpc-server\acceptors\mqtt-acceptor.js:62:11)
    at emitOne (events.js:96:13)
    at Connection.emit (events.js:188:7)
    at Connection.emitPacket (e:\zipai\zipai_server\game-server\node_modules\mqtt-connection\connection.js:14:8)
    at emitOne (events.js:96:13)
    at Connection.emit (events.js:188:7)
[2017-04-24 11:56:02.657] [ERROR] pomelo-rpc - [31m[mqtt-acceptor] [39mprocess rpc message error TypeError: Cannot read property 'userMap' of undefined
    at RoomRemote.remote.createRoom (e:\zipai\zipai_server\game-server\app\servers\fight\remote\roomRemote.js:25:30)
    at Dispatcher.pro.route (e:\zipai\zipai_server\game-server\node_modules\pomelo-rpc\lib\rpc-server\dispatcher.js:52:10)
    at Acceptor.cb (e:\zipai\zipai_server\game-server\node_modules\pomelo-rpc\lib\rpc-server\gateway.js:22:16)
    at processMsg (e:\zipai\zipai_server\game-server\node_modules\pomelo-rpc\lib\rpc-server\acceptors\mqtt-acceptor.js:138:12)
    at Connection.<anonymous> (e:\zipai\zipai_server\game-server\node_modules\pomelo-rpc\lib\rpc-server\acceptors\mqtt-acceptor.js:62:11)
    at emitOne (events.js:96:13)
    at Connection.emit (events.js:188:7)
    at Connection.emitPacket (e:\zipai\zipai_server\game-server\node_modules\mqtt-connection\connection.js:14:8)
    at emitOne (events.js:96:13)
    at Connection.emit (events.js:188:7)
[2017-04-24 11:58:33.131] [ERROR] pomelo-rpc - [31m[mqtt-acceptor] [39mprocess rpc message error TypeError: Cannot read property 'userMap' of undefined
    at RoomRemote.remote.kick (e:\zipai\zipai_server\game-server\app\servers\fight\remote\roomRemote.js:89:31)
    at Dispatcher.pro.route (e:\zipai\zipai_server\game-server\node_modules\pomelo-rpc\lib\rpc-server\dispatcher.js:52:10)
    at Acceptor.cb (e:\zipai\zipai_server\game-server\node_modules\pomelo-rpc\lib\rpc-server\gateway.js:22:16)
    at processMsg (e:\zipai\zipai_server\game-server\node_modules\pomelo-rpc\lib\rpc-server\acceptors\mqtt-acceptor.js:138:12)
    at Connection.<anonymous> (e:\zipai\zipai_server\game-server\node_modules\pomelo-rpc\lib\rpc-server\acceptors\mqtt-acceptor.js:62:11)
    at emitOne (events.js:96:13)
    at Connection.emit (events.js:188:7)
    at Connection.emitPacket (e:\zipai\zipai_server\game-server\node_modules\mqtt-connection\connection.js:14:8)
    at emitOne (events.js:96:13)
    at Connection.emit (events.js:188:7)
[2017-04-24 11:58:38.641] [ERROR] pomelo-rpc - [31m[mqtt-acceptor] [39mprocess rpc message error TypeError: Cannot read property 'userMap' of undefined
    at RoomRemote.remote.createRoom (e:\zipai\zipai_server\game-server\app\servers\fight\remote\roomRemote.js:25:30)
    at Dispatcher.pro.route (e:\zipai\zipai_server\game-server\node_modules\pomelo-rpc\lib\rpc-server\dispatcher.js:52:10)
    at Acceptor.cb (e:\zipai\zipai_server\game-server\node_modules\pomelo-rpc\lib\rpc-server\gateway.js:22:16)
    at processMsg (e:\zipai\zipai_server\game-server\node_modules\pomelo-rpc\lib\rpc-server\acceptors\mqtt-acceptor.js:138:12)
    at Connection.<anonymous> (e:\zipai\zipai_server\game-server\node_modules\pomelo-rpc\lib\rpc-server\acceptors\mqtt-acceptor.js:62:11)
    at emitOne (events.js:96:13)
    at Connection.emit (events.js:188:7)
    at Connection.emitPacket (e:\zipai\zipai_server\game-server\node_modules\mqtt-connection\connection.js:14:8)
    at emitOne (events.js:96:13)
    at Connection.emit (events.js:188:7)
[2017-04-24 12:04:51.901] [ERROR] pomelo-rpc - [31m[mqtt-acceptor] [39mprocess rpc message error TypeError: Cannot read property 'userMap' of undefined
    at RoomRemote.remote.createRoom (e:\zipai\zipai_server\game-server\app\servers\fight\remote\roomRemote.js:26:30)
    at Dispatcher.pro.route (e:\zipai\zipai_server\game-server\node_modules\pomelo-rpc\lib\rpc-server\dispatcher.js:52:10)
    at Acceptor.cb (e:\zipai\zipai_server\game-server\node_modules\pomelo-rpc\lib\rpc-server\gateway.js:22:16)
    at processMsg (e:\zipai\zipai_server\game-server\node_modules\pomelo-rpc\lib\rpc-server\acceptors\mqtt-acceptor.js:138:12)
    at Connection.<anonymous> (e:\zipai\zipai_server\game-server\node_modules\pomelo-rpc\lib\rpc-server\acceptors\mqtt-acceptor.js:62:11)
    at emitOne (events.js:96:13)
    at Connection.emit (events.js:188:7)
    at Connection.emitPacket (e:\zipai\zipai_server\game-server\node_modules\mqtt-connection\connection.js:14:8)
    at emitOne (events.js:96:13)
    at Connection.emit (events.js:188:7)
[2017-04-24 12:09:37.167] [ERROR] pomelo-rpc - [31m[mqtt-acceptor] [39mprocess rpc message error TypeError: Cannot read property 'userMap' of undefined
    at RoomRemote.remote.kick (e:\zipai\zipai_server\game-server\app\servers\fight\remote\roomRemote.js:90:31)
    at Dispatcher.pro.route (e:\zipai\zipai_server\game-server\node_modules\pomelo-rpc\lib\rpc-server\dispatcher.js:52:10)
    at Acceptor.cb (e:\zipai\zipai_server\game-server\node_modules\pomelo-rpc\lib\rpc-server\gateway.js:22:16)
    at processMsg (e:\zipai\zipai_server\game-server\node_modules\pomelo-rpc\lib\rpc-server\acceptors\mqtt-acceptor.js:138:12)
    at Connection.<anonymous> (e:\zipai\zipai_server\game-server\node_modules\pomelo-rpc\lib\rpc-server\acceptors\mqtt-acceptor.js:62:11)
    at emitOne (events.js:96:13)
    at Connection.emit (events.js:188:7)
    at Connection.emitPacket (e:\zipai\zipai_server\game-server\node_modules\mqtt-connection\connection.js:14:8)
    at emitOne (events.js:96:13)
    at Connection.emit (events.js:188:7)
[2017-04-24 12:17:00.991] [ERROR] pomelo-rpc - [31m[mqtt-acceptor] [39mprocess rpc message error TypeError: Cannot read property 'userMap' of undefined
    at RoomRemote.remote.createRoom (e:\zipai\zipai_server\game-server\app\servers\fight\remote\roomRemote.js:26:30)
    at Dispatcher.pro.route (e:\zipai\zipai_server\game-server\node_modules\pomelo-rpc\lib\rpc-server\dispatcher.js:52:10)
    at Acceptor.cb (e:\zipai\zipai_server\game-server\node_modules\pomelo-rpc\lib\rpc-server\gateway.js:22:16)
    at processMsg (e:\zipai\zipai_server\game-server\node_modules\pomelo-rpc\lib\rpc-server\acceptors\mqtt-acceptor.js:138:12)
    at Connection.<anonymous> (e:\zipai\zipai_server\game-server\node_modules\pomelo-rpc\lib\rpc-server\acceptors\mqtt-acceptor.js:62:11)
    at emitOne (events.js:96:13)
    at Connection.emit (events.js:188:7)
    at Connection.emitPacket (e:\zipai\zipai_server\game-server\node_modules\mqtt-connection\connection.js:14:8)
    at emitOne (events.js:96:13)
    at Connection.emit (events.js:188:7)
[2017-04-24 12:20:25.935] [ERROR] pomelo-rpc - [31m[mqtt-acceptor] [39mprocess rpc message error TypeError: Cannot read property 'userMap' of undefined
    at RoomRemote.remote.kick (e:\zipai\zipai_server\game-server\app\servers\fight\remote\roomRemote.js:90:31)
    at Dispatcher.pro.route (e:\zipai\zipai_server\game-server\node_modules\pomelo-rpc\lib\rpc-server\dispatcher.js:52:10)
    at Acceptor.cb (e:\zipai\zipai_server\game-server\node_modules\pomelo-rpc\lib\rpc-server\gateway.js:22:16)
    at processMsg (e:\zipai\zipai_server\game-server\node_modules\pomelo-rpc\lib\rpc-server\acceptors\mqtt-acceptor.js:138:12)
    at Connection.<anonymous> (e:\zipai\zipai_server\game-server\node_modules\pomelo-rpc\lib\rpc-server\acceptors\mqtt-acceptor.js:62:11)
    at emitOne (events.js:96:13)
    at Connection.emit (events.js:188:7)
    at Connection.emitPacket (e:\zipai\zipai_server\game-server\node_modules\mqtt-connection\connection.js:14:8)
    at emitOne (events.js:96:13)
    at Connection.emit (events.js:188:7)
[2017-04-24 13:49:02.253] [ERROR] pomelo-rpc - [31m[mqtt-acceptor] [39mprocess rpc message error TypeError: Cannot read property 'userMap' of undefined
    at RoomRemote.remote.createRoom (e:\zipai\zipai_server\game-server\app\servers\fight\remote\roomRemote.js:26:30)
    at Dispatcher.pro.route (e:\zipai\zipai_server\game-server\node_modules\pomelo-rpc\lib\rpc-server\dispatcher.js:52:10)
    at Acceptor.cb (e:\zipai\zipai_server\game-server\node_modules\pomelo-rpc\lib\rpc-server\gateway.js:22:16)
    at processMsg (e:\zipai\zipai_server\game-server\node_modules\pomelo-rpc\lib\rpc-server\acceptors\mqtt-acceptor.js:138:12)
    at Connection.<anonymous> (e:\zipai\zipai_server\game-server\node_modules\pomelo-rpc\lib\rpc-server\acceptors\mqtt-acceptor.js:62:11)
    at emitOne (events.js:96:13)
    at Connection.emit (events.js:188:7)
    at Connection.emitPacket (e:\zipai\zipai_server\game-server\node_modules\mqtt-connection\connection.js:14:8)
    at emitOne (events.js:96:13)
    at Connection.emit (events.js:188:7)
[2017-04-24 13:49:13.841] [ERROR] pomelo-rpc - [31m[mqtt-acceptor] [39mprocess rpc message error TypeError: Cannot read property 'userMap' of undefined
    at RoomRemote.remote.kick (e:\zipai\zipai_server\game-server\app\servers\fight\remote\roomRemote.js:90:31)
    at Dispatcher.pro.route (e:\zipai\zipai_server\game-server\node_modules\pomelo-rpc\lib\rpc-server\dispatcher.js:52:10)
    at Acceptor.cb (e:\zipai\zipai_server\game-server\node_modules\pomelo-rpc\lib\rpc-server\gateway.js:22:16)
    at processMsg (e:\zipai\zipai_server\game-server\node_modules\pomelo-rpc\lib\rpc-server\acceptors\mqtt-acceptor.js:138:12)
    at Connection.<anonymous> (e:\zipai\zipai_server\game-server\node_modules\pomelo-rpc\lib\rpc-server\acceptors\mqtt-acceptor.js:62:11)
    at emitOne (events.js:96:13)
    at Connection.emit (events.js:188:7)
    at Connection.emitPacket (e:\zipai\zipai_server\game-server\node_modules\mqtt-connection\connection.js:14:8)
    at emitOne (events.js:96:13)
    at Connection.emit (events.js:188:7)
[2017-04-24 15:49:32.250] [ERROR] pomelo-rpc - [31m[mqtt-acceptor] [39mprocess rpc message error ReferenceError: pomelo is not defined
    at RoomRemote.remote.createRoom (e:\zipai\zipai_server\game-server\app\servers\fight\remote\roomRemote.js:37:57)
    at Dispatcher.pro.route (e:\zipai\zipai_server\game-server\node_modules\pomelo-rpc\lib\rpc-server\dispatcher.js:52:10)
    at Acceptor.cb (e:\zipai\zipai_server\game-server\node_modules\pomelo-rpc\lib\rpc-server\gateway.js:22:16)
    at processMsg (e:\zipai\zipai_server\game-server\node_modules\pomelo-rpc\lib\rpc-server\acceptors\mqtt-acceptor.js:138:12)
    at Connection.<anonymous> (e:\zipai\zipai_server\game-server\node_modules\pomelo-rpc\lib\rpc-server\acceptors\mqtt-acceptor.js:62:11)
    at emitOne (events.js:96:13)
    at Connection.emit (events.js:188:7)
    at Connection.emitPacket (e:\zipai\zipai_server\game-server\node_modules\mqtt-connection\connection.js:14:8)
    at emitOne (events.js:96:13)
    at Connection.emit (events.js:188:7)
[2017-04-24 17:01:56.210] [ERROR] pomelo-rpc - [31m[mqtt-acceptor] [39mprocess rpc message error TypeError: Cannot read property 'getChannel' of undefined
    at RoomRemote.remote.add (e:\zipai\zipai_server\game-server\app\servers\fight\remote\roomRemote.js:75:44)
    at Dispatcher.pro.route (e:\zipai\zipai_server\game-server\node_modules\pomelo-rpc\lib\rpc-server\dispatcher.js:52:10)
    at Acceptor.cb (e:\zipai\zipai_server\game-server\node_modules\pomelo-rpc\lib\rpc-server\gateway.js:22:16)
    at processMsg (e:\zipai\zipai_server\game-server\node_modules\pomelo-rpc\lib\rpc-server\acceptors\mqtt-acceptor.js:138:12)
    at Connection.<anonymous> (e:\zipai\zipai_server\game-server\node_modules\pomelo-rpc\lib\rpc-server\acceptors\mqtt-acceptor.js:62:11)
    at emitOne (events.js:96:13)
    at Connection.emit (events.js:188:7)
    at Connection.emitPacket (e:\zipai\zipai_server\game-server\node_modules\mqtt-connection\connection.js:14:8)
    at emitOne (events.js:96:13)
    at Connection.emit (events.js:188:7)
[2017-04-24 17:03:36.410] [ERROR] pomelo-rpc - [31m[mqtt-acceptor] [39mprocess rpc message error TypeError: Cannot read property 'getChannel' of undefined
    at RoomRemote.remote.add (e:\zipai\zipai_server\game-server\app\servers\fight\remote\roomRemote.js:75:44)
    at Dispatcher.pro.route (e:\zipai\zipai_server\game-server\node_modules\pomelo-rpc\lib\rpc-server\dispatcher.js:52:10)
    at Acceptor.cb (e:\zipai\zipai_server\game-server\node_modules\pomelo-rpc\lib\rpc-server\gateway.js:22:16)
    at processMsg (e:\zipai\zipai_server\game-server\node_modules\pomelo-rpc\lib\rpc-server\acceptors\mqtt-acceptor.js:138:12)
    at Connection.<anonymous> (e:\zipai\zipai_server\game-server\node_modules\pomelo-rpc\lib\rpc-server\acceptors\mqtt-acceptor.js:62:11)
    at emitOne (events.js:96:13)
    at Connection.emit (events.js:188:7)
    at Connection.emitPacket (e:\zipai\zipai_server\game-server\node_modules\mqtt-connection\connection.js:14:8)
    at emitOne (events.js:96:13)
    at Connection.emit (events.js:188:7)
[2017-04-24 17:41:26.505] [ERROR] pomelo-rpc - [31m[mqtt-acceptor] [39mprocess rpc message error TypeError: Cannot read property 'getChannel' of undefined
    at RoomRemote.remote.add (e:\zipai\zipai_server\game-server\app\servers\fight\remote\roomRemote.js:77:44)
    at Dispatcher.pro.route (e:\zipai\zipai_server\game-server\node_modules\pomelo-rpc\lib\rpc-server\dispatcher.js:52:10)
    at Acceptor.cb (e:\zipai\zipai_server\game-server\node_modules\pomelo-rpc\lib\rpc-server\gateway.js:22:16)
    at processMsg (e:\zipai\zipai_server\game-server\node_modules\pomelo-rpc\lib\rpc-server\acceptors\mqtt-acceptor.js:138:12)
    at Connection.<anonymous> (e:\zipai\zipai_server\game-server\node_modules\pomelo-rpc\lib\rpc-server\acceptors\mqtt-acceptor.js:62:11)
    at emitOne (events.js:96:13)
    at Connection.emit (events.js:188:7)
    at Connection.emitPacket (e:\zipai\zipai_server\game-server\node_modules\mqtt-connection\connection.js:14:8)
    at emitOne (events.js:96:13)
    at Connection.emit (events.js:188:7)
[2017-04-24 17:41:27.633] [ERROR] pomelo-rpc - [31m[mqtt-acceptor] [39mprocess rpc message error TypeError: Cannot read property 'getChannel' of undefined
    at RoomRemote.remote.createRoom (e:\zipai\zipai_server\game-server\app\servers\fight\remote\roomRemote.js:41:50)
    at Dispatcher.pro.route (e:\zipai\zipai_server\game-server\node_modules\pomelo-rpc\lib\rpc-server\dispatcher.js:52:10)
    at Acceptor.cb (e:\zipai\zipai_server\game-server\node_modules\pomelo-rpc\lib\rpc-server\gateway.js:22:16)
    at processMsg (e:\zipai\zipai_server\game-server\node_modules\pomelo-rpc\lib\rpc-server\acceptors\mqtt-acceptor.js:138:12)
    at Connection.<anonymous> (e:\zipai\zipai_server\game-server\node_modules\pomelo-rpc\lib\rpc-server\acceptors\mqtt-acceptor.js:62:11)
    at emitOne (events.js:96:13)
    at Connection.emit (events.js:188:7)
    at Connection.emitPacket (e:\zipai\zipai_server\game-server\node_modules\mqtt-connection\connection.js:14:8)
    at emitOne (events.js:96:13)
    at Connection.emit (events.js:188:7)
[2017-04-24 17:41:29.837] [ERROR] pomelo-rpc - [31m[mqtt-acceptor] [39mprocess rpc message error TypeError: Cannot read property 'getChannel' of undefined
    at RoomRemote.remote.kick (e:\zipai\zipai_server\game-server\app\servers\fight\remote\roomRemote.js:108:49)
    at Dispatcher.pro.route (e:\zipai\zipai_server\game-server\node_modules\pomelo-rpc\lib\rpc-server\dispatcher.js:52:10)
    at Acceptor.cb (e:\zipai\zipai_server\game-server\node_modules\pomelo-rpc\lib\rpc-server\gateway.js:22:16)
    at processMsg (e:\zipai\zipai_server\game-server\node_modules\pomelo-rpc\lib\rpc-server\acceptors\mqtt-acceptor.js:138:12)
    at Connection.<anonymous> (e:\zipai\zipai_server\game-server\node_modules\pomelo-rpc\lib\rpc-server\acceptors\mqtt-acceptor.js:62:11)
    at emitOne (events.js:96:13)
    at Connection.emit (events.js:188:7)
    at Connection.emitPacket (e:\zipai\zipai_server\game-server\node_modules\mqtt-connection\connection.js:14:8)
    at emitOne (events.js:96:13)
    at Connection.emit (events.js:188:7)
[2017-04-24 21:44:38.228] [ERROR] pomelo-rpc - [31m[mqtt-acceptor] [39mprocess rpc message error TypeError: Cannot read property 'length' of undefined
    at e:\zipai\zipai_server\game-server\app\servers\fight\remote\roomRemote.js:103:26
    at Object.utils.invokeCallback (e:\zipai\zipai_server\game-server\node_modules\pomelo-globalchannel-plugin\lib\util\utils.js:8:8)
    at GlobalChannelService.getMembersBySid (e:\zipai\zipai_server\game-server\node_modules\pomelo-globalchannel-plugin\lib\service\globalChannelService.js:138:11)
    at RoomRemote.remote.kick (e:\zipai\zipai_server\game-server\app\servers\fight\remote\roomRemote.js:100:31)
    at Dispatcher.pro.route (e:\zipai\zipai_server\game-server\node_modules\pomelo-rpc\lib\rpc-server\dispatcher.js:52:10)
    at Acceptor.cb (e:\zipai\zipai_server\game-server\node_modules\pomelo-rpc\lib\rpc-server\gateway.js:22:16)
    at processMsg (e:\zipai\zipai_server\game-server\node_modules\pomelo-rpc\lib\rpc-server\acceptors\mqtt-acceptor.js:138:12)
    at Connection.<anonymous> (e:\zipai\zipai_server\game-server\node_modules\pomelo-rpc\lib\rpc-server\acceptors\mqtt-acceptor.js:62:11)
    at emitOne (events.js:96:13)
    at Connection.emit (events.js:188:7)
[2017-04-25 09:40:48.213] [ERROR] pomelo-rpc - [31m[mqtt-acceptor] [39mprocess rpc message error TypeError: Cannot read property 'uid' of undefined
    at RoomRemote.remote.createRoom (e:\zipai\zipai_server\game-server\app\servers\fight\remote\roomRemote.js:48:27)
    at Dispatcher.pro.route (e:\zipai\zipai_server\game-server\node_modules\pomelo-rpc\lib\rpc-server\dispatcher.js:52:10)
    at Acceptor.cb (e:\zipai\zipai_server\game-server\node_modules\pomelo-rpc\lib\rpc-server\gateway.js:22:16)
    at processMsg (e:\zipai\zipai_server\game-server\node_modules\pomelo-rpc\lib\rpc-server\acceptors\mqtt-acceptor.js:138:12)
    at Connection.<anonymous> (e:\zipai\zipai_server\game-server\node_modules\pomelo-rpc\lib\rpc-server\acceptors\mqtt-acceptor.js:62:11)
    at emitOne (events.js:96:13)
    at Connection.emit (events.js:188:7)
    at Connection.emitPacket (e:\zipai\zipai_server\game-server\node_modules\mqtt-connection\connection.js:14:8)
    at emitOne (events.js:96:13)
    at Connection.emit (events.js:188:7)
[2017-04-25 09:44:37.322] [ERROR] pomelo-rpc - [31m[mqtt-acceptor] [39mprocess rpc message error TypeError: Cannot read property 'roomId' of undefined
    at RoomRemote.remote.kick (e:\zipai\zipai_server\game-server\app\servers\fight\remote\roomRemote.js:110:15)
    at Dispatcher.pro.route (e:\zipai\zipai_server\game-server\node_modules\pomelo-rpc\lib\rpc-server\dispatcher.js:52:10)
    at Acceptor.cb (e:\zipai\zipai_server\game-server\node_modules\pomelo-rpc\lib\rpc-server\gateway.js:22:16)
    at processMsg (e:\zipai\zipai_server\game-server\node_modules\pomelo-rpc\lib\rpc-server\acceptors\mqtt-acceptor.js:138:12)
    at Connection.<anonymous> (e:\zipai\zipai_server\game-server\node_modules\pomelo-rpc\lib\rpc-server\acceptors\mqtt-acceptor.js:62:11)
    at emitOne (events.js:96:13)
    at Connection.emit (events.js:188:7)
    at Connection.emitPacket (e:\zipai\zipai_server\game-server\node_modules\mqtt-connection\connection.js:14:8)
    at emitOne (events.js:96:13)
    at Connection.emit (events.js:188:7)
[2017-04-25 10:11:15.137] [ERROR] pomelo-rpc - [31m[mqtt-acceptor] [39mprocess rpc message error TypeError: Cannot read property 'uid' of undefined
    at RoomRemote.remote.createRoom (e:\zipai\zipai_server\game-server\app\servers\fight\remote\roomRemote.js:48:27)
    at Dispatcher.pro.route (e:\zipai\zipai_server\game-server\node_modules\pomelo-rpc\lib\rpc-server\dispatcher.js:52:10)
    at Acceptor.cb (e:\zipai\zipai_server\game-server\node_modules\pomelo-rpc\lib\rpc-server\gateway.js:22:16)
    at processMsg (e:\zipai\zipai_server\game-server\node_modules\pomelo-rpc\lib\rpc-server\acceptors\mqtt-acceptor.js:138:12)
    at Connection.<anonymous> (e:\zipai\zipai_server\game-server\node_modules\pomelo-rpc\lib\rpc-server\acceptors\mqtt-acceptor.js:62:11)
    at emitOne (events.js:96:13)
    at Connection.emit (events.js:188:7)
    at Connection.emitPacket (e:\zipai\zipai_server\game-server\node_modules\mqtt-connection\connection.js:14:8)
    at emitOne (events.js:96:13)
    at Connection.emit (events.js:188:7)
[2017-04-25 10:16:00.565] [ERROR] pomelo-rpc - [31m[mqtt-acceptor] [39mprocess rpc message error TypeError: Cannot read property 'uid' of undefined
    at RoomRemote.remote.createRoom (e:\zipai\zipai_server\game-server\app\servers\fight\remote\roomRemote.js:48:27)
    at Dispatcher.pro.route (e:\zipai\zipai_server\game-server\node_modules\pomelo-rpc\lib\rpc-server\dispatcher.js:52:10)
    at Acceptor.cb (e:\zipai\zipai_server\game-server\node_modules\pomelo-rpc\lib\rpc-server\gateway.js:22:16)
    at processMsg (e:\zipai\zipai_server\game-server\node_modules\pomelo-rpc\lib\rpc-server\acceptors\mqtt-acceptor.js:138:12)
    at Connection.<anonymous> (e:\zipai\zipai_server\game-server\node_modules\pomelo-rpc\lib\rpc-server\acceptors\mqtt-acceptor.js:62:11)
    at emitOne (events.js:96:13)
    at Connection.emit (events.js:188:7)
    at Connection.emitPacket (e:\zipai\zipai_server\game-server\node_modules\mqtt-connection\connection.js:14:8)
    at emitOne (events.js:96:13)
    at Connection.emit (events.js:188:7)
